#
# There is insufficient memory for the Java Runtime Environment to continue.
# Native memory allocation (malloc) failed to allocate 1891856 bytes for Chunk::new
# Possible reasons:
#   The system is out of physical RAM or swap space
#   The process is running with CompressedOops enabled, and the Java Heap may be blocking the growth of the native heap
# Possible solutions:
#   Reduce memory load on the system
#   Increase physical memory or swap space
#   Check if swap backing store is full
#   Decrease Java heap size (-Xmx/-Xms)
#   Decrease number of Java threads
#   Decrease Java thread stack sizes (-Xss)
#   Set larger code cache with -XX:ReservedCodeCacheSize=
#   JVM is running with Unscaled Compressed Oops mode in which the Java heap is
#     placed in the first 4GB address space. The Java Heap base address is the
#     maximum limit for the native heap growth. Please use -XX:HeapBaseMinAddress
#     to set the Java Heap base and to place the Java Heap above 4GB virtual address.
# This output file may be truncated or incomplete.
#
#  Out of Memory Error (c:/BuildAgent/work/5ff2f6c26000d570/src/hotspot/share/memory/arena.cpp:197), pid=24020, tid=11932
#
# JRE version: OpenJDK Runtime Environment (11.0.4+10) (build 11.0.4+10-b520.11)
# Java VM: OpenJDK 64-Bit Server VM (11.0.4+10-b520.11, mixed mode, sharing, tiered, compressed oops, g1 gc, windows-amd64)
# No core dump will be written. Minidumps are not enabled by default on client versions of Windows
#

---------------  S U M M A R Y ------------

Command Line: --add-opens=java.base/java.util=ALL-UNNAMED --add-opens=java.base/java.lang=ALL-UNNAMED --add-opens=java.base/java.lang.invoke=ALL-UNNAMED --add-opens=java.prefs/java.util.prefs=ALL-UNNAMED -XX:MaxMetaspaceSize=256m -XX:+HeapDumpOnOutOfMemoryError -Xms256m -Xmx512m -Dfile.encoding=windows-1252 -Duser.country=MY -Duser.language=en -Duser.variant org.gradle.launcher.daemon.bootstrap.GradleDaemon 5.5.1

Host: Intel(R) Core(TM) i5-1035G1 CPU @ 1.00GHz, 8 cores, 7G,  Windows 10 , 64 bit Build 18362 (10.0.18362.329)
Time: Mon Feb 24 21:09:38 2020 Malay Peninsula Standard Time elapsed time: 4 seconds (0d 0h 0m 4s)

---------------  T H R E A D  ---------------

Current thread (0x000002742c15e000):  JavaThread "C2 CompilerThread1" daemon [_thread_in_native, id=11932, stack(0x000000b327400000,0x000000b327500000)]


Current CompileTask:
C2:   4329 2624       4       java.net.URLClassLoader$1::run (5 bytes)

Stack: [0x000000b327400000,0x000000b327500000]
Native frames: (J=compiled Java code, j=interpreted, Vv=VM code, C=native code)
V  [jvm.dll+0x5db21a]
V  [jvm.dll+0x70c4f5]
V  [jvm.dll+0x70da18]
V  [jvm.dll+0x70e0e3]
V  [jvm.dll+0x23de68]
V  [jvm.dll+0xb926c]
V  [jvm.dll+0xb976c]
V  [jvm.dll+0x34f43d]
V  [jvm.dll+0x31d353]
V  [jvm.dll+0x31c8ea]
V  [jvm.dll+0x1f75a2]
V  [jvm.dll+0x1f6774]
V  [jvm.dll+0x17fd5c]
V  [jvm.dll+0x204ab7]
V  [jvm.dll+0x203352]
V  [jvm.dll+0x6d955f]
V  [jvm.dll+0x6d235d]
V  [jvm.dll+0x5da4f6]
C  [ucrtbase.dll+0x20e72]
C  [KERNEL32.DLL+0x17bd4]
C  [ntdll.dll+0x6ced1]


---------------  P R O C E S S  ---------------

Threads class SMR info:
_java_thread_list=0x000002742cd08230, length=25, elements={
0x0000027412716000, 0x0000027429e42800, 0x0000027429e44000, 0x0000027429e64000,
0x0000027429e68000, 0x0000027429e6a000, 0x000002742a7a0800, 0x0000027429e71800,
0x000002742a8e4000, 0x000002742a8e5800, 0x000002742b798000, 0x000002742b5bf800,
0x000002742bdf6000, 0x000002742bc5a800, 0x000002742bcbc000, 0x000002742ba9d800,
0x000002742c309000, 0x000002742c30a800, 0x000002742b7f6800, 0x000002742c2a9800,
0x000002742c15c800, 0x000002742c15d000, 0x000002742c159000, 0x000002742c15e000,
0x000002742c15e800
}

Java Threads: ( => current thread )
  0x0000027412716000 JavaThread "main" [_thread_blocked, id=10708, stack(0x000000b325100000,0x000000b325200000)]
  0x0000027429e42800 JavaThread "Reference Handler" daemon [_thread_blocked, id=27608, stack(0x000000b325800000,0x000000b325900000)]
  0x0000027429e44000 JavaThread "Finalizer" daemon [_thread_blocked, id=25944, stack(0x000000b325900000,0x000000b325a00000)]
  0x0000027429e64000 JavaThread "Signal Dispatcher" daemon [_thread_blocked, id=26872, stack(0x000000b325a00000,0x000000b325b00000)]
  0x0000027429e68000 JavaThread "Attach Listener" daemon [_thread_blocked, id=25660, stack(0x000000b325b00000,0x000000b325c00000)]
  0x0000027429e6a000 JavaThread "C2 CompilerThread0" daemon [_thread_in_native, id=24968, stack(0x000000b325c00000,0x000000b325d00000)]
  0x000002742a7a0800 JavaThread "C1 CompilerThread0" daemon [_thread_blocked, id=25036, stack(0x000000b325d00000,0x000000b325e00000)]
  0x0000027429e71800 JavaThread "Sweeper thread" daemon [_thread_blocked, id=17388, stack(0x000000b325e00000,0x000000b325f00000)]
  0x000002742a8e4000 JavaThread "Common-Cleaner" daemon [_thread_blocked, id=27052, stack(0x000000b325f00000,0x000000b326000000)]
  0x000002742a8e5800 JavaThread "Service Thread" daemon [_thread_blocked, id=27000, stack(0x000000b326000000,0x000000b326100000)]
  0x000002742b798000 JavaThread "Daemon health stats" [_thread_blocked, id=26720, stack(0x000000b326800000,0x000000b326900000)]
  0x000002742b5bf800 JavaThread "Incoming local TCP Connector on port 61009" [_thread_in_native, id=2304, stack(0x000000b326200000,0x000000b326300000)]
  0x000002742bdf6000 JavaThread "Daemon periodic checks" [_thread_blocked, id=7676, stack(0x000000b326900000,0x000000b326a00000)]
  0x000002742bc5a800 JavaThread "Daemon" [_thread_blocked, id=23264, stack(0x000000b326a00000,0x000000b326b00000)]
  0x000002742bcbc000 JavaThread "Handler for socket connection from /127.0.0.1:61009 to /127.0.0.1:61010" [_thread_in_native, id=27196, stack(0x000000b326b00000,0x000000b326c00000)]
  0x000002742ba9d800 JavaThread "Cancel handler" [_thread_blocked, id=25352, stack(0x000000b326c00000,0x000000b326d00000)]
  0x000002742c309000 JavaThread "Daemon worker" [_thread_in_vm, id=25876, stack(0x000000b326d00000,0x000000b326e00000)]
  0x000002742c30a800 JavaThread "Asynchronous log dispatcher for DefaultDaemonConnection: socket connection from /127.0.0.1:61009 to /127.0.0.1:61010" [_thread_blocked, id=27192, stack(0x000000b326e00000,0x000000b326f00000)]
  0x000002742b7f6800 JavaThread "Stdin handler" [_thread_blocked, id=27132, stack(0x000000b326f00000,0x000000b327000000)]
  0x000002742c2a9800 JavaThread "Thread-8" [_thread_blocked, id=14604, stack(0x000000b327000000,0x000000b327100000)]
  0x000002742c15c800 JavaThread "Cache worker for file hash cache (C:\Users\User\.gradle\caches\5.5.1\fileHashes)" [_thread_blocked, id=20636, stack(0x000000b327100000,0x000000b327200000)]
  0x000002742c15d000 JavaThread "File lock request listener" [_thread_in_native, id=27232, stack(0x000000b327200000,0x000000b327300000)]
  0x000002742c159000 JavaThread "Cache worker for journal cache (C:\Users\User\.gradle\caches\journal-1)" [_thread_blocked, id=13260, stack(0x000000b327300000,0x000000b327400000)]
=>0x000002742c15e000 JavaThread "C2 CompilerThread1" daemon [_thread_in_native, id=11932, stack(0x000000b327400000,0x000000b327500000)]
  0x000002742c15e800 JavaThread "Cache worker for file hash cache (C:\Users\User\Documents\CS2103T Projects\repo\duke\.gradle\5.5.1\fileHashes)" [_thread_blocked, id=26196, stack(0x000000b327500000,0x000000b327600000)]

Other Threads:
  0x0000027429e40000 VMThread "VM Thread" [stack: 0x000000b325700000,0x000000b325800000] [id=25112]
  0x000002742a8ea800 WatcherThread [stack: 0x000000b326100000,0x000000b326200000] [id=22804]
  0x000002741272f000 GCTaskThread "GC Thread#0" [stack: 0x000000b325200000,0x000000b325300000] [id=6404]
  0x000002742af0b000 GCTaskThread "GC Thread#1" [stack: 0x000000b326300000,0x000000b326400000] [id=23140]
  0x000002742b555800 GCTaskThread "GC Thread#2" [stack: 0x000000b326400000,0x000000b326500000] [id=23512]
  0x000002742b4c1800 GCTaskThread "GC Thread#3" [stack: 0x000000b326500000,0x000000b326600000] [id=5852]
  0x000002742b4a9800 GCTaskThread "GC Thread#4" [stack: 0x000000b326600000,0x000000b326700000] [id=11604]
  0x000002742b4aa000 GCTaskThread "GC Thread#5" [stack: 0x000000b326700000,0x000000b326800000] [id=25960]
  0x000002742eb97800 GCTaskThread "GC Thread#6" [stack: 0x000000b327600000,0x000000b327700000] [id=24828]
  0x000002742e88c800 GCTaskThread "GC Thread#7" [stack: 0x000000b327700000,0x000000b327800000] [id=18104]
  0x0000027412742800 ConcurrentGCThread "G1 Main Marker" [stack: 0x000000b325300000,0x000000b325400000] [id=17796]
  0x0000027412744800 ConcurrentGCThread "G1 Conc#0" [stack: 0x000000b325400000,0x000000b325500000] [id=19652]
  0x000002742eb05000 ConcurrentGCThread "G1 Conc#1" [stack: 0x000000b327800000,0x000000b327900000] [id=12480]
  0x00000274127ee000 ConcurrentGCThread "G1 Refine#0" [stack: 0x000000b325500000,0x000000b325600000] [id=7520]
  0x0000027429d02800 ConcurrentGCThread "G1 Young RemSet Sampling" [stack: 0x000000b325600000,0x000000b325700000] [id=10692]

Threads with active compile tasks:
C2 CompilerThread02625   !   4       java.net.URLClassLoader$1::run (63 bytes)
C2 CompilerThread12624       4       java.net.URLClassLoader$1::run (5 bytes)

VM state:not at safepoint (normal execution)

VM Mutex/Monitor currently owned by a thread: None

Heap address: 0x00000000e0000000, size: 512 MB, Compressed Oops mode: 32-bit
Narrow klass base: 0x0000000800000000, Narrow klass shift: 3
Compressed class space size: 260046848 Address: 0x0000000840000000

Heap:
 garbage-first heap   total 262144K, used 59699K [0x00000000e0000000, 0x0000000100000000)
  region size 1024K, 53 young (54272K), 13 survivors (13312K)
 Metaspace       used 26478K, capacity 27173K, committed 27388K, reserved 278528K
  class space    used 3592K, capacity 3797K, committed 3836K, reserved 253952K
Heap Regions: E=young(eden), S=young(survivor), O=old, HS=humongous(starts), HC=humongous(continues), CS=collection set, F=free, A=archive, TAMS=top-at-mark-start (previous, next)
|   0|0x00000000e0000000, 0x00000000e0100000, 0x00000000e0100000|100%|HS|  |TAMS 0x00000000e0000000, 0x00000000e0000000| Complete 
|   1|0x00000000e0100000, 0x00000000e0100000, 0x00000000e0200000|  0%| F|  |TAMS 0x00000000e0100000, 0x00000000e0100000| Untracked 
|   2|0x00000000e0200000, 0x00000000e0300000, 0x00000000e0300000|100%|HS|  |TAMS 0x00000000e0300000, 0x00000000e0200000| Complete 
|   3|0x00000000e0300000, 0x00000000e0400000, 0x00000000e0400000|100%|HS|  |TAMS 0x00000000e0400000, 0x00000000e0300000| Complete 
|   4|0x00000000e0400000, 0x00000000e0500000, 0x00000000e0500000|100%|HC|  |TAMS 0x00000000e0500000, 0x00000000e0400000| Complete 
|   5|0x00000000e0500000, 0x00000000e0600000, 0x00000000e0600000|100%| O|  |TAMS 0x00000000e0600000, 0x00000000e0500000| Untracked 
|   6|0x00000000e0600000, 0x00000000e068cc00, 0x00000000e0700000| 54%| O|  |TAMS 0x00000000e068cc00, 0x00000000e0600000| Untracked 
|   7|0x00000000e0700000, 0x00000000e0800000, 0x00000000e0800000|100%|HS|  |TAMS 0x00000000e0700000, 0x00000000e0700000| Complete 
|   8|0x00000000e0800000, 0x00000000e0900000, 0x00000000e0900000|100%|HC|  |TAMS 0x00000000e0800000, 0x00000000e0800000| Complete 
|   9|0x00000000e0900000, 0x00000000e0900000, 0x00000000e0a00000|  0%| F|  |TAMS 0x00000000e0900000, 0x00000000e0900000| Untracked 
|  10|0x00000000e0a00000, 0x00000000e0a00000, 0x00000000e0b00000|  0%| F|  |TAMS 0x00000000e0a00000, 0x00000000e0a00000| Untracked 
|  11|0x00000000e0b00000, 0x00000000e0b00000, 0x00000000e0c00000|  0%| F|  |TAMS 0x00000000e0b00000, 0x00000000e0b00000| Untracked 
|  12|0x00000000e0c00000, 0x00000000e0c00000, 0x00000000e0d00000|  0%| F|  |TAMS 0x00000000e0c00000, 0x00000000e0c00000| Untracked 
|  13|0x00000000e0d00000, 0x00000000e0d00000, 0x00000000e0e00000|  0%| F|  |TAMS 0x00000000e0d00000, 0x00000000e0d00000| Untracked 
|  14|0x00000000e0e00000, 0x00000000e0e00000, 0x00000000e0f00000|  0%| F|  |TAMS 0x00000000e0e00000, 0x00000000e0e00000| Untracked 
|  15|0x00000000e0f00000, 0x00000000e0f00000, 0x00000000e1000000|  0%| F|  |TAMS 0x00000000e0f00000, 0x00000000e0f00000| Untracked 
|  16|0x00000000e1000000, 0x00000000e1000000, 0x00000000e1100000|  0%| F|  |TAMS 0x00000000e1000000, 0x00000000e1000000| Untracked 
|  17|0x00000000e1100000, 0x00000000e1100000, 0x00000000e1200000|  0%| F|  |TAMS 0x00000000e1100000, 0x00000000e1100000| Untracked 
|  18|0x00000000e1200000, 0x00000000e1200000, 0x00000000e1300000|  0%| F|  |TAMS 0x00000000e1200000, 0x00000000e1200000| Untracked 
|  19|0x00000000e1300000, 0x00000000e1300000, 0x00000000e1400000|  0%| F|  |TAMS 0x00000000e1300000, 0x00000000e1300000| Untracked 
|  20|0x00000000e1400000, 0x00000000e1400000, 0x00000000e1500000|  0%| F|  |TAMS 0x00000000e1400000, 0x00000000e1400000| Untracked 
|  21|0x00000000e1500000, 0x00000000e1500000, 0x00000000e1600000|  0%| F|  |TAMS 0x00000000e1500000, 0x00000000e1500000| Untracked 
|  22|0x00000000e1600000, 0x00000000e1600000, 0x00000000e1700000|  0%| F|  |TAMS 0x00000000e1600000, 0x00000000e1600000| Untracked 
|  23|0x00000000e1700000, 0x00000000e1700000, 0x00000000e1800000|  0%| F|  |TAMS 0x00000000e1700000, 0x00000000e1700000| Untracked 
|  24|0x00000000e1800000, 0x00000000e1800000, 0x00000000e1900000|  0%| F|  |TAMS 0x00000000e1800000, 0x00000000e1800000| Untracked 
|  25|0x00000000e1900000, 0x00000000e1900000, 0x00000000e1a00000|  0%| F|  |TAMS 0x00000000e1900000, 0x00000000e1900000| Untracked 
|  26|0x00000000e1a00000, 0x00000000e1a00000, 0x00000000e1b00000|  0%| F|  |TAMS 0x00000000e1a00000, 0x00000000e1a00000| Untracked 
|  27|0x00000000e1b00000, 0x00000000e1b00000, 0x00000000e1c00000|  0%| F|  |TAMS 0x00000000e1b00000, 0x00000000e1b00000| Untracked 
|  28|0x00000000e1c00000, 0x00000000e1c00000, 0x00000000e1d00000|  0%| F|  |TAMS 0x00000000e1c00000, 0x00000000e1c00000| Untracked 
|  29|0x00000000e1d00000, 0x00000000e1d00000, 0x00000000e1e00000|  0%| F|  |TAMS 0x00000000e1d00000, 0x00000000e1d00000| Untracked 
|  30|0x00000000e1e00000, 0x00000000e1e00000, 0x00000000e1f00000|  0%| F|  |TAMS 0x00000000e1e00000, 0x00000000e1e00000| Untracked 
|  31|0x00000000e1f00000, 0x00000000e1f00000, 0x00000000e2000000|  0%| F|  |TAMS 0x00000000e1f00000, 0x00000000e1f00000| Untracked 
|  32|0x00000000e2000000, 0x00000000e2000000, 0x00000000e2100000|  0%| F|  |TAMS 0x00000000e2000000, 0x00000000e2000000| Untracked 
|  33|0x00000000e2100000, 0x00000000e2100000, 0x00000000e2200000|  0%| F|  |TAMS 0x00000000e2100000, 0x00000000e2100000| Untracked 
|  34|0x00000000e2200000, 0x00000000e2200000, 0x00000000e2300000|  0%| F|  |TAMS 0x00000000e2200000, 0x00000000e2200000| Untracked 
|  35|0x00000000e2300000, 0x00000000e2300000, 0x00000000e2400000|  0%| F|  |TAMS 0x00000000e2300000, 0x00000000e2300000| Untracked 
|  36|0x00000000e2400000, 0x00000000e2400000, 0x00000000e2500000|  0%| F|  |TAMS 0x00000000e2400000, 0x00000000e2400000| Untracked 
|  37|0x00000000e2500000, 0x00000000e2500000, 0x00000000e2600000|  0%| F|  |TAMS 0x00000000e2500000, 0x00000000e2500000| Untracked 
|  38|0x00000000e2600000, 0x00000000e2600000, 0x00000000e2700000|  0%| F|  |TAMS 0x00000000e2600000, 0x00000000e2600000| Untracked 
|  39|0x00000000e2700000, 0x00000000e2700000, 0x00000000e2800000|  0%| F|  |TAMS 0x00000000e2700000, 0x00000000e2700000| Untracked 
|  40|0x00000000e2800000, 0x00000000e2800000, 0x00000000e2900000|  0%| F|  |TAMS 0x00000000e2800000, 0x00000000e2800000| Untracked 
|  41|0x00000000e2900000, 0x00000000e2900000, 0x00000000e2a00000|  0%| F|  |TAMS 0x00000000e2900000, 0x00000000e2900000| Untracked 
|  42|0x00000000e2a00000, 0x00000000e2a00000, 0x00000000e2b00000|  0%| F|  |TAMS 0x00000000e2a00000, 0x00000000e2a00000| Untracked 
|  43|0x00000000e2b00000, 0x00000000e2b00000, 0x00000000e2c00000|  0%| F|  |TAMS 0x00000000e2b00000, 0x00000000e2b00000| Untracked 
|  44|0x00000000e2c00000, 0x00000000e2c00000, 0x00000000e2d00000|  0%| F|  |TAMS 0x00000000e2c00000, 0x00000000e2c00000| Untracked 
|  45|0x00000000e2d00000, 0x00000000e2d00000, 0x00000000e2e00000|  0%| F|  |TAMS 0x00000000e2d00000, 0x00000000e2d00000| Untracked 
|  46|0x00000000e2e00000, 0x00000000e2e00000, 0x00000000e2f00000|  0%| F|  |TAMS 0x00000000e2e00000, 0x00000000e2e00000| Untracked 
|  47|0x00000000e2f00000, 0x00000000e2f00000, 0x00000000e3000000|  0%| F|  |TAMS 0x00000000e2f00000, 0x00000000e2f00000| Untracked 
|  48|0x00000000e3000000, 0x00000000e3000000, 0x00000000e3100000|  0%| F|  |TAMS 0x00000000e3000000, 0x00000000e3000000| Untracked 
|  49|0x00000000e3100000, 0x00000000e3100000, 0x00000000e3200000|  0%| F|  |TAMS 0x00000000e3100000, 0x00000000e3100000| Untracked 
|  50|0x00000000e3200000, 0x00000000e3200000, 0x00000000e3300000|  0%| F|  |TAMS 0x00000000e3200000, 0x00000000e3200000| Untracked 
|  51|0x00000000e3300000, 0x00000000e3300000, 0x00000000e3400000|  0%| F|  |TAMS 0x00000000e3300000, 0x00000000e3300000| Untracked 
|  52|0x00000000e3400000, 0x00000000e3400000, 0x00000000e3500000|  0%| F|  |TAMS 0x00000000e3400000, 0x00000000e3400000| Untracked 
|  53|0x00000000e3500000, 0x00000000e3500000, 0x00000000e3600000|  0%| F|  |TAMS 0x00000000e3500000, 0x00000000e3500000| Untracked 
|  54|0x00000000e3600000, 0x00000000e3600000, 0x00000000e3700000|  0%| F|  |TAMS 0x00000000e3600000, 0x00000000e3600000| Untracked 
|  55|0x00000000e3700000, 0x00000000e3700000, 0x00000000e3800000|  0%| F|  |TAMS 0x00000000e3700000, 0x00000000e3700000| Untracked 
|  56|0x00000000e3800000, 0x00000000e3800000, 0x00000000e3900000|  0%| F|  |TAMS 0x00000000e3800000, 0x00000000e3800000| Untracked 
|  57|0x00000000e3900000, 0x00000000e3900000, 0x00000000e3a00000|  0%| F|  |TAMS 0x00000000e3900000, 0x00000000e3900000| Untracked 
|  58|0x00000000e3a00000, 0x00000000e3a00000, 0x00000000e3b00000|  0%| F|  |TAMS 0x00000000e3a00000, 0x00000000e3a00000| Untracked 
|  59|0x00000000e3b00000, 0x00000000e3b00000, 0x00000000e3c00000|  0%| F|  |TAMS 0x00000000e3b00000, 0x00000000e3b00000| Untracked 
|  60|0x00000000e3c00000, 0x00000000e3c00000, 0x00000000e3d00000|  0%| F|  |TAMS 0x00000000e3c00000, 0x00000000e3c00000| Untracked 
|  61|0x00000000e3d00000, 0x00000000e3d00000, 0x00000000e3e00000|  0%| F|  |TAMS 0x00000000e3d00000, 0x00000000e3d00000| Untracked 
|  62|0x00000000e3e00000, 0x00000000e3e00000, 0x00000000e3f00000|  0%| F|  |TAMS 0x00000000e3e00000, 0x00000000e3e00000| Untracked 
|  63|0x00000000e3f00000, 0x00000000e3f00000, 0x00000000e4000000|  0%| F|  |TAMS 0x00000000e3f00000, 0x00000000e3f00000| Untracked 
|  64|0x00000000e4000000, 0x00000000e4000000, 0x00000000e4100000|  0%| F|  |TAMS 0x00000000e4000000, 0x00000000e4000000| Untracked 
|  65|0x00000000e4100000, 0x00000000e4100000, 0x00000000e4200000|  0%| F|  |TAMS 0x00000000e4100000, 0x00000000e4100000| Untracked 
|  66|0x00000000e4200000, 0x00000000e4200000, 0x00000000e4300000|  0%| F|  |TAMS 0x00000000e4200000, 0x00000000e4200000| Untracked 
|  67|0x00000000e4300000, 0x00000000e4300000, 0x00000000e4400000|  0%| F|  |TAMS 0x00000000e4300000, 0x00000000e4300000| Untracked 
|  68|0x00000000e4400000, 0x00000000e4400000, 0x00000000e4500000|  0%| F|  |TAMS 0x00000000e4400000, 0x00000000e4400000| Untracked 
|  69|0x00000000e4500000, 0x00000000e4500000, 0x00000000e4600000|  0%| F|  |TAMS 0x00000000e4500000, 0x00000000e4500000| Untracked 
|  70|0x00000000e4600000, 0x00000000e4600000, 0x00000000e4700000|  0%| F|  |TAMS 0x00000000e4600000, 0x00000000e4600000| Untracked 
|  71|0x00000000e4700000, 0x00000000e4700000, 0x00000000e4800000|  0%| F|  |TAMS 0x00000000e4700000, 0x00000000e4700000| Untracked 
|  72|0x00000000e4800000, 0x00000000e4800000, 0x00000000e4900000|  0%| F|  |TAMS 0x00000000e4800000, 0x00000000e4800000| Untracked 
|  73|0x00000000e4900000, 0x00000000e4900000, 0x00000000e4a00000|  0%| F|  |TAMS 0x00000000e4900000, 0x00000000e4900000| Untracked 
|  74|0x00000000e4a00000, 0x00000000e4a00000, 0x00000000e4b00000|  0%| F|  |TAMS 0x00000000e4a00000, 0x00000000e4a00000| Untracked 
|  75|0x00000000e4b00000, 0x00000000e4b00000, 0x00000000e4c00000|  0%| F|  |TAMS 0x00000000e4b00000, 0x00000000e4b00000| Untracked 
|  76|0x00000000e4c00000, 0x00000000e4c00000, 0x00000000e4d00000|  0%| F|  |TAMS 0x00000000e4c00000, 0x00000000e4c00000| Untracked 
|  77|0x00000000e4d00000, 0x00000000e4d00000, 0x00000000e4e00000|  0%| F|  |TAMS 0x00000000e4d00000, 0x00000000e4d00000| Untracked 
|  78|0x00000000e4e00000, 0x00000000e4e00000, 0x00000000e4f00000|  0%| F|  |TAMS 0x00000000e4e00000, 0x00000000e4e00000| Untracked 
|  79|0x00000000e4f00000, 0x00000000e4f00000, 0x00000000e5000000|  0%| F|  |TAMS 0x00000000e4f00000, 0x00000000e4f00000| Untracked 
|  80|0x00000000e5000000, 0x00000000e5000000, 0x00000000e5100000|  0%| F|  |TAMS 0x00000000e5000000, 0x00000000e5000000| Untracked 
|  81|0x00000000e5100000, 0x00000000e5100000, 0x00000000e5200000|  0%| F|  |TAMS 0x00000000e5100000, 0x00000000e5100000| Untracked 
|  82|0x00000000e5200000, 0x00000000e5200000, 0x00000000e5300000|  0%| F|  |TAMS 0x00000000e5200000, 0x00000000e5200000| Untracked 
|  83|0x00000000e5300000, 0x00000000e5300000, 0x00000000e5400000|  0%| F|  |TAMS 0x00000000e5300000, 0x00000000e5300000| Untracked 
|  84|0x00000000e5400000, 0x00000000e5400000, 0x00000000e5500000|  0%| F|  |TAMS 0x00000000e5400000, 0x00000000e5400000| Untracked 
|  85|0x00000000e5500000, 0x00000000e5500000, 0x00000000e5600000|  0%| F|  |TAMS 0x00000000e5500000, 0x00000000e5500000| Untracked 
|  86|0x00000000e5600000, 0x00000000e5600000, 0x00000000e5700000|  0%| F|  |TAMS 0x00000000e5600000, 0x00000000e5600000| Untracked 
|  87|0x00000000e5700000, 0x00000000e5700000, 0x00000000e5800000|  0%| F|  |TAMS 0x00000000e5700000, 0x00000000e5700000| Untracked 
|  88|0x00000000e5800000, 0x00000000e5800000, 0x00000000e5900000|  0%| F|  |TAMS 0x00000000e5800000, 0x00000000e5800000| Untracked 
|  89|0x00000000e5900000, 0x00000000e5900000, 0x00000000e5a00000|  0%| F|  |TAMS 0x00000000e5900000, 0x00000000e5900000| Untracked 
|  90|0x00000000e5a00000, 0x00000000e5a00000, 0x00000000e5b00000|  0%| F|  |TAMS 0x00000000e5a00000, 0x00000000e5a00000| Untracked 
|  91|0x00000000e5b00000, 0x00000000e5b00000, 0x00000000e5c00000|  0%| F|  |TAMS 0x00000000e5b00000, 0x00000000e5b00000| Untracked 
|  92|0x00000000e5c00000, 0x00000000e5c00000, 0x00000000e5d00000|  0%| F|  |TAMS 0x00000000e5c00000, 0x00000000e5c00000| Untracked 
|  93|0x00000000e5d00000, 0x00000000e5d00000, 0x00000000e5e00000|  0%| F|  |TAMS 0x00000000e5d00000, 0x00000000e5d00000| Untracked 
|  94|0x00000000e5e00000, 0x00000000e5e00000, 0x00000000e5f00000|  0%| F|  |TAMS 0x00000000e5e00000, 0x00000000e5e00000| Untracked 
|  95|0x00000000e5f00000, 0x00000000e5f00000, 0x00000000e6000000|  0%| F|  |TAMS 0x00000000e5f00000, 0x00000000e5f00000| Untracked 
|  96|0x00000000e6000000, 0x00000000e6000000, 0x00000000e6100000|  0%| F|  |TAMS 0x00000000e6000000, 0x00000000e6000000| Untracked 
|  97|0x00000000e6100000, 0x00000000e6100000, 0x00000000e6200000|  0%| F|  |TAMS 0x00000000e6100000, 0x00000000e6100000| Untracked 
|  98|0x00000000e6200000, 0x00000000e6200000, 0x00000000e6300000|  0%| F|  |TAMS 0x00000000e6200000, 0x00000000e6200000| Untracked 
|  99|0x00000000e6300000, 0x00000000e6300000, 0x00000000e6400000|  0%| F|  |TAMS 0x00000000e6300000, 0x00000000e6300000| Untracked 
| 100|0x00000000e6400000, 0x00000000e6400000, 0x00000000e6500000|  0%| F|  |TAMS 0x00000000e6400000, 0x00000000e6400000| Untracked 
| 101|0x00000000e6500000, 0x00000000e6500000, 0x00000000e6600000|  0%| F|  |TAMS 0x00000000e6500000, 0x00000000e6500000| Untracked 
| 102|0x00000000e6600000, 0x00000000e6600000, 0x00000000e6700000|  0%| F|  |TAMS 0x00000000e6600000, 0x00000000e6600000| Untracked 
| 103|0x00000000e6700000, 0x00000000e6700000, 0x00000000e6800000|  0%| F|  |TAMS 0x00000000e6700000, 0x00000000e6700000| Untracked 
| 104|0x00000000e6800000, 0x00000000e6800000, 0x00000000e6900000|  0%| F|  |TAMS 0x00000000e6800000, 0x00000000e6800000| Untracked 
| 105|0x00000000e6900000, 0x00000000e6900000, 0x00000000e6a00000|  0%| F|  |TAMS 0x00000000e6900000, 0x00000000e6900000| Untracked 
| 106|0x00000000e6a00000, 0x00000000e6a00000, 0x00000000e6b00000|  0%| F|  |TAMS 0x00000000e6a00000, 0x00000000e6a00000| Untracked 
| 107|0x00000000e6b00000, 0x00000000e6b00000, 0x00000000e6c00000|  0%| F|  |TAMS 0x00000000e6b00000, 0x00000000e6b00000| Untracked 
| 108|0x00000000e6c00000, 0x00000000e6c00000, 0x00000000e6d00000|  0%| F|  |TAMS 0x00000000e6c00000, 0x00000000e6c00000| Untracked 
| 109|0x00000000e6d00000, 0x00000000e6d00000, 0x00000000e6e00000|  0%| F|  |TAMS 0x00000000e6d00000, 0x00000000e6d00000| Untracked 
| 110|0x00000000e6e00000, 0x00000000e6e00000, 0x00000000e6f00000|  0%| F|  |TAMS 0x00000000e6e00000, 0x00000000e6e00000| Untracked 
| 111|0x00000000e6f00000, 0x00000000e6f00000, 0x00000000e7000000|  0%| F|  |TAMS 0x00000000e6f00000, 0x00000000e6f00000| Untracked 
| 112|0x00000000e7000000, 0x00000000e7000000, 0x00000000e7100000|  0%| F|  |TAMS 0x00000000e7000000, 0x00000000e7000000| Untracked 
| 113|0x00000000e7100000, 0x00000000e7100000, 0x00000000e7200000|  0%| F|  |TAMS 0x00000000e7100000, 0x00000000e7100000| Untracked 
| 114|0x00000000e7200000, 0x00000000e7200000, 0x00000000e7300000|  0%| F|  |TAMS 0x00000000e7200000, 0x00000000e7200000| Untracked 
| 115|0x00000000e7300000, 0x00000000e7300000, 0x00000000e7400000|  0%| F|  |TAMS 0x00000000e7300000, 0x00000000e7300000| Untracked 
| 116|0x00000000e7400000, 0x00000000e7400000, 0x00000000e7500000|  0%| F|  |TAMS 0x00000000e7400000, 0x00000000e7400000| Untracked 
| 117|0x00000000e7500000, 0x00000000e7500000, 0x00000000e7600000|  0%| F|  |TAMS 0x00000000e7500000, 0x00000000e7500000| Untracked 
| 118|0x00000000e7600000, 0x00000000e7600000, 0x00000000e7700000|  0%| F|  |TAMS 0x00000000e7600000, 0x00000000e7600000| Untracked 
| 119|0x00000000e7700000, 0x00000000e7700000, 0x00000000e7800000|  0%| F|  |TAMS 0x00000000e7700000, 0x00000000e7700000| Untracked 
| 120|0x00000000e7800000, 0x00000000e7800000, 0x00000000e7900000|  0%| F|  |TAMS 0x00000000e7800000, 0x00000000e7800000| Untracked 
| 121|0x00000000e7900000, 0x00000000e7900000, 0x00000000e7a00000|  0%| F|  |TAMS 0x00000000e7900000, 0x00000000e7900000| Untracked 
| 122|0x00000000e7a00000, 0x00000000e7ac03c8, 0x00000000e7b00000| 75%| S|CS|TAMS 0x00000000e7a00000, 0x00000000e7a00000| Complete 
| 123|0x00000000e7b00000, 0x00000000e7c00000, 0x00000000e7c00000|100%| S|CS|TAMS 0x00000000e7b00000, 0x00000000e7b00000| Complete 
| 124|0x00000000e7c00000, 0x00000000e7d00000, 0x00000000e7d00000|100%| S|CS|TAMS 0x00000000e7c00000, 0x00000000e7c00000| Complete 
| 125|0x00000000e7d00000, 0x00000000e7e00000, 0x00000000e7e00000|100%| S|CS|TAMS 0x00000000e7d00000, 0x00000000e7d00000| Complete 
| 126|0x00000000e7e00000, 0x00000000e7f00000, 0x00000000e7f00000|100%| S|CS|TAMS 0x00000000e7e00000, 0x00000000e7e00000| Complete 
| 127|0x00000000e7f00000, 0x00000000e8000000, 0x00000000e8000000|100%| S|CS|TAMS 0x00000000e7f00000, 0x00000000e7f00000| Complete 
| 128|0x00000000e8000000, 0x00000000e8100000, 0x00000000e8100000|100%| S|CS|TAMS 0x00000000e8000000, 0x00000000e8000000| Complete 
| 129|0x00000000e8100000, 0x00000000e8200000, 0x00000000e8200000|100%| S|CS|TAMS 0x00000000e8100000, 0x00000000e8100000| Complete 
| 130|0x00000000e8200000, 0x00000000e8300000, 0x00000000e8300000|100%| S|CS|TAMS 0x00000000e8200000, 0x00000000e8200000| Complete 
| 131|0x00000000e8300000, 0x00000000e8400000, 0x00000000e8400000|100%| S|CS|TAMS 0x00000000e8300000, 0x00000000e8300000| Complete 
| 132|0x00000000e8400000, 0x00000000e8500000, 0x00000000e8500000|100%| S|CS|TAMS 0x00000000e8400000, 0x00000000e8400000| Complete 
| 133|0x00000000e8500000, 0x00000000e8600000, 0x00000000e8600000|100%| S|CS|TAMS 0x00000000e8500000, 0x00000000e8500000| Complete 
| 134|0x00000000e8600000, 0x00000000e8700000, 0x00000000e8700000|100%| S|CS|TAMS 0x00000000e8600000, 0x00000000e8600000| Complete 
| 135|0x00000000e8700000, 0x00000000e8700000, 0x00000000e8800000|  0%| F|  |TAMS 0x00000000e8700000, 0x00000000e8700000| Untracked 
| 136|0x00000000e8800000, 0x00000000e8800000, 0x00000000e8900000|  0%| F|  |TAMS 0x00000000e8800000, 0x00000000e8800000| Untracked 
| 137|0x00000000e8900000, 0x00000000e8900000, 0x00000000e8a00000|  0%| F|  |TAMS 0x00000000e8900000, 0x00000000e8900000| Untracked 
| 138|0x00000000e8a00000, 0x00000000e8a00000, 0x00000000e8b00000|  0%| F|  |TAMS 0x00000000e8a00000, 0x00000000e8a00000| Untracked 
| 139|0x00000000e8b00000, 0x00000000e8b00000, 0x00000000e8c00000|  0%| F|  |TAMS 0x00000000e8b00000, 0x00000000e8b00000| Untracked 
| 140|0x00000000e8c00000, 0x00000000e8c00000, 0x00000000e8d00000|  0%| F|  |TAMS 0x00000000e8c00000, 0x00000000e8c00000| Untracked 
| 141|0x00000000e8d00000, 0x00000000e8d00000, 0x00000000e8e00000|  0%| F|  |TAMS 0x00000000e8d00000, 0x00000000e8d00000| Untracked 
| 142|0x00000000e8e00000, 0x00000000e8e00000, 0x00000000e8f00000|  0%| F|  |TAMS 0x00000000e8e00000, 0x00000000e8e00000| Untracked 
| 143|0x00000000e8f00000, 0x00000000e8f00000, 0x00000000e9000000|  0%| F|  |TAMS 0x00000000e8f00000, 0x00000000e8f00000| Untracked 
| 144|0x00000000e9000000, 0x00000000e9000000, 0x00000000e9100000|  0%| F|  |TAMS 0x00000000e9000000, 0x00000000e9000000| Untracked 
| 145|0x00000000e9100000, 0x00000000e9100000, 0x00000000e9200000|  0%| F|  |TAMS 0x00000000e9100000, 0x00000000e9100000| Untracked 
| 146|0x00000000e9200000, 0x00000000e9200000, 0x00000000e9300000|  0%| F|  |TAMS 0x00000000e9200000, 0x00000000e9200000| Untracked 
| 147|0x00000000e9300000, 0x00000000e9300000, 0x00000000e9400000|  0%| F|  |TAMS 0x00000000e9300000, 0x00000000e9300000| Untracked 
| 148|0x00000000e9400000, 0x00000000e9400000, 0x00000000e9500000|  0%| F|  |TAMS 0x00000000e9400000, 0x00000000e9400000| Untracked 
| 149|0x00000000e9500000, 0x00000000e9500000, 0x00000000e9600000|  0%| F|  |TAMS 0x00000000e9500000, 0x00000000e9500000| Untracked 
| 150|0x00000000e9600000, 0x00000000e9600000, 0x00000000e9700000|  0%| F|  |TAMS 0x00000000e9600000, 0x00000000e9600000| Untracked 
| 151|0x00000000e9700000, 0x00000000e9700000, 0x00000000e9800000|  0%| F|  |TAMS 0x00000000e9700000, 0x00000000e9700000| Untracked 
| 152|0x00000000e9800000, 0x00000000e9800000, 0x00000000e9900000|  0%| F|  |TAMS 0x00000000e9800000, 0x00000000e9800000| Untracked 
| 153|0x00000000e9900000, 0x00000000e9900000, 0x00000000e9a00000|  0%| F|  |TAMS 0x00000000e9900000, 0x00000000e9900000| Untracked 
| 154|0x00000000e9a00000, 0x00000000e9a00000, 0x00000000e9b00000|  0%| F|  |TAMS 0x00000000e9a00000, 0x00000000e9a00000| Untracked 
| 155|0x00000000e9b00000, 0x00000000e9b00000, 0x00000000e9c00000|  0%| F|  |TAMS 0x00000000e9b00000, 0x00000000e9b00000| Untracked 
| 156|0x00000000e9c00000, 0x00000000e9c00000, 0x00000000e9d00000|  0%| F|  |TAMS 0x00000000e9c00000, 0x00000000e9c00000| Untracked 
| 157|0x00000000e9d00000, 0x00000000e9d00000, 0x00000000e9e00000|  0%| F|  |TAMS 0x00000000e9d00000, 0x00000000e9d00000| Untracked 
| 158|0x00000000e9e00000, 0x00000000e9e00000, 0x00000000e9f00000|  0%| F|  |TAMS 0x00000000e9e00000, 0x00000000e9e00000| Untracked 
| 159|0x00000000e9f00000, 0x00000000e9f00000, 0x00000000ea000000|  0%| F|  |TAMS 0x00000000e9f00000, 0x00000000e9f00000| Untracked 
| 160|0x00000000ea000000, 0x00000000ea000000, 0x00000000ea100000|  0%| F|  |TAMS 0x00000000ea000000, 0x00000000ea000000| Untracked 
| 161|0x00000000ea100000, 0x00000000ea100000, 0x00000000ea200000|  0%| F|  |TAMS 0x00000000ea100000, 0x00000000ea100000| Untracked 
| 162|0x00000000ea200000, 0x00000000ea200000, 0x00000000ea300000|  0%| F|  |TAMS 0x00000000ea200000, 0x00000000ea200000| Untracked 
| 163|0x00000000ea300000, 0x00000000ea300000, 0x00000000ea400000|  0%| F|  |TAMS 0x00000000ea300000, 0x00000000ea300000| Untracked 
| 164|0x00000000ea400000, 0x00000000ea400000, 0x00000000ea500000|  0%| F|  |TAMS 0x00000000ea400000, 0x00000000ea400000| Untracked 
| 165|0x00000000ea500000, 0x00000000ea500000, 0x00000000ea600000|  0%| F|  |TAMS 0x00000000ea500000, 0x00000000ea500000| Untracked 
| 166|0x00000000ea600000, 0x00000000ea600000, 0x00000000ea700000|  0%| F|  |TAMS 0x00000000ea600000, 0x00000000ea600000| Untracked 
| 167|0x00000000ea700000, 0x00000000ea700000, 0x00000000ea800000|  0%| F|  |TAMS 0x00000000ea700000, 0x00000000ea700000| Untracked 
| 168|0x00000000ea800000, 0x00000000ea800000, 0x00000000ea900000|  0%| F|  |TAMS 0x00000000ea800000, 0x00000000ea800000| Untracked 
| 169|0x00000000ea900000, 0x00000000ea900000, 0x00000000eaa00000|  0%| F|  |TAMS 0x00000000ea900000, 0x00000000ea900000| Untracked 
| 170|0x00000000eaa00000, 0x00000000eaa00000, 0x00000000eab00000|  0%| F|  |TAMS 0x00000000eaa00000, 0x00000000eaa00000| Untracked 
| 171|0x00000000eab00000, 0x00000000eab00000, 0x00000000eac00000|  0%| F|  |TAMS 0x00000000eab00000, 0x00000000eab00000| Untracked 
| 172|0x00000000eac00000, 0x00000000eac00000, 0x00000000ead00000|  0%| F|  |TAMS 0x00000000eac00000, 0x00000000eac00000| Untracked 
| 173|0x00000000ead00000, 0x00000000ead00000, 0x00000000eae00000|  0%| F|  |TAMS 0x00000000ead00000, 0x00000000ead00000| Untracked 
| 174|0x00000000eae00000, 0x00000000eae00000, 0x00000000eaf00000|  0%| F|  |TAMS 0x00000000eae00000, 0x00000000eae00000| Untracked 
| 175|0x00000000eaf00000, 0x00000000eaf00000, 0x00000000eb000000|  0%| F|  |TAMS 0x00000000eaf00000, 0x00000000eaf00000| Untracked 
| 176|0x00000000eb000000, 0x00000000eb000000, 0x00000000eb100000|  0%| F|  |TAMS 0x00000000eb000000, 0x00000000eb000000| Untracked 
| 177|0x00000000eb100000, 0x00000000eb100000, 0x00000000eb200000|  0%| F|  |TAMS 0x00000000eb100000, 0x00000000eb100000| Untracked 
| 178|0x00000000eb200000, 0x00000000eb200000, 0x00000000eb300000|  0%| F|  |TAMS 0x00000000eb200000, 0x00000000eb200000| Untracked 
| 179|0x00000000eb300000, 0x00000000eb300000, 0x00000000eb400000|  0%| F|  |TAMS 0x00000000eb300000, 0x00000000eb300000| Untracked 
| 180|0x00000000eb400000, 0x00000000eb400000, 0x00000000eb500000|  0%| F|  |TAMS 0x00000000eb400000, 0x00000000eb400000| Untracked 
| 181|0x00000000eb500000, 0x00000000eb500000, 0x00000000eb600000|  0%| F|  |TAMS 0x00000000eb500000, 0x00000000eb500000| Untracked 
| 182|0x00000000eb600000, 0x00000000eb600000, 0x00000000eb700000|  0%| F|  |TAMS 0x00000000eb600000, 0x00000000eb600000| Untracked 
| 183|0x00000000eb700000, 0x00000000eb700000, 0x00000000eb800000|  0%| F|  |TAMS 0x00000000eb700000, 0x00000000eb700000| Untracked 
| 184|0x00000000eb800000, 0x00000000eb800000, 0x00000000eb900000|  0%| F|  |TAMS 0x00000000eb800000, 0x00000000eb800000| Untracked 
| 185|0x00000000eb900000, 0x00000000eb900000, 0x00000000eba00000|  0%| F|  |TAMS 0x00000000eb900000, 0x00000000eb900000| Untracked 
| 186|0x00000000eba00000, 0x00000000eba00000, 0x00000000ebb00000|  0%| F|  |TAMS 0x00000000eba00000, 0x00000000eba00000| Untracked 
| 187|0x00000000ebb00000, 0x00000000ebb00000, 0x00000000ebc00000|  0%| F|  |TAMS 0x00000000ebb00000, 0x00000000ebb00000| Untracked 
| 188|0x00000000ebc00000, 0x00000000ebc00000, 0x00000000ebd00000|  0%| F|  |TAMS 0x00000000ebc00000, 0x00000000ebc00000| Untracked 
| 189|0x00000000ebd00000, 0x00000000ebd00000, 0x00000000ebe00000|  0%| F|  |TAMS 0x00000000ebd00000, 0x00000000ebd00000| Untracked 
| 190|0x00000000ebe00000, 0x00000000ebe00000, 0x00000000ebf00000|  0%| F|  |TAMS 0x00000000ebe00000, 0x00000000ebe00000| Untracked 
| 191|0x00000000ebf00000, 0x00000000ebf00000, 0x00000000ec000000|  0%| F|  |TAMS 0x00000000ebf00000, 0x00000000ebf00000| Untracked 
| 192|0x00000000ec000000, 0x00000000ec000000, 0x00000000ec100000|  0%| F|  |TAMS 0x00000000ec000000, 0x00000000ec000000| Untracked 
| 193|0x00000000ec100000, 0x00000000ec100000, 0x00000000ec200000|  0%| F|  |TAMS 0x00000000ec100000, 0x00000000ec100000| Untracked 
| 194|0x00000000ec200000, 0x00000000ec200000, 0x00000000ec300000|  0%| F|  |TAMS 0x00000000ec200000, 0x00000000ec200000| Untracked 
| 195|0x00000000ec300000, 0x00000000ec300000, 0x00000000ec400000|  0%| F|  |TAMS 0x00000000ec300000, 0x00000000ec300000| Untracked 
| 196|0x00000000ec400000, 0x00000000ec400000, 0x00000000ec500000|  0%| F|  |TAMS 0x00000000ec400000, 0x00000000ec400000| Untracked 
| 197|0x00000000ec500000, 0x00000000ec500000, 0x00000000ec600000|  0%| F|  |TAMS 0x00000000ec500000, 0x00000000ec500000| Untracked 
| 198|0x00000000ec600000, 0x00000000ec600000, 0x00000000ec700000|  0%| F|  |TAMS 0x00000000ec600000, 0x00000000ec600000| Untracked 
| 199|0x00000000ec700000, 0x00000000ec700000, 0x00000000ec800000|  0%| F|  |TAMS 0x00000000ec700000, 0x00000000ec700000| Untracked 
| 200|0x00000000ec800000, 0x00000000ec800000, 0x00000000ec900000|  0%| F|  |TAMS 0x00000000ec800000, 0x00000000ec800000| Untracked 
| 201|0x00000000ec900000, 0x00000000ec900000, 0x00000000eca00000|  0%| F|  |TAMS 0x00000000ec900000, 0x00000000ec900000| Untracked 
| 202|0x00000000eca00000, 0x00000000eca00000, 0x00000000ecb00000|  0%| F|  |TAMS 0x00000000eca00000, 0x00000000eca00000| Untracked 
| 203|0x00000000ecb00000, 0x00000000ecb00000, 0x00000000ecc00000|  0%| F|  |TAMS 0x00000000ecb00000, 0x00000000ecb00000| Untracked 
| 204|0x00000000ecc00000, 0x00000000ecc00000, 0x00000000ecd00000|  0%| F|  |TAMS 0x00000000ecc00000, 0x00000000ecc00000| Untracked 
| 205|0x00000000ecd00000, 0x00000000ecd00000, 0x00000000ece00000|  0%| F|  |TAMS 0x00000000ecd00000, 0x00000000ecd00000| Untracked 
| 206|0x00000000ece00000, 0x00000000ece00000, 0x00000000ecf00000|  0%| F|  |TAMS 0x00000000ece00000, 0x00000000ece00000| Untracked 
| 207|0x00000000ecf00000, 0x00000000ecf00000, 0x00000000ed000000|  0%| F|  |TAMS 0x00000000ecf00000, 0x00000000ecf00000| Untracked 
| 208|0x00000000ed000000, 0x00000000ed000000, 0x00000000ed100000|  0%| F|  |TAMS 0x00000000ed000000, 0x00000000ed000000| Untracked 
| 209|0x00000000ed100000, 0x00000000ed100000, 0x00000000ed200000|  0%| F|  |TAMS 0x00000000ed100000, 0x00000000ed100000| Untracked 
| 210|0x00000000ed200000, 0x00000000ed200000, 0x00000000ed300000|  0%| F|  |TAMS 0x00000000ed200000, 0x00000000ed200000| Untracked 
| 211|0x00000000ed300000, 0x00000000ed300000, 0x00000000ed400000|  0%| F|  |TAMS 0x00000000ed300000, 0x00000000ed300000| Untracked 
| 212|0x00000000ed400000, 0x00000000ed400000, 0x00000000ed500000|  0%| F|  |TAMS 0x00000000ed400000, 0x00000000ed400000| Untracked 
| 213|0x00000000ed500000, 0x00000000ed500000, 0x00000000ed600000|  0%| F|  |TAMS 0x00000000ed500000, 0x00000000ed500000| Untracked 
| 214|0x00000000ed600000, 0x00000000ed600000, 0x00000000ed700000|  0%| F|  |TAMS 0x00000000ed600000, 0x00000000ed600000| Untracked 
| 215|0x00000000ed700000, 0x00000000ed700000, 0x00000000ed800000|  0%| F|  |TAMS 0x00000000ed700000, 0x00000000ed700000| Untracked 
| 216|0x00000000ed800000, 0x00000000ed88a578, 0x00000000ed900000| 54%| E|  |TAMS 0x00000000ed800000, 0x00000000ed800000| Complete 
| 217|0x00000000ed900000, 0x00000000eda00000, 0x00000000eda00000|100%| E|CS|TAMS 0x00000000ed900000, 0x00000000ed900000| Complete 
| 218|0x00000000eda00000, 0x00000000edb00000, 0x00000000edb00000|100%| E|CS|TAMS 0x00000000eda00000, 0x00000000eda00000| Complete 
| 219|0x00000000edb00000, 0x00000000edc00000, 0x00000000edc00000|100%| E|CS|TAMS 0x00000000edb00000, 0x00000000edb00000| Complete 
| 220|0x00000000edc00000, 0x00000000edd00000, 0x00000000edd00000|100%| E|CS|TAMS 0x00000000edc00000, 0x00000000edc00000| Complete 
| 221|0x00000000edd00000, 0x00000000ede00000, 0x00000000ede00000|100%| E|CS|TAMS 0x00000000edd00000, 0x00000000edd00000| Complete 
| 222|0x00000000ede00000, 0x00000000edf00000, 0x00000000edf00000|100%| E|CS|TAMS 0x00000000ede00000, 0x00000000ede00000| Complete 
| 223|0x00000000edf00000, 0x00000000ee000000, 0x00000000ee000000|100%| E|CS|TAMS 0x00000000edf00000, 0x00000000edf00000| Complete 
| 224|0x00000000ee000000, 0x00000000ee100000, 0x00000000ee100000|100%| E|CS|TAMS 0x00000000ee000000, 0x00000000ee000000| Complete 
| 225|0x00000000ee100000, 0x00000000ee200000, 0x00000000ee200000|100%| E|CS|TAMS 0x00000000ee100000, 0x00000000ee100000| Complete 
| 226|0x00000000ee200000, 0x00000000ee300000, 0x00000000ee300000|100%| E|CS|TAMS 0x00000000ee200000, 0x00000000ee200000| Complete 
| 227|0x00000000ee300000, 0x00000000ee400000, 0x00000000ee400000|100%| E|CS|TAMS 0x00000000ee300000, 0x00000000ee300000| Complete 
| 228|0x00000000ee400000, 0x00000000ee500000, 0x00000000ee500000|100%| E|CS|TAMS 0x00000000ee400000, 0x00000000ee400000| Complete 
| 229|0x00000000ee500000, 0x00000000ee600000, 0x00000000ee600000|100%| E|CS|TAMS 0x00000000ee500000, 0x00000000ee500000| Complete 
| 230|0x00000000ee600000, 0x00000000ee700000, 0x00000000ee700000|100%| E|CS|TAMS 0x00000000ee600000, 0x00000000ee600000| Complete 
| 231|0x00000000ee700000, 0x00000000ee800000, 0x00000000ee800000|100%| E|CS|TAMS 0x00000000ee700000, 0x00000000ee700000| Complete 
| 232|0x00000000ee800000, 0x00000000ee900000, 0x00000000ee900000|100%| E|CS|TAMS 0x00000000ee800000, 0x00000000ee800000| Complete 
| 233|0x00000000ee900000, 0x00000000eea00000, 0x00000000eea00000|100%| E|CS|TAMS 0x00000000ee900000, 0x00000000ee900000| Complete 
| 234|0x00000000eea00000, 0x00000000eeb00000, 0x00000000eeb00000|100%| E|CS|TAMS 0x00000000eea00000, 0x00000000eea00000| Complete 
| 235|0x00000000eeb00000, 0x00000000eec00000, 0x00000000eec00000|100%| E|CS|TAMS 0x00000000eeb00000, 0x00000000eeb00000| Complete 
| 236|0x00000000eec00000, 0x00000000eed00000, 0x00000000eed00000|100%| E|CS|TAMS 0x00000000eec00000, 0x00000000eec00000| Complete 
| 237|0x00000000eed00000, 0x00000000eee00000, 0x00000000eee00000|100%| E|CS|TAMS 0x00000000eed00000, 0x00000000eed00000| Complete 
| 238|0x00000000eee00000, 0x00000000eef00000, 0x00000000eef00000|100%| E|CS|TAMS 0x00000000eee00000, 0x00000000eee00000| Complete 
| 239|0x00000000eef00000, 0x00000000ef000000, 0x00000000ef000000|100%| E|CS|TAMS 0x00000000eef00000, 0x00000000eef00000| Complete 
| 240|0x00000000ef000000, 0x00000000ef100000, 0x00000000ef100000|100%| E|CS|TAMS 0x00000000ef000000, 0x00000000ef000000| Complete 
| 241|0x00000000ef100000, 0x00000000ef200000, 0x00000000ef200000|100%| E|CS|TAMS 0x00000000ef100000, 0x00000000ef100000| Complete 
| 242|0x00000000ef200000, 0x00000000ef300000, 0x00000000ef300000|100%| E|CS|TAMS 0x00000000ef200000, 0x00000000ef200000| Complete 
| 243|0x00000000ef300000, 0x00000000ef400000, 0x00000000ef400000|100%| E|CS|TAMS 0x00000000ef300000, 0x00000000ef300000| Complete 
| 244|0x00000000ef400000, 0x00000000ef500000, 0x00000000ef500000|100%| E|  |TAMS 0x00000000ef400000, 0x00000000ef400000| Complete 
| 245|0x00000000ef500000, 0x00000000ef600000, 0x00000000ef600000|100%| E|CS|TAMS 0x00000000ef500000, 0x00000000ef500000| Complete 
| 246|0x00000000ef600000, 0x00000000ef700000, 0x00000000ef700000|100%| E|CS|TAMS 0x00000000ef600000, 0x00000000ef600000| Complete 
| 247|0x00000000ef700000, 0x00000000ef800000, 0x00000000ef800000|100%| E|CS|TAMS 0x00000000ef700000, 0x00000000ef700000| Complete 
| 248|0x00000000ef800000, 0x00000000ef900000, 0x00000000ef900000|100%| E|CS|TAMS 0x00000000ef800000, 0x00000000ef800000| Complete 
| 249|0x00000000ef900000, 0x00000000efa00000, 0x00000000efa00000|100%| E|CS|TAMS 0x00000000ef900000, 0x00000000ef900000| Complete 
| 250|0x00000000efa00000, 0x00000000efb00000, 0x00000000efb00000|100%| E|CS|TAMS 0x00000000efa00000, 0x00000000efa00000| Complete 
| 251|0x00000000efb00000, 0x00000000efc00000, 0x00000000efc00000|100%| E|CS|TAMS 0x00000000efb00000, 0x00000000efb00000| Complete 
| 252|0x00000000efc00000, 0x00000000efd00000, 0x00000000efd00000|100%| E|CS|TAMS 0x00000000efc00000, 0x00000000efc00000| Complete 
| 253|0x00000000efd00000, 0x00000000efe00000, 0x00000000efe00000|100%| E|CS|TAMS 0x00000000efd00000, 0x00000000efd00000| Complete 
| 254|0x00000000efe00000, 0x00000000eff00000, 0x00000000eff00000|100%| E|CS|TAMS 0x00000000efe00000, 0x00000000efe00000| Complete 
| 255|0x00000000eff00000, 0x00000000f0000000, 0x00000000f0000000|100%| E|CS|TAMS 0x00000000eff00000, 0x00000000eff00000| Complete 

Card table byte_map: [0x0000027426200000,0x0000027426300000] _byte_map_base: 0x0000027425b00000

Marking Bits (Prev, Next): (CMBitMap*) 0x000002741273fd20, (CMBitMap*) 0x000002741273fce8
 Prev Bits: [0x0000027426c00000, 0x0000027427400000)
 Next Bits: [0x0000027426400000, 0x0000027426c00000)

Polling page: 0x0000027410d30000

Metaspace:

Usage:
  Non-class:     22.83 MB capacity,    22.39 MB ( 98%) used,   407.10 KB (  2%) free+waste,    44.25 KB ( <1%) overhead. 
      Class:      3.71 MB capacity,     3.51 MB ( 95%) used,   176.32 KB (  5%) free+waste,    21.75 KB ( <1%) overhead. 
       Both:     26.54 MB capacity,    25.90 MB ( 98%) used,   583.42 KB (  2%) free+waste,    66.00 KB ( <1%) overhead. 

Virtual space:
  Non-class space:       24.00 MB reserved,      23.00 MB ( 96%) committed 
      Class space:      248.00 MB reserved,       3.75 MB (  2%) committed 
             Both:      272.00 MB reserved,      26.75 MB ( 10%) committed 

Chunk freelists:
   Non-Class:  48.00 KB
       Class:  11.00 KB
        Both:  59.00 KB

CodeHeap 'non-profiled nmethods': size=120000Kb used=1139Kb max_used=1139Kb free=118860Kb
 bounds [0x000002741e170000, 0x000002741e3e0000, 0x00000274256a0000]
CodeHeap 'profiled nmethods': size=120000Kb used=5458Kb max_used=5458Kb free=114541Kb
 bounds [0x0000027416c40000, 0x00000274171a0000, 0x000002741e170000]
CodeHeap 'non-nmethods': size=5760Kb used=2223Kb max_used=2259Kb free=3536Kb
 bounds [0x00000274166a0000, 0x0000027416910000, 0x0000027416c40000]
 total_blobs=4066 nmethods=2500 adapters=675
 compilation: enabled
              stopped_count=0, restarted_count=0
 full_count=0

Compilation events (10 events):
Event: 4.319 Thread 0x000002742a7a0800 2710       3       org.gradle.internal.serialize.AbstractEncoder$EncoderStream::write (11 bytes)
Event: 4.319 Thread 0x000002742a7a0800 nmethod 2710 0x000002741718e290 code [0x000002741718e460, 0x000002741718e6b0]
Event: 4.320 Thread 0x000002742a7a0800 2711       3       org.gradle.internal.serialize.kryo.KryoBackedEncoder::writeBytes (11 bytes)
Event: 4.320 Thread 0x000002742a7a0800 nmethod 2711 0x000002741718e790 code [0x000002741718e960, 0x000002741718eb30]
Event: 4.320 Thread 0x000002742a7a0800 2712       3       com.esotericsoftware.kryo.io.Output::writeBytes (90 bytes)
Event: 4.320 Thread 0x000002742a7a0800 nmethod 2712 0x000002741718ec10 code [0x000002741718ee20, 0x000002741718f450]
Event: 4.321 Thread 0x000002742a7a0800 2714       1       java.net.JarURLConnection::getJarFileURL (5 bytes)
Event: 4.321 Thread 0x000002742a7a0800 nmethod 2714 0x000002741e28cb10 code [0x000002741e28ccc0, 0x000002741e28cdf8]
Event: 4.326 Thread 0x000002742a7a0800 2715       3       java.lang.ThreadLocal$ThreadLocalMap::set (136 bytes)
Event: 4.326 Thread 0x000002742a7a0800 nmethod 2715 0x000002741718f610 code [0x000002741718f880, 0x00000274171904f0]

GC Heap History (4 events):
Event: 1.021 GC heap before
{Heap before GC invocations=0 (full 0):
 garbage-first heap   total 262144K, used 28672K [0x00000000e0000000, 0x0000000100000000)
  region size 1024K, 24 young (24576K), 0 survivors (0K)
 Metaspace       used 3862K, capacity 6591K, committed 6784K, reserved 262144K
  class space    used 507K, capacity 770K, committed 896K, reserved 253952K
}
Event: 1.028 GC heap after
{Heap after GC invocations=1 (full 0):
 garbage-first heap   total 262144K, used 7731K [0x00000000e0000000, 0x0000000100000000)
  region size 1024K, 3 young (3072K), 3 survivors (3072K)
 Metaspace       used 3862K, capacity 6591K, committed 6784K, reserved 262144K
  class space    used 507K, capacity 770K, committed 896K, reserved 253952K
}
Event: 3.644 GC heap before
{Heap before GC invocations=1 (full 0):
 garbage-first heap   total 262144K, used 127539K [0x00000000e0000000, 0x0000000100000000)
  region size 1024K, 121 young (123904K), 3 survivors (3072K)
 Metaspace       used 20753K, capacity 21219K, committed 21248K, reserved 272384K
  class space    used 2882K, capacity 3053K, committed 3072K, reserved 253952K
}
Event: 3.656 GC heap after
{Heap after GC invocations=2 (full 0):
 garbage-first heap   total 262144K, used 17715K [0x00000000e0000000, 0x0000000100000000)
  region size 1024K, 13 young (13312K), 13 survivors (13312K)
 Metaspace       used 20753K, capacity 21219K, committed 21248K, reserved 272384K
  class space    used 2882K, capacity 3053K, committed 3072K, reserved 253952K
}

Deoptimization events (10 events):
Event: 4.200 Thread 0x000002742c309000 DEOPT PACKING pc=0x000002741e1b6d18 sp=0x000000b326df97f0
Event: 4.200 Thread 0x000002742c309000 DEOPT UNPACKING pc=0x00000274166a802f sp=0x000000b326df9778 mode 2
Event: 4.200 Thread 0x000002742c309000 Uncommon trap: trap_request=0xffffff4d fr.pc=0x000002741e1baba4 relative=0x00000000000000e4
Event: 4.200 Thread 0x000002742c309000 Uncommon trap: reason=unstable_if action=reinterpret pc=0x000002741e1baba4 method=java.util.HashMap.hash(Ljava/lang/Object;)I @ 1 c2
Event: 4.200 Thread 0x000002742c309000 DEOPT PACKING pc=0x000002741e1baba4 sp=0x000000b326df9860
Event: 4.200 Thread 0x000002742c309000 DEOPT UNPACKING pc=0x00000274166a802f sp=0x000000b326df97a0 mode 2
Event: 4.200 Thread 0x000002742c309000 Uncommon trap: trap_request=0xffffff4d fr.pc=0x000002741e1f77c8 relative=0x00000000000006e8
Event: 4.200 Thread 0x000002742c309000 Uncommon trap: reason=unstable_if action=reinterpret pc=0x000002741e1f77c8 method=java.util.HashMap.putVal(ILjava/lang/Object;Ljava/lang/Object;ZZ)Ljava/lang/Object; @ 85 c2
Event: 4.200 Thread 0x000002742c309000 DEOPT PACKING pc=0x000002741e1f77c8 sp=0x000000b326df9790
Event: 4.200 Thread 0x000002742c309000 DEOPT UNPACKING pc=0x00000274166a802f sp=0x000000b326df9748 mode 2

Classes redefined (0 events):
No events

Internal exceptions (10 events):
Event: 4.200 Thread 0x000002742c309000 Implicit null exception at 0x000002741e239d04 to 0x000002741e239f26
Event: 4.200 Thread 0x000002742c309000 Implicit null exception at 0x000002741e1bab08 to 0x000002741e1bab9a
Event: 4.284 Thread 0x000002742c309000 Exception <a 'java/lang/ClassNotFoundException'{0x00000000edd482f0}: org/gradle/internal/metaobject/ConfigureDelegateBeanInfo> (0x00000000edd482f0) thrown at [c:/BuildAgent/work/5ff2f6c26000d570/src/hotspot/share/classfile/systemDictionary.cpp, line 231]
Event: 4.285 Thread 0x000002742c309000 Exception <a 'java/lang/ClassNotFoundException'{0x00000000edd58718}: org/gradle/internal/metaobject/ConfigureDelegateCustomizer> (0x00000000edd58718) thrown at [c:/BuildAgent/work/5ff2f6c26000d570/src/hotspot/share/classfile/systemDictionary.cpp, line 231
Event: 4.293 Thread 0x000002742c309000 Exception <a 'java/lang/ClassNotFoundException'{0x00000000edc26ea8}: org/gradle/api/internal/project/DefaultProject_DecoratedBeanInfo> (0x00000000edc26ea8) thrown at [c:/BuildAgent/work/5ff2f6c26000d570/src/hotspot/share/classfile/systemDictionary.cpp, li
Event: 4.293 Thread 0x000002742c309000 Exception <a 'java/lang/ClassNotFoundException'{0x00000000edc38008}: org/gradle/api/internal/project/DefaultProjectBeanInfo> (0x00000000edc38008) thrown at [c:/BuildAgent/work/5ff2f6c26000d570/src/hotspot/share/classfile/systemDictionary.cpp, line 231]
Event: 4.293 Thread 0x000002742c309000 Exception <a 'java/lang/ClassNotFoundException'{0x00000000edc49130}: org/gradle/api/internal/project/DefaultProjectCustomizer> (0x00000000edc49130) thrown at [c:/BuildAgent/work/5ff2f6c26000d570/src/hotspot/share/classfile/systemDictionary.cpp, line 231]
Event: 4.300 Thread 0x000002742c309000 Exception <a 'java/lang/ClassNotFoundException'{0x00000000edce28b0}: org/gradle/api/internal/project/DefaultProject_DecoratedCustomizer> (0x00000000edce28b0) thrown at [c:/BuildAgent/work/5ff2f6c26000d570/src/hotspot/share/classfile/systemDictionary.cpp, 
Event: 4.314 Thread 0x000002742c309000 Exception <a 'java/lang/ClassNotFoundException'{0x00000000edbeec90}: org/gradle/configuration/internal/DefaultListenerBuildOperationDecorator$BuildOperationEmittingClosureBeanInfo> (0x00000000edbeec90) thrown at [c:/BuildAgent/work/5ff2f6c26000d570/src/ho
Event: 4.314 Thread 0x000002742c309000 Exception <a 'java/lang/ClassNotFoundException'{0x00000000eda04e58}: org/gradle/configuration/internal/DefaultListenerBuildOperationDecorator$BuildOperationEmittingClosureCustomizer> (0x00000000eda04e58) thrown at [c:/BuildAgent/work/5ff2f6c26000d570/src/

Events (10 events):
Event: 4.325 loading class org/gradle/configuration/project/LifecycleProjectEvaluator$EvaluateProject
Event: 4.325 loading class org/gradle/configuration/project/LifecycleProjectEvaluator$EvaluateProject done
Event: 4.325 loading class org/gradle/configuration/project/ConfigureProjectBuildOperationType$DetailsImpl
Event: 4.325 loading class org/gradle/configuration/project/ConfigureProjectBuildOperationType$DetailsImpl done
Event: 4.326 loading class org/gradle/tooling/internal/provider/runner/ClientForwardingProjectConfigurationOperationListener$ProjectConfigurationResult
Event: 4.326 loading class org/gradle/tooling/internal/provider/runner/ClientForwardingProjectConfigurationOperationListener$ProjectConfigurationResult done
Event: 4.326 loading class org/gradle/internal/operations/OperationIdentifier
Event: 4.326 loading class org/gradle/internal/operations/OperationIdentifier done
Event: 4.327 loading class org/gradle/configuration/project/LifecycleProjectEvaluator$EvaluateProject$1
Event: 4.327 loading class org/gradle/configuration/project/LifecycleProjectEvaluator$EvaluateProject$1 done


Dynamic libraries:
0x00007ff696300000 - 0x00007ff696347000 	C:\Program Files\JetBrains\IntelliJ IDEA Educational Edition 2019.3\jbr\bin\java.exe
0x00007ffff8a20000 - 0x00007ffff8c10000 	C:\WINDOWS\SYSTEM32\ntdll.dll
0x00007ffff6fc0000 - 0x00007ffff7072000 	C:\WINDOWS\System32\KERNEL32.DLL
0x00007ffff59d0000 - 0x00007ffff5c73000 	C:\WINDOWS\System32\KERNELBASE.dll
0x00007ffff8090000 - 0x00007ffff8224000 	C:\WINDOWS\System32\USER32.dll
0x00007ffff5d80000 - 0x00007ffff5da1000 	C:\WINDOWS\System32\win32u.dll
0x00007ffff7ae0000 - 0x00007ffff7b06000 	C:\WINDOWS\System32\GDI32.dll
0x00007ffff5e30000 - 0x00007ffff5fc4000 	C:\WINDOWS\System32\gdi32full.dll
0x00007ffff68a0000 - 0x00007ffff693e000 	C:\WINDOWS\System32\msvcp_win.dll
0x00007ffff5c80000 - 0x00007ffff5d7a000 	C:\WINDOWS\System32\ucrtbase.dll
0x00007fffdb8e0000 - 0x00007fffdbb65000 	C:\WINDOWS\WinSxS\amd64_microsoft.windows.common-controls_6595b64144ccf1df_6.0.18362.657_none_e6c5b579130e3898\COMCTL32.dll
0x00007ffff72e0000 - 0x00007ffff737e000 	C:\WINDOWS\System32\msvcrt.dll
0x00007ffff7c60000 - 0x00007ffff7f96000 	C:\WINDOWS\System32\combase.dll
0x00007ffff71c0000 - 0x00007ffff72e0000 	C:\WINDOWS\System32\RPCRT4.dll
0x00007ffff5db0000 - 0x00007ffff5e30000 	C:\WINDOWS\System32\bcryptPrimitives.dll
0x00007ffff7fa0000 - 0x00007ffff7fce000 	C:\WINDOWS\System32\IMM32.DLL
0x00007fffbe210000 - 0x00007fffbe227000 	C:\Program Files\JetBrains\IntelliJ IDEA Educational Edition 2019.3\jbr\bin\vcruntime140.dll
0x00007fffa0240000 - 0x00007fffa02dd000 	C:\Program Files\JetBrains\IntelliJ IDEA Educational Edition 2019.3\jbr\bin\msvcp140.dll
0x00007fffc0450000 - 0x00007fffc0f08000 	C:\Program Files\JetBrains\IntelliJ IDEA Educational Edition 2019.3\jbr\bin\server\jvm.dll
0x00007ffff8300000 - 0x00007ffff83a3000 	C:\WINDOWS\System32\ADVAPI32.dll
0x00007ffff7b10000 - 0x00007ffff7ba7000 	C:\WINDOWS\System32\sechost.dll
0x00007ffff7ad0000 - 0x00007ffff7ad8000 	C:\WINDOWS\System32\PSAPI.DLL
0x00007ffff3630000 - 0x00007ffff3654000 	C:\WINDOWS\SYSTEM32\WINMM.dll
0x00007fffe3f50000 - 0x00007fffe3f59000 	C:\WINDOWS\SYSTEM32\WSOCK32.dll
0x00007fffebae0000 - 0x00007fffebaea000 	C:\WINDOWS\SYSTEM32\VERSION.dll
0x00007ffff8960000 - 0x00007ffff89cf000 	C:\WINDOWS\System32\WS2_32.dll
0x00007ffff3600000 - 0x00007ffff362d000 	C:\WINDOWS\SYSTEM32\WINMMBASE.dll
0x00007ffff6a50000 - 0x00007ffff6a9a000 	C:\WINDOWS\System32\cfgmgr32.dll
0x00007ffff5900000 - 0x00007ffff5911000 	C:\WINDOWS\System32\kernel.appcore.dll
0x00007fffe3f10000 - 0x00007fffe3f21000 	C:\Program Files\JetBrains\IntelliJ IDEA Educational Edition 2019.3\jbr\bin\verify.dll
0x00007fffeec20000 - 0x00007fffeee14000 	C:\WINDOWS\SYSTEM32\DBGHELP.DLL
0x00007fffe5360000 - 0x00007fffe538a000 	C:\WINDOWS\SYSTEM32\dbgcore.DLL
0x00007fffc0420000 - 0x00007fffc0449000 	C:\Program Files\JetBrains\IntelliJ IDEA Educational Edition 2019.3\jbr\bin\java.dll
0x00007fffe3db0000 - 0x00007fffe3dc7000 	C:\Program Files\JetBrains\IntelliJ IDEA Educational Edition 2019.3\jbr\bin\zip.dll
0x00007fffe3f00000 - 0x00007fffe3f0b000 	C:\Program Files\JetBrains\IntelliJ IDEA Educational Edition 2019.3\jbr\bin\jimage.dll
0x00007ffff7380000 - 0x00007ffff7a65000 	C:\WINDOWS\System32\SHELL32.dll
0x00007ffff7fe0000 - 0x00007ffff8089000 	C:\WINDOWS\System32\shcore.dll
0x00007ffff5fd0000 - 0x00007ffff674f000 	C:\WINDOWS\System32\windows.storage.dll
0x00007ffff5970000 - 0x00007ffff598f000 	C:\WINDOWS\System32\profapi.dll
0x00007ffff5920000 - 0x00007ffff596a000 	C:\WINDOWS\System32\powrprof.dll
0x00007ffff58f0000 - 0x00007ffff5900000 	C:\WINDOWS\System32\UMPDC.dll
0x00007ffff6af0000 - 0x00007ffff6b42000 	C:\WINDOWS\System32\shlwapi.dll
0x00007ffff59b0000 - 0x00007ffff59c7000 	C:\WINDOWS\System32\cryptsp.dll
0x00007fffc0400000 - 0x00007fffc041a000 	C:\Program Files\JetBrains\IntelliJ IDEA Educational Edition 2019.3\jbr\bin\net.dll
0x00007fffedde0000 - 0x00007fffeded0000 	C:\WINDOWS\SYSTEM32\WINHTTP.dll
0x00007fffe59c0000 - 0x00007fffe5b96000 	C:\WINDOWS\SYSTEM32\urlmon.dll
0x00007fffe1e40000 - 0x00007fffe20e6000 	C:\WINDOWS\SYSTEM32\iertutil.dll
0x00007ffff52d0000 - 0x00007ffff52dc000 	C:\WINDOWS\SYSTEM32\CRYPTBASE.DLL
0x00007ffff5100000 - 0x00007ffff5167000 	C:\WINDOWS\system32\mswsock.dll
0x00007fffc03e0000 - 0x00007fffc03f4000 	C:\Program Files\JetBrains\IntelliJ IDEA Educational Edition 2019.3\jbr\bin\nio.dll
0x00007fffd8530000 - 0x00007fffd8556000 	C:\Users\User\.gradle\native\29\windows-amd64\native-platform.dll
0x00007fffc03d0000 - 0x00007fffc03da000 	C:\Program Files\JetBrains\IntelliJ IDEA Educational Edition 2019.3\jbr\bin\management.dll
0x00007fffc03c0000 - 0x00007fffc03cc000 	C:\Program Files\JetBrains\IntelliJ IDEA Educational Edition 2019.3\jbr\bin\management_ext.dll
0x00007ffff4c70000 - 0x00007ffff4ca3000 	C:\WINDOWS\system32\rsaenh.dll
0x00007ffff6aa0000 - 0x00007ffff6ac6000 	C:\WINDOWS\System32\bcrypt.dll
0x00007ffff5810000 - 0x00007ffff5835000 	C:\WINDOWS\SYSTEM32\USERENV.dll
0x00007ffff4e10000 - 0x00007ffff4e4a000 	C:\WINDOWS\SYSTEM32\IPHLPAPI.DLL
0x00007ffff89d0000 - 0x00007ffff89d8000 	C:\WINDOWS\System32\NSI.dll
0x00007fffeb780000 - 0x00007fffeb796000 	C:\WINDOWS\SYSTEM32\dhcpcsvc6.DLL
0x00007fffeb760000 - 0x00007fffeb77c000 	C:\WINDOWS\SYSTEM32\dhcpcsvc.DLL
0x00007ffff4ea0000 - 0x00007ffff4f6a000 	C:\WINDOWS\SYSTEM32\DNSAPI.dll

dbghelp: loaded successfully - version: 4.0.5 - missing functions: none
symbol engine: initialized successfully - sym options: 0x614 - pdb path: .;C:\Program Files\JetBrains\IntelliJ IDEA Educational Edition 2019.3\jbr\bin;C:\WINDOWS\SYSTEM32;C:\WINDOWS\WinSxS\amd64_microsoft.windows.common-controls_6595b64144ccf1df_6.0.18362.657_none_e6c5b579130e3898;C:\Program Files\JetBrains\IntelliJ IDEA Educational Edition 2019.3\jbr\bin\server;C:\Users\User\.gradle\native\29\windows-amd64

VM Arguments:
jvm_args: --add-opens=java.base/java.util=ALL-UNNAMED --add-opens=java.base/java.lang=ALL-UNNAMED --add-opens=java.base/java.lang.invoke=ALL-UNNAMED --add-opens=java.prefs/java.util.prefs=ALL-UNNAMED -XX:MaxMetaspaceSize=256m -XX:+HeapDumpOnOutOfMemoryError -Xms256m -Xmx512m -Dfile.encoding=windows-1252 -Duser.country=MY -Duser.language=en -Duser.variant 
java_command: org.gradle.launcher.daemon.bootstrap.GradleDaemon 5.5.1
java_class_path (initial): C:\Users\User\.gradle\wrapper\dists\gradle-5.5.1-all\8yl0syll3fr5m1v472nzznadi\gradle-5.5.1\lib\gradle-launcher-5.5.1.jar
Launcher Type: SUN_STANDARD

[Global flags]
     intx CICompilerCount                          = 4                                         {product} {ergonomic}
   size_t CompressedClassSpaceSize                 = 260046848                                 {product} {ergonomic}
     uint ConcGCThreads                            = 2                                         {product} {ergonomic}
     uint G1ConcRefinementThreads                  = 8                                         {product} {ergonomic}
   size_t G1HeapRegionSize                         = 1048576                                   {product} {ergonomic}
    uintx GCDrainStackTargetSize                   = 64                                        {product} {ergonomic}
     bool HeapDumpOnOutOfMemoryError               = true                                   {manageable} {command line}
   size_t InitialHeapSize                          = 268435456                                 {product} {command line}
   size_t MarkStackSize                            = 4194304                                   {product} {ergonomic}
   size_t MaxHeapSize                              = 536870912                                 {product} {command line}
   size_t MaxMetaspaceSize                         = 268435456                                 {product} {command line}
   size_t MaxNewSize                               = 321912832                                 {product} {ergonomic}
   size_t MinHeapDeltaBytes                        = 1048576                                   {product} {ergonomic}
    uintx NonNMethodCodeHeapSize                   = 5835340                                {pd product} {ergonomic}
    uintx NonProfiledCodeHeapSize                  = 122911450                              {pd product} {ergonomic}
    uintx ProfiledCodeHeapSize                     = 122911450                              {pd product} {ergonomic}
    uintx ReservedCodeCacheSize                    = 251658240                              {pd product} {ergonomic}
     bool SegmentedCodeCache                       = true                                      {product} {ergonomic}
     bool UseCompressedClassPointers               = true                                 {lp64_product} {ergonomic}
     bool UseCompressedOops                        = true                                 {lp64_product} {ergonomic}
     bool UseG1GC                                  = true                                      {product} {ergonomic}
     bool UseLargePagesIndividualAllocation        = false                                  {pd product} {ergonomic}

Logging:
Log output configuration:
 #0: stdout all=warning uptime,level,tags
 #1: stderr all=off uptime,level,tags

Environment Variables:
PATH=C:\Program Files (x86)\Common Files\Oracle\Java\javapath;C:\Windows\system32;C:\Windows;C:\Windows\System32\Wbem;C:\Windows\System32\WindowsPowerShell\v1.0\;C:\Windows\System32\OpenSSH\;C:\Program Files (x86)\NVIDIA Corporation\PhysX\Common;C:\Program Files\NVIDIA Corporation\NVIDIA NvDLISR;C:\WINDOWS\system32;C:\WINDOWS;C:\WINDOWS\System32\Wbem;C:\WINDOWS\System32\WindowsPowerShell\v1.0\;C:\WINDOWS\System32\OpenSSH\;C:\Program Files\Git\cmd;C:\Users\User\AppData\Local\Microsoft\WindowsApps;C:\Users\User\AppData\Local\GitHubDesktop\bin
USERNAME=User
OS=Windows_NT
PROCESSOR_IDENTIFIER=Intel64 Family 6 Model 126 Stepping 5, GenuineIntel



---------------  S Y S T E M  ---------------

OS: Windows 10 , 64 bit Build 18362 (10.0.18362.329)

CPU:total 8 (initial active 8) (4 cores per cpu, 2 threads per core) family 6 model 126 stepping 5, cmov, cx8, fxsr, mmx, sse, sse2, sse3, ssse3, sse4.1, sse4.2, popcnt, avx, avx2, aes, clmul, erms, 3dnowpref, lzcnt, ht, tsc, tscinvbit, bmi1, bmi2, adx, evex, sha, fma

Memory: 4k page, system-wide physical 7963M (416M free)
TotalPageFile size 32539M (AvailPageFile size 6M)
current process WorkingSet (physical memory assigned to process): 285M, peak: 286M
current process commit charge ("private bytes"): 438M, peak: 440M

vm_info: OpenJDK 64-Bit Server VM (11.0.4+10-b520.11) for windows-amd64 JRE (11.0.4+10-b520.11), built on Nov 16 2019 04:35:14 by "" with MS VC++ 14.0 (VS2015)

END.
