#
# There is insufficient memory for the Java Runtime Environment to continue.
# Native memory allocation (malloc) failed to allocate 227536 bytes for Chunk::new
# Possible reasons:
#   The system is out of physical RAM or swap space
#   The process is running with CompressedOops enabled, and the Java Heap may be blocking the growth of the native heap
# Possible solutions:
#   Reduce memory load on the system
#   Increase physical memory or swap space
#   Check if swap backing store is full
#   Decrease Java heap size (-Xmx/-Xms)
#   Decrease number of Java threads
#   Decrease Java thread stack sizes (-Xss)
#   Set larger code cache with -XX:ReservedCodeCacheSize=
#   JVM is running with Unscaled Compressed Oops mode in which the Java heap is
#     placed in the first 4GB address space. The Java Heap base address is the
#     maximum limit for the native heap growth. Please use -XX:HeapBaseMinAddress
#     to set the Java Heap base and to place the Java Heap above 4GB virtual address.
# This output file may be truncated or incomplete.
#
#  Out of Memory Error (c:/BuildAgent/work/5ff2f6c26000d570/src/hotspot/share/memory/arena.cpp:197), pid=22968, tid=14368
#
# JRE version: OpenJDK Runtime Environment (11.0.4+10) (build 11.0.4+10-b520.11)
# Java VM: OpenJDK 64-Bit Server VM (11.0.4+10-b520.11, mixed mode, sharing, tiered, compressed oops, g1 gc, windows-amd64)
# No core dump will be written. Minidumps are not enabled by default on client versions of Windows
#

---------------  S U M M A R Y ------------

Command Line: --add-opens=java.base/java.util=ALL-UNNAMED --add-opens=java.base/java.lang=ALL-UNNAMED --add-opens=java.base/java.lang.invoke=ALL-UNNAMED --add-opens=java.prefs/java.util.prefs=ALL-UNNAMED -XX:MaxMetaspaceSize=256m -XX:+HeapDumpOnOutOfMemoryError -Xms256m -Xmx512m -Dfile.encoding=windows-1252 -Duser.country=MY -Duser.language=en -Duser.variant org.gradle.launcher.daemon.bootstrap.GradleDaemon 5.5.1

Host: Intel(R) Core(TM) i5-1035G1 CPU @ 1.00GHz, 8 cores, 7G,  Windows 10 , 64 bit Build 18362 (10.0.18362.329)
Time: Mon Feb 24 20:29:32 2020 Malay Peninsula Standard Time elapsed time: 5108 seconds (0d 1h 25m 8s)

---------------  T H R E A D  ---------------

Current thread (0x00000112ff373800):  JavaThread "C2 CompilerThread0" daemon [_thread_in_native, id=14368, stack(0x0000000bae900000,0x0000000baea00000)]


Current CompileTask:
C2:5108912 8366       4       java.util.TimSort::sort (229 bytes)

Stack: [0x0000000bae900000,0x0000000baea00000]
Native frames: (J=compiled Java code, j=interpreted, Vv=VM code, C=native code)
V  [jvm.dll+0x5db21a]
V  [jvm.dll+0x70c4f5]
V  [jvm.dll+0x70da18]
V  [jvm.dll+0x70e0e3]
V  [jvm.dll+0x23de68]
V  [jvm.dll+0xb926c]
V  [jvm.dll+0xb976c]
V  [jvm.dll+0x34f43d]
V  [jvm.dll+0x1944dc]
V  [jvm.dll+0x1f76ae]
V  [jvm.dll+0x1f6774]
V  [jvm.dll+0x17fd5c]
V  [jvm.dll+0x204ab7]
V  [jvm.dll+0x203352]
V  [jvm.dll+0x6d955f]
V  [jvm.dll+0x6d235d]
V  [jvm.dll+0x5da4f6]
C  [ucrtbase.dll+0x20e72]
C  [KERNEL32.DLL+0x17bd4]
C  [ntdll.dll+0x6ced1]


---------------  P R O C E S S  ---------------

Threads class SMR info:
_java_thread_list=0x0000011291287b10, length=46, elements={
0x00000112f9412800, 0x00000112ff352000, 0x00000112ff356800, 0x00000112ff36d000,
0x00000112ff371000, 0x00000112ff373800, 0x00000112ff374800, 0x00000112ff377800,
0x000001129110b800, 0x000001129110f000, 0x00000112920f9800, 0x0000011292936000,
0x000001129185f800, 0x00000112929bc000, 0x00000112929bb000, 0x00000112929bc800,
0x0000011294d18000, 0x0000011294d13000, 0x0000011294d14000, 0x0000011294d17000,
0x0000011294d16800, 0x0000011294d19800, 0x0000011294d18800, 0x0000011294d1a800,
0x0000011294d14800, 0x0000011294d15800, 0x0000011294d1b000, 0x0000011294d20000,
0x0000011294d1f000, 0x0000011294d21000, 0x0000011294d21800, 0x0000011294d1c000,
0x0000011294d1d000, 0x0000011294d1d800, 0x0000011294d1e800, 0x00000112929c0000,
0x00000112929bd800, 0x00000112929be800, 0x00000112929c1000, 0x000001129340a000,
0x0000011293408000, 0x0000011293404800, 0x0000011293408800, 0x0000011293409800,
0x000001129340b000, 0x0000011293405800
}

Java Threads: ( => current thread )
  0x00000112f9412800 JavaThread "main" [_thread_blocked, id=23268, stack(0x0000000bade00000,0x0000000badf00000)]
  0x00000112ff352000 JavaThread "Reference Handler" daemon [_thread_blocked, id=8568, stack(0x0000000bae500000,0x0000000bae600000)]
  0x00000112ff356800 JavaThread "Finalizer" daemon [_thread_blocked, id=21452, stack(0x0000000bae600000,0x0000000bae700000)]
  0x00000112ff36d000 JavaThread "Signal Dispatcher" daemon [_thread_blocked, id=21964, stack(0x0000000bae700000,0x0000000bae800000)]
  0x00000112ff371000 JavaThread "Attach Listener" daemon [_thread_blocked, id=21540, stack(0x0000000bae800000,0x0000000bae900000)]
=>0x00000112ff373800 JavaThread "C2 CompilerThread0" daemon [_thread_in_native, id=14368, stack(0x0000000bae900000,0x0000000baea00000)]
  0x00000112ff374800 JavaThread "C1 CompilerThread0" daemon [_thread_blocked, id=22828, stack(0x0000000baea00000,0x0000000baeb00000)]
  0x00000112ff377800 JavaThread "Sweeper thread" daemon [_thread_blocked, id=21428, stack(0x0000000baeb00000,0x0000000baec00000)]
  0x000001129110b800 JavaThread "Common-Cleaner" daemon [_thread_blocked, id=19856, stack(0x0000000baec00000,0x0000000baed00000)]
  0x000001129110f000 JavaThread "Service Thread" daemon [_thread_blocked, id=22648, stack(0x0000000baed00000,0x0000000baee00000)]
  0x00000112920f9800 JavaThread "Daemon health stats" [_thread_blocked, id=23156, stack(0x0000000baf500000,0x0000000baf600000)]
  0x0000011292936000 JavaThread "Incoming local TCP Connector on port 52577" [_thread_in_native, id=23148, stack(0x0000000baef00000,0x0000000baf000000)]
  0x000001129185f800 JavaThread "Daemon periodic checks" [_thread_blocked, id=20280, stack(0x0000000baf600000,0x0000000baf700000)]
  0x00000112929bc000 JavaThread "Cache worker for file hash cache (C:\Users\User\.gradle\caches\5.5.1\fileHashes)" [_thread_blocked, id=21280, stack(0x0000000bafe00000,0x0000000baff00000)]
  0x00000112929bb000 JavaThread "File lock request listener" [_thread_in_native, id=23248, stack(0x0000000baff00000,0x0000000bb0000000)]
  0x00000112929bc800 JavaThread "Cache worker for journal cache (C:\Users\User\.gradle\caches\journal-1)" [_thread_blocked, id=23144, stack(0x0000000bb0000000,0x0000000bb0100000)]
  0x0000011294d18000 JavaThread "Cache worker for execution history cache (C:\Users\User\.gradle\caches\5.5.1\executionHistory)" [_thread_blocked, id=23256, stack(0x0000000bb0900000,0x0000000bb0a00000)]
  0x0000011294d13000 JavaThread "Memory manager" [_thread_blocked, id=20116, stack(0x0000000bb0a00000,0x0000000bb0b00000)]
  0x0000011294d14000 JavaThread "Cache worker for file content cache (C:\Users\User\.gradle\caches\5.5.1\fileContent)" [_thread_blocked, id=20600, stack(0x0000000bb0b00000,0x0000000bb0c00000)]
  0x0000011294d17000 JavaThread "Cache worker for Java compile cache (C:\Users\User\.gradle\caches\5.5.1\javaCompile)" [_thread_blocked, id=18328, stack(0x0000000bb1500000,0x0000000bb1600000)]
  0x0000011294d16800 JavaThread "Daemon Thread 3" [_thread_blocked, id=21092, stack(0x0000000badb00000,0x0000000badc00000)]
  0x0000011294d19800 JavaThread "Daemon worker Thread 3" [_thread_blocked, id=20448, stack(0x0000000baf700000,0x0000000baf800000)]
  0x0000011294d18800 JavaThread "Handler for socket connection from /127.0.0.1:52577 to /127.0.0.1:52801" [_thread_in_native, id=18708, stack(0x0000000badc00000,0x0000000badd00000)]
  0x0000011294d1a800 JavaThread "Cancel handler" [_thread_blocked, id=21348, stack(0x0000000badd00000,0x0000000bade00000)]
  0x0000011294d14800 JavaThread "Asynchronous log dispatcher for DefaultDaemonConnection: socket connection from /127.0.0.1:52577 to /127.0.0.1:52801" [_thread_blocked, id=23264, stack(0x0000000baf800000,0x0000000baf900000)]
  0x0000011294d15800 JavaThread "Stdin handler" [_thread_blocked, id=19044, stack(0x0000000baf900000,0x0000000bafa00000)]
  0x0000011294d1b000 JavaThread "Thread-171" [_thread_blocked, id=21864, stack(0x0000000bafa00000,0x0000000bafb00000)]
  0x0000011294d20000 JavaThread "Cache worker for file hash cache (C:\Users\User\Documents\CS2103T Projects\repo\duke\.gradle\5.5.1\fileHashes)" [_thread_blocked, id=22012, stack(0x0000000bafb00000,0x0000000bafc00000)]
  0x0000011294d1f000 JavaThread "Cache worker for cache directory md-supplier (C:\Users\User\.gradle\caches\5.5.1\md-supplier)" [_thread_blocked, id=23468, stack(0x0000000bafc00000,0x0000000bafd00000)]
  0x0000011294d21000 JavaThread "Cache worker for cache directory md-rule (C:\Users\User\.gradle\caches\5.5.1\md-rule)" [_thread_blocked, id=22684, stack(0x0000000bafd00000,0x0000000bafe00000)]
  0x0000011294d21800 JavaThread "Cache worker for Build Output Cleanup Cache (C:\Users\User\Documents\CS2103T Projects\repo\duke\.gradle\buildOutputCleanup)" [_thread_blocked, id=21952, stack(0x0000000bb0100000,0x0000000bb0200000)]
  0x0000011294d1c000 JavaThread "Cache worker for file content cache (C:\Users\User\Documents\CS2103T Projects\repo\duke\.gradle\5.5.1\fileContent)" [_thread_blocked, id=18700, stack(0x0000000bb0600000,0x0000000bb0700000)]
  0x0000011294d1d000 JavaThread "Execution worker for ':'" [_thread_blocked, id=21616, stack(0x0000000bb0700000,0x0000000bb0800000)]
  0x0000011294d1d800 JavaThread "Execution worker for ':' Thread 2" [_thread_blocked, id=20736, stack(0x0000000bb0800000,0x0000000bb0900000)]
  0x0000011294d1e800 JavaThread "Execution worker for ':' Thread 3" [_thread_blocked, id=23524, stack(0x0000000bb0c00000,0x0000000bb0d00000)]
  0x00000112929c0000 JavaThread "Execution worker for ':' Thread 4" [_thread_blocked, id=23388, stack(0x0000000bb0d00000,0x0000000bb0e00000)]
  0x00000112929bd800 JavaThread "Execution worker for ':' Thread 5" [_thread_blocked, id=22076, stack(0x0000000bb0e00000,0x0000000bb0f00000)]
  0x00000112929be800 JavaThread "Execution worker for ':' Thread 6" [_thread_blocked, id=23384, stack(0x0000000bb0f00000,0x0000000bb1000000)]
  0x00000112929c1000 JavaThread "Execution worker for ':' Thread 7" [_thread_blocked, id=14512, stack(0x0000000bb1000000,0x0000000bb1100000)]
  0x000001129340a000 JavaThread "Cache worker for execution history cache (C:\Users\User\Documents\CS2103T Projects\repo\duke\.gradle\5.5.1\executionHistory)" [_thread_blocked, id=18772, stack(0x0000000bb1100000,0x0000000bb1200000)]
  0x0000011293408000 JavaThread "Cache worker for Java compile cache (C:\Users\User\Documents\CS2103T Projects\repo\duke\.gradle\5.5.1\javaCompile)" [_thread_blocked, id=23464, stack(0x0000000bb1200000,0x0000000bb1300000)]
  0x0000011293404800 JavaThread "Exec process" [_thread_in_native, id=21448, stack(0x0000000bb1400000,0x0000000bb1500000)]
  0x0000011293408800 JavaThread "Exec process Thread 2" [_thread_in_native, id=23492, stack(0x0000000bb1600000,0x0000000bb1700000)]
  0x0000011293409800 JavaThread "Exec process Thread 3" [_thread_blocked, id=21032, stack(0x0000000bb1700000,0x0000000bb1800000)]
  0x000001129340b000 JavaThread "DisconnectableInputStream source reader" daemon [_thread_blocked, id=19752, stack(0x0000000bb1800000,0x0000000bb1900000)]
  0x0000011293405800 JavaThread "Exec process Thread 4" [_thread_in_native, id=23012, stack(0x0000000bb1900000,0x0000000bb1a00000)]

Other Threads:
  0x00000112ff34f000 VMThread "VM Thread" [stack: 0x0000000bae400000,0x0000000bae500000] [id=21376]
  0x0000011291114000 WatcherThread [stack: 0x0000000baee00000,0x0000000baef00000] [id=23140]
  0x00000112f942c000 GCTaskThread "GC Thread#0" [stack: 0x0000000badf00000,0x0000000bae000000] [id=18952]
  0x00000112919a1800 GCTaskThread "GC Thread#1" [stack: 0x0000000baf000000,0x0000000baf100000] [id=22932]
  0x0000011291abe800 GCTaskThread "GC Thread#2" [stack: 0x0000000baf100000,0x0000000baf200000] [id=18944]
  0x0000011291abf000 GCTaskThread "GC Thread#3" [stack: 0x0000000baf200000,0x0000000baf300000] [id=15500]
  0x0000011291aec800 GCTaskThread "GC Thread#4" [stack: 0x0000000baf300000,0x0000000baf400000] [id=23212]
  0x0000011291aed800 GCTaskThread "GC Thread#5" [stack: 0x0000000baf400000,0x0000000baf500000] [id=19472]
  0x000001129301e000 GCTaskThread "GC Thread#6" [stack: 0x0000000bb0300000,0x0000000bb0400000] [id=22848]
  0x00000112949cc800 GCTaskThread "GC Thread#7" [stack: 0x0000000bb0400000,0x0000000bb0500000] [id=19956]
  0x00000112f943e000 ConcurrentGCThread "G1 Main Marker" [stack: 0x0000000bae000000,0x0000000bae100000] [id=21208]
  0x00000112f9440000 ConcurrentGCThread "G1 Conc#0" [stack: 0x0000000bae100000,0x0000000bae200000] [id=22940]
  0x0000011294825800 ConcurrentGCThread "G1 Conc#1" [stack: 0x0000000bb0500000,0x0000000bb0600000] [id=22024]
  0x00000112ff20c800 ConcurrentGCThread "G1 Refine#0" [stack: 0x0000000bae200000,0x0000000bae300000] [id=22832]
  0x00000112ff20f800 ConcurrentGCThread "G1 Young RemSet Sampling" [stack: 0x0000000bae300000,0x0000000bae400000] [id=21456]

Threads with active compile tasks:
C2 CompilerThread08366       4       java.util.TimSort::sort (229 bytes)

VM state:not at safepoint (normal execution)

VM Mutex/Monitor currently owned by a thread: None

Heap address: 0x00000000e0000000, size: 512 MB, Compressed Oops mode: 32-bit
Narrow klass base: 0x0000000800000000, Narrow klass shift: 3
Compressed class space size: 260046848 Address: 0x0000000840000000

Heap:
 garbage-first heap   total 262144K, used 142184K [0x00000000e0000000, 0x0000000100000000)
  region size 1024K, 119 young (121856K), 9 survivors (9216K)
 Metaspace       used 48762K, capacity 50055K, committed 50172K, reserved 299008K
  class space    used 6413K, capacity 6809K, committed 6912K, reserved 253952K
Heap Regions: E=young(eden), S=young(survivor), O=old, HS=humongous(starts), HC=humongous(continues), CS=collection set, F=free, A=archive, TAMS=top-at-mark-start (previous, next)
|   0|0x00000000e0000000, 0x00000000e0100000, 0x00000000e0100000|100%| O|  |TAMS 0x00000000e0000000, 0x00000000e0000000| Untracked 
|   1|0x00000000e0100000, 0x00000000e0200000, 0x00000000e0200000|100%| O|  |TAMS 0x00000000e0200000, 0x00000000e0100000| Untracked 
|   2|0x00000000e0200000, 0x00000000e0300000, 0x00000000e0300000|100%|HS|  |TAMS 0x00000000e0300000, 0x00000000e0200000| Complete 
|   3|0x00000000e0300000, 0x00000000e0400000, 0x00000000e0400000|100%|HS|  |TAMS 0x00000000e0400000, 0x00000000e0300000| Complete 
|   4|0x00000000e0400000, 0x00000000e0500000, 0x00000000e0500000|100%|HC|  |TAMS 0x00000000e0500000, 0x00000000e0400000| Complete 
|   5|0x00000000e0500000, 0x00000000e0600000, 0x00000000e0600000|100%| O|  |TAMS 0x00000000e0600000, 0x00000000e0500000| Untracked 
|   6|0x00000000e0600000, 0x00000000e0700000, 0x00000000e0700000|100%| O|  |TAMS 0x00000000e0700000, 0x00000000e0600000| Untracked 
|   7|0x00000000e0700000, 0x00000000e0800000, 0x00000000e0800000|100%| O|  |TAMS 0x00000000e0700000, 0x00000000e0700000| Untracked 
|   8|0x00000000e0800000, 0x00000000e0900000, 0x00000000e0900000|100%| O|  |TAMS 0x00000000e0800000, 0x00000000e0800000| Untracked 
|   9|0x00000000e0900000, 0x00000000e0a00000, 0x00000000e0a00000|100%| O|  |TAMS 0x00000000e0a00000, 0x00000000e0900000| Untracked 
|  10|0x00000000e0a00000, 0x00000000e0b00000, 0x00000000e0b00000|100%| O|  |TAMS 0x00000000e0b00000, 0x00000000e0a00000| Untracked 
|  11|0x00000000e0b00000, 0x00000000e0c00000, 0x00000000e0c00000|100%| O|  |TAMS 0x00000000e0c00000, 0x00000000e0b00000| Untracked 
|  12|0x00000000e0c00000, 0x00000000e0d00000, 0x00000000e0d00000|100%| O|  |TAMS 0x00000000e0d00000, 0x00000000e0c00000| Untracked 
|  13|0x00000000e0d00000, 0x00000000e0e00000, 0x00000000e0e00000|100%| O|  |TAMS 0x00000000e0e00000, 0x00000000e0d00000| Untracked 
|  14|0x00000000e0e00000, 0x00000000e0f00000, 0x00000000e0f00000|100%| O|  |TAMS 0x00000000e0f00000, 0x00000000e0e00000| Untracked 
|  15|0x00000000e0f00000, 0x00000000e1000000, 0x00000000e1000000|100%| O|  |TAMS 0x00000000e1000000, 0x00000000e0f00000| Untracked 
|  16|0x00000000e1000000, 0x00000000e1100000, 0x00000000e1100000|100%| O|  |TAMS 0x00000000e1100000, 0x00000000e1000000| Untracked 
|  17|0x00000000e1100000, 0x00000000e1200000, 0x00000000e1200000|100%| O|  |TAMS 0x00000000e1200000, 0x00000000e1100000| Untracked 
|  18|0x00000000e1200000, 0x00000000e1300000, 0x00000000e1300000|100%| O|  |TAMS 0x00000000e1300000, 0x00000000e1200000| Untracked 
|  19|0x00000000e1300000, 0x00000000e1400000, 0x00000000e1400000|100%| O|  |TAMS 0x00000000e13d6a00, 0x00000000e1300000| Untracked 
|  20|0x00000000e1400000, 0x00000000e14eae00, 0x00000000e1500000| 91%| O|  |TAMS 0x00000000e1400000, 0x00000000e1400000| Untracked 
|  21|0x00000000e1500000, 0x00000000e1500000, 0x00000000e1600000|  0%| F|  |TAMS 0x00000000e1500000, 0x00000000e1500000| Untracked 
|  22|0x00000000e1600000, 0x00000000e1600000, 0x00000000e1700000|  0%| F|  |TAMS 0x00000000e1600000, 0x00000000e1600000| Untracked 
|  23|0x00000000e1700000, 0x00000000e1700000, 0x00000000e1800000|  0%| F|  |TAMS 0x00000000e1700000, 0x00000000e1700000| Untracked 
|  24|0x00000000e1800000, 0x00000000e1800000, 0x00000000e1900000|  0%| F|  |TAMS 0x00000000e1800000, 0x00000000e1800000| Untracked 
|  25|0x00000000e1900000, 0x00000000e1900000, 0x00000000e1a00000|  0%| F|  |TAMS 0x00000000e1900000, 0x00000000e1900000| Untracked 
|  26|0x00000000e1a00000, 0x00000000e1a00000, 0x00000000e1b00000|  0%| F|  |TAMS 0x00000000e1a00000, 0x00000000e1a00000| Untracked 
|  27|0x00000000e1b00000, 0x00000000e1b00000, 0x00000000e1c00000|  0%| F|  |TAMS 0x00000000e1b00000, 0x00000000e1b00000| Untracked 
|  28|0x00000000e1c00000, 0x00000000e1c00000, 0x00000000e1d00000|  0%| F|  |TAMS 0x00000000e1c00000, 0x00000000e1c00000| Untracked 
|  29|0x00000000e1d00000, 0x00000000e1d00000, 0x00000000e1e00000|  0%| F|  |TAMS 0x00000000e1d00000, 0x00000000e1d00000| Untracked 
|  30|0x00000000e1e00000, 0x00000000e1e00000, 0x00000000e1f00000|  0%| F|  |TAMS 0x00000000e1e00000, 0x00000000e1e00000| Untracked 
|  31|0x00000000e1f00000, 0x00000000e1f00000, 0x00000000e2000000|  0%| F|  |TAMS 0x00000000e1f00000, 0x00000000e1f00000| Untracked 
|  32|0x00000000e2000000, 0x00000000e2000000, 0x00000000e2100000|  0%| F|  |TAMS 0x00000000e2000000, 0x00000000e2000000| Untracked 
|  33|0x00000000e2100000, 0x00000000e2100000, 0x00000000e2200000|  0%| F|  |TAMS 0x00000000e2100000, 0x00000000e2100000| Untracked 
|  34|0x00000000e2200000, 0x00000000e2200000, 0x00000000e2300000|  0%| F|  |TAMS 0x00000000e2200000, 0x00000000e2200000| Untracked 
|  35|0x00000000e2300000, 0x00000000e2300000, 0x00000000e2400000|  0%| F|  |TAMS 0x00000000e2300000, 0x00000000e2300000| Untracked 
|  36|0x00000000e2400000, 0x00000000e2400000, 0x00000000e2500000|  0%| F|  |TAMS 0x00000000e2400000, 0x00000000e2400000| Untracked 
|  37|0x00000000e2500000, 0x00000000e2500000, 0x00000000e2600000|  0%| F|  |TAMS 0x00000000e2500000, 0x00000000e2500000| Untracked 
|  38|0x00000000e2600000, 0x00000000e2600000, 0x00000000e2700000|  0%| F|  |TAMS 0x00000000e2600000, 0x00000000e2600000| Untracked 
|  39|0x00000000e2700000, 0x00000000e2700000, 0x00000000e2800000|  0%| F|  |TAMS 0x00000000e2700000, 0x00000000e2700000| Untracked 
|  40|0x00000000e2800000, 0x00000000e2800000, 0x00000000e2900000|  0%| F|  |TAMS 0x00000000e2800000, 0x00000000e2800000| Untracked 
|  41|0x00000000e2900000, 0x00000000e2900000, 0x00000000e2a00000|  0%| F|  |TAMS 0x00000000e2900000, 0x00000000e2900000| Untracked 
|  42|0x00000000e2a00000, 0x00000000e2a00000, 0x00000000e2b00000|  0%| F|  |TAMS 0x00000000e2a00000, 0x00000000e2a00000| Untracked 
|  43|0x00000000e2b00000, 0x00000000e2b00000, 0x00000000e2c00000|  0%| F|  |TAMS 0x00000000e2b00000, 0x00000000e2b00000| Untracked 
|  44|0x00000000e2c00000, 0x00000000e2c00000, 0x00000000e2d00000|  0%| F|  |TAMS 0x00000000e2c00000, 0x00000000e2c00000| Untracked 
|  45|0x00000000e2d00000, 0x00000000e2d00000, 0x00000000e2e00000|  0%| F|  |TAMS 0x00000000e2d00000, 0x00000000e2d00000| Untracked 
|  46|0x00000000e2e00000, 0x00000000e2e00000, 0x00000000e2f00000|  0%| F|  |TAMS 0x00000000e2e00000, 0x00000000e2e00000| Untracked 
|  47|0x00000000e2f00000, 0x00000000e2f00000, 0x00000000e3000000|  0%| F|  |TAMS 0x00000000e2f00000, 0x00000000e2f00000| Untracked 
|  48|0x00000000e3000000, 0x00000000e3000000, 0x00000000e3100000|  0%| F|  |TAMS 0x00000000e3000000, 0x00000000e3000000| Untracked 
|  49|0x00000000e3100000, 0x00000000e3100000, 0x00000000e3200000|  0%| F|  |TAMS 0x00000000e3100000, 0x00000000e3100000| Untracked 
|  50|0x00000000e3200000, 0x00000000e3200000, 0x00000000e3300000|  0%| F|  |TAMS 0x00000000e3200000, 0x00000000e3200000| Untracked 
|  51|0x00000000e3300000, 0x00000000e3300000, 0x00000000e3400000|  0%| F|  |TAMS 0x00000000e3300000, 0x00000000e3300000| Untracked 
|  52|0x00000000e3400000, 0x00000000e3400000, 0x00000000e3500000|  0%| F|  |TAMS 0x00000000e3400000, 0x00000000e3400000| Untracked 
|  53|0x00000000e3500000, 0x00000000e3500000, 0x00000000e3600000|  0%| F|  |TAMS 0x00000000e3500000, 0x00000000e3500000| Untracked 
|  54|0x00000000e3600000, 0x00000000e3600000, 0x00000000e3700000|  0%| F|  |TAMS 0x00000000e3600000, 0x00000000e3600000| Untracked 
|  55|0x00000000e3700000, 0x00000000e3700000, 0x00000000e3800000|  0%| F|  |TAMS 0x00000000e3700000, 0x00000000e3700000| Untracked 
|  56|0x00000000e3800000, 0x00000000e3800000, 0x00000000e3900000|  0%| F|  |TAMS 0x00000000e3800000, 0x00000000e3800000| Untracked 
|  57|0x00000000e3900000, 0x00000000e3900000, 0x00000000e3a00000|  0%| F|  |TAMS 0x00000000e3900000, 0x00000000e3900000| Untracked 
|  58|0x00000000e3a00000, 0x00000000e3a00000, 0x00000000e3b00000|  0%| F|  |TAMS 0x00000000e3a00000, 0x00000000e3a00000| Untracked 
|  59|0x00000000e3b00000, 0x00000000e3b00000, 0x00000000e3c00000|  0%| F|  |TAMS 0x00000000e3b00000, 0x00000000e3b00000| Untracked 
|  60|0x00000000e3c00000, 0x00000000e3c00000, 0x00000000e3d00000|  0%| F|  |TAMS 0x00000000e3c00000, 0x00000000e3c00000| Untracked 
|  61|0x00000000e3d00000, 0x00000000e3d00000, 0x00000000e3e00000|  0%| F|  |TAMS 0x00000000e3d00000, 0x00000000e3d00000| Untracked 
|  62|0x00000000e3e00000, 0x00000000e3e00000, 0x00000000e3f00000|  0%| F|  |TAMS 0x00000000e3e00000, 0x00000000e3e00000| Untracked 
|  63|0x00000000e3f00000, 0x00000000e3f00000, 0x00000000e4000000|  0%| F|  |TAMS 0x00000000e3f00000, 0x00000000e3f00000| Untracked 
|  64|0x00000000e4000000, 0x00000000e4000000, 0x00000000e4100000|  0%| F|  |TAMS 0x00000000e4000000, 0x00000000e4000000| Untracked 
|  65|0x00000000e4100000, 0x00000000e4100000, 0x00000000e4200000|  0%| F|  |TAMS 0x00000000e4100000, 0x00000000e4100000| Untracked 
|  66|0x00000000e4200000, 0x00000000e4200000, 0x00000000e4300000|  0%| F|  |TAMS 0x00000000e4200000, 0x00000000e4200000| Untracked 
|  67|0x00000000e4300000, 0x00000000e4300000, 0x00000000e4400000|  0%| F|  |TAMS 0x00000000e4300000, 0x00000000e4300000| Untracked 
|  68|0x00000000e4400000, 0x00000000e4400000, 0x00000000e4500000|  0%| F|  |TAMS 0x00000000e4400000, 0x00000000e4400000| Untracked 
|  69|0x00000000e4500000, 0x00000000e4500000, 0x00000000e4600000|  0%| F|  |TAMS 0x00000000e4500000, 0x00000000e4500000| Untracked 
|  70|0x00000000e4600000, 0x00000000e4600000, 0x00000000e4700000|  0%| F|  |TAMS 0x00000000e4600000, 0x00000000e4600000| Untracked 
|  71|0x00000000e4700000, 0x00000000e4700000, 0x00000000e4800000|  0%| F|  |TAMS 0x00000000e4700000, 0x00000000e4700000| Untracked 
|  72|0x00000000e4800000, 0x00000000e4800000, 0x00000000e4900000|  0%| F|  |TAMS 0x00000000e4800000, 0x00000000e4800000| Untracked 
|  73|0x00000000e4900000, 0x00000000e4900000, 0x00000000e4a00000|  0%| F|  |TAMS 0x00000000e4900000, 0x00000000e4900000| Untracked 
|  74|0x00000000e4a00000, 0x00000000e4a00000, 0x00000000e4b00000|  0%| F|  |TAMS 0x00000000e4a00000, 0x00000000e4a00000| Untracked 
|  75|0x00000000e4b00000, 0x00000000e4b00000, 0x00000000e4c00000|  0%| F|  |TAMS 0x00000000e4b00000, 0x00000000e4b00000| Untracked 
|  76|0x00000000e4c00000, 0x00000000e4c00000, 0x00000000e4d00000|  0%| F|  |TAMS 0x00000000e4c00000, 0x00000000e4c00000| Untracked 
|  77|0x00000000e4d00000, 0x00000000e4d00000, 0x00000000e4e00000|  0%| F|  |TAMS 0x00000000e4d00000, 0x00000000e4d00000| Untracked 
|  78|0x00000000e4e00000, 0x00000000e4e00000, 0x00000000e4f00000|  0%| F|  |TAMS 0x00000000e4e00000, 0x00000000e4e00000| Untracked 
|  79|0x00000000e4f00000, 0x00000000e4f00000, 0x00000000e5000000|  0%| F|  |TAMS 0x00000000e4f00000, 0x00000000e4f00000| Untracked 
|  80|0x00000000e5000000, 0x00000000e5000000, 0x00000000e5100000|  0%| F|  |TAMS 0x00000000e5000000, 0x00000000e5000000| Untracked 
|  81|0x00000000e5100000, 0x00000000e5100000, 0x00000000e5200000|  0%| F|  |TAMS 0x00000000e5100000, 0x00000000e5100000| Untracked 
|  82|0x00000000e5200000, 0x00000000e5200000, 0x00000000e5300000|  0%| F|  |TAMS 0x00000000e5200000, 0x00000000e5200000| Untracked 
|  83|0x00000000e5300000, 0x00000000e5300000, 0x00000000e5400000|  0%| F|  |TAMS 0x00000000e5300000, 0x00000000e5300000| Untracked 
|  84|0x00000000e5400000, 0x00000000e5400000, 0x00000000e5500000|  0%| F|  |TAMS 0x00000000e5400000, 0x00000000e5400000| Untracked 
|  85|0x00000000e5500000, 0x00000000e5500000, 0x00000000e5600000|  0%| F|  |TAMS 0x00000000e5500000, 0x00000000e5500000| Untracked 
|  86|0x00000000e5600000, 0x00000000e5600000, 0x00000000e5700000|  0%| F|  |TAMS 0x00000000e5600000, 0x00000000e5600000| Untracked 
|  87|0x00000000e5700000, 0x00000000e5700000, 0x00000000e5800000|  0%| F|  |TAMS 0x00000000e5700000, 0x00000000e5700000| Untracked 
|  88|0x00000000e5800000, 0x00000000e5800000, 0x00000000e5900000|  0%| F|  |TAMS 0x00000000e5800000, 0x00000000e5800000| Untracked 
|  89|0x00000000e5900000, 0x00000000e5900000, 0x00000000e5a00000|  0%| F|  |TAMS 0x00000000e5900000, 0x00000000e5900000| Untracked 
|  90|0x00000000e5a00000, 0x00000000e5a00000, 0x00000000e5b00000|  0%| F|  |TAMS 0x00000000e5a00000, 0x00000000e5a00000| Untracked 
|  91|0x00000000e5b00000, 0x00000000e5b00000, 0x00000000e5c00000|  0%| F|  |TAMS 0x00000000e5b00000, 0x00000000e5b00000| Untracked 
|  92|0x00000000e5c00000, 0x00000000e5c00000, 0x00000000e5d00000|  0%| F|  |TAMS 0x00000000e5c00000, 0x00000000e5c00000| Untracked 
|  93|0x00000000e5d00000, 0x00000000e5d00000, 0x00000000e5e00000|  0%| F|  |TAMS 0x00000000e5d00000, 0x00000000e5d00000| Untracked 
|  94|0x00000000e5e00000, 0x00000000e5e00000, 0x00000000e5f00000|  0%| F|  |TAMS 0x00000000e5e00000, 0x00000000e5e00000| Untracked 
|  95|0x00000000e5f00000, 0x00000000e5f00000, 0x00000000e6000000|  0%| F|  |TAMS 0x00000000e5f00000, 0x00000000e5f00000| Untracked 
|  96|0x00000000e6000000, 0x00000000e6000000, 0x00000000e6100000|  0%| F|  |TAMS 0x00000000e6000000, 0x00000000e6000000| Untracked 
|  97|0x00000000e6100000, 0x00000000e6100000, 0x00000000e6200000|  0%| F|  |TAMS 0x00000000e6100000, 0x00000000e6100000| Untracked 
|  98|0x00000000e6200000, 0x00000000e6200000, 0x00000000e6300000|  0%| F|  |TAMS 0x00000000e6200000, 0x00000000e6200000| Untracked 
|  99|0x00000000e6300000, 0x00000000e6300000, 0x00000000e6400000|  0%| F|  |TAMS 0x00000000e6300000, 0x00000000e6300000| Untracked 
| 100|0x00000000e6400000, 0x00000000e6400000, 0x00000000e6500000|  0%| F|  |TAMS 0x00000000e6400000, 0x00000000e6400000| Untracked 
| 101|0x00000000e6500000, 0x00000000e6500000, 0x00000000e6600000|  0%| F|  |TAMS 0x00000000e6500000, 0x00000000e6500000| Untracked 
| 102|0x00000000e6600000, 0x00000000e6600000, 0x00000000e6700000|  0%| F|  |TAMS 0x00000000e6600000, 0x00000000e6600000| Untracked 
| 103|0x00000000e6700000, 0x00000000e6700000, 0x00000000e6800000|  0%| F|  |TAMS 0x00000000e6700000, 0x00000000e6700000| Untracked 
| 104|0x00000000e6800000, 0x00000000e68ef590, 0x00000000e6900000| 93%| S|CS|TAMS 0x00000000e6800000, 0x00000000e6800000| Complete 
| 105|0x00000000e6900000, 0x00000000e6a00000, 0x00000000e6a00000|100%| S|CS|TAMS 0x00000000e6900000, 0x00000000e6900000| Complete 
| 106|0x00000000e6a00000, 0x00000000e6b00000, 0x00000000e6b00000|100%| S|CS|TAMS 0x00000000e6a00000, 0x00000000e6a00000| Complete 
| 107|0x00000000e6b00000, 0x00000000e6c00000, 0x00000000e6c00000|100%| S|CS|TAMS 0x00000000e6b00000, 0x00000000e6b00000| Complete 
| 108|0x00000000e6c00000, 0x00000000e6d00000, 0x00000000e6d00000|100%| S|CS|TAMS 0x00000000e6c00000, 0x00000000e6c00000| Complete 
| 109|0x00000000e6d00000, 0x00000000e6e00000, 0x00000000e6e00000|100%| S|CS|TAMS 0x00000000e6d00000, 0x00000000e6d00000| Complete 
| 110|0x00000000e6e00000, 0x00000000e6f00000, 0x00000000e6f00000|100%| S|CS|TAMS 0x00000000e6e00000, 0x00000000e6e00000| Complete 
| 111|0x00000000e6f00000, 0x00000000e7000000, 0x00000000e7000000|100%| S|CS|TAMS 0x00000000e6f00000, 0x00000000e6f00000| Complete 
| 112|0x00000000e7000000, 0x00000000e7100000, 0x00000000e7100000|100%| S|CS|TAMS 0x00000000e7000000, 0x00000000e7000000| Complete 
| 113|0x00000000e7100000, 0x00000000e7100000, 0x00000000e7200000|  0%| F|  |TAMS 0x00000000e7100000, 0x00000000e7100000| Untracked 
| 114|0x00000000e7200000, 0x00000000e7200000, 0x00000000e7300000|  0%| F|  |TAMS 0x00000000e7200000, 0x00000000e7200000| Untracked 
| 115|0x00000000e7300000, 0x00000000e7300000, 0x00000000e7400000|  0%| F|  |TAMS 0x00000000e7300000, 0x00000000e7300000| Untracked 
| 116|0x00000000e7400000, 0x00000000e7400000, 0x00000000e7500000|  0%| F|  |TAMS 0x00000000e7400000, 0x00000000e7400000| Untracked 
| 117|0x00000000e7500000, 0x00000000e7500000, 0x00000000e7600000|  0%| F|  |TAMS 0x00000000e7500000, 0x00000000e7500000| Untracked 
| 118|0x00000000e7600000, 0x00000000e7600000, 0x00000000e7700000|  0%| F|  |TAMS 0x00000000e7600000, 0x00000000e7600000| Untracked 
| 119|0x00000000e7700000, 0x00000000e7700000, 0x00000000e7800000|  0%| F|  |TAMS 0x00000000e7700000, 0x00000000e7700000| Untracked 
| 120|0x00000000e7800000, 0x00000000e7800000, 0x00000000e7900000|  0%| F|  |TAMS 0x00000000e7800000, 0x00000000e7800000| Untracked 
| 121|0x00000000e7900000, 0x00000000e7900000, 0x00000000e7a00000|  0%| F|  |TAMS 0x00000000e7900000, 0x00000000e7900000| Untracked 
| 122|0x00000000e7a00000, 0x00000000e7a00000, 0x00000000e7b00000|  0%| F|  |TAMS 0x00000000e7a00000, 0x00000000e7a00000| Untracked 
| 123|0x00000000e7b00000, 0x00000000e7b00000, 0x00000000e7c00000|  0%| F|  |TAMS 0x00000000e7b00000, 0x00000000e7b00000| Untracked 
| 124|0x00000000e7c00000, 0x00000000e7c00000, 0x00000000e7d00000|  0%| F|  |TAMS 0x00000000e7c00000, 0x00000000e7c00000| Untracked 
| 125|0x00000000e7d00000, 0x00000000e7d00000, 0x00000000e7e00000|  0%| F|  |TAMS 0x00000000e7d00000, 0x00000000e7d00000| Untracked 
| 126|0x00000000e7e00000, 0x00000000e7e00000, 0x00000000e7f00000|  0%| F|  |TAMS 0x00000000e7e00000, 0x00000000e7e00000| Untracked 
| 127|0x00000000e7f00000, 0x00000000e7f00000, 0x00000000e8000000|  0%| F|  |TAMS 0x00000000e7f00000, 0x00000000e7f00000| Untracked 
| 128|0x00000000e8000000, 0x00000000e8000000, 0x00000000e8100000|  0%| F|  |TAMS 0x00000000e8000000, 0x00000000e8000000| Untracked 
| 129|0x00000000e8100000, 0x00000000e8100000, 0x00000000e8200000|  0%| F|  |TAMS 0x00000000e8100000, 0x00000000e8100000| Untracked 
| 130|0x00000000e8200000, 0x00000000e8200000, 0x00000000e8300000|  0%| F|  |TAMS 0x00000000e8200000, 0x00000000e8200000| Untracked 
| 131|0x00000000e8300000, 0x00000000e8300000, 0x00000000e8400000|  0%| F|  |TAMS 0x00000000e8300000, 0x00000000e8300000| Untracked 
| 132|0x00000000e8400000, 0x00000000e8400000, 0x00000000e8500000|  0%| F|  |TAMS 0x00000000e8400000, 0x00000000e8400000| Untracked 
| 133|0x00000000e8500000, 0x00000000e8500000, 0x00000000e8600000|  0%| F|  |TAMS 0x00000000e8500000, 0x00000000e8500000| Untracked 
| 134|0x00000000e8600000, 0x00000000e8600000, 0x00000000e8700000|  0%| F|  |TAMS 0x00000000e8600000, 0x00000000e8600000| Untracked 
| 135|0x00000000e8700000, 0x00000000e8700000, 0x00000000e8800000|  0%| F|  |TAMS 0x00000000e8700000, 0x00000000e8700000| Untracked 
| 136|0x00000000e8800000, 0x00000000e8800000, 0x00000000e8900000|  0%| F|  |TAMS 0x00000000e8800000, 0x00000000e8800000| Untracked 
| 137|0x00000000e8900000, 0x00000000e8900000, 0x00000000e8a00000|  0%| F|  |TAMS 0x00000000e8900000, 0x00000000e8900000| Untracked 
| 138|0x00000000e8a00000, 0x00000000e8a00000, 0x00000000e8b00000|  0%| F|  |TAMS 0x00000000e8a00000, 0x00000000e8a00000| Untracked 
| 139|0x00000000e8b00000, 0x00000000e8b00000, 0x00000000e8c00000|  0%| F|  |TAMS 0x00000000e8b00000, 0x00000000e8b00000| Untracked 
| 140|0x00000000e8c00000, 0x00000000e8c00000, 0x00000000e8d00000|  0%| F|  |TAMS 0x00000000e8c00000, 0x00000000e8c00000| Untracked 
| 141|0x00000000e8d00000, 0x00000000e8d00000, 0x00000000e8e00000|  0%| F|  |TAMS 0x00000000e8d00000, 0x00000000e8d00000| Untracked 
| 142|0x00000000e8e00000, 0x00000000e8e00000, 0x00000000e8f00000|  0%| F|  |TAMS 0x00000000e8e00000, 0x00000000e8e00000| Untracked 
| 143|0x00000000e8f00000, 0x00000000e8f00000, 0x00000000e9000000|  0%| F|  |TAMS 0x00000000e8f00000, 0x00000000e8f00000| Untracked 
| 144|0x00000000e9000000, 0x00000000e9000000, 0x00000000e9100000|  0%| F|  |TAMS 0x00000000e9000000, 0x00000000e9000000| Untracked 
| 145|0x00000000e9100000, 0x00000000e9100000, 0x00000000e9200000|  0%| F|  |TAMS 0x00000000e9100000, 0x00000000e9100000| Untracked 
| 146|0x00000000e9200000, 0x00000000e92774a0, 0x00000000e9300000| 46%| E|  |TAMS 0x00000000e9200000, 0x00000000e9200000| Complete 
| 147|0x00000000e9300000, 0x00000000e9400000, 0x00000000e9400000|100%| E|CS|TAMS 0x00000000e9300000, 0x00000000e9300000| Complete 
| 148|0x00000000e9400000, 0x00000000e9500000, 0x00000000e9500000|100%| E|CS|TAMS 0x00000000e9400000, 0x00000000e9400000| Complete 
| 149|0x00000000e9500000, 0x00000000e9600000, 0x00000000e9600000|100%| E|CS|TAMS 0x00000000e9500000, 0x00000000e9500000| Complete 
| 150|0x00000000e9600000, 0x00000000e9700000, 0x00000000e9700000|100%| E|CS|TAMS 0x00000000e9600000, 0x00000000e9600000| Complete 
| 151|0x00000000e9700000, 0x00000000e9800000, 0x00000000e9800000|100%| E|CS|TAMS 0x00000000e9700000, 0x00000000e9700000| Complete 
| 152|0x00000000e9800000, 0x00000000e9900000, 0x00000000e9900000|100%| E|CS|TAMS 0x00000000e9800000, 0x00000000e9800000| Complete 
| 153|0x00000000e9900000, 0x00000000e9a00000, 0x00000000e9a00000|100%| E|CS|TAMS 0x00000000e9900000, 0x00000000e9900000| Complete 
| 154|0x00000000e9a00000, 0x00000000e9b00000, 0x00000000e9b00000|100%| E|CS|TAMS 0x00000000e9a00000, 0x00000000e9a00000| Complete 
| 155|0x00000000e9b00000, 0x00000000e9c00000, 0x00000000e9c00000|100%| E|CS|TAMS 0x00000000e9b00000, 0x00000000e9b00000| Complete 
| 156|0x00000000e9c00000, 0x00000000e9d00000, 0x00000000e9d00000|100%| E|CS|TAMS 0x00000000e9c00000, 0x00000000e9c00000| Complete 
| 157|0x00000000e9d00000, 0x00000000e9e00000, 0x00000000e9e00000|100%| E|CS|TAMS 0x00000000e9d00000, 0x00000000e9d00000| Complete 
| 158|0x00000000e9e00000, 0x00000000e9f00000, 0x00000000e9f00000|100%| E|CS|TAMS 0x00000000e9e00000, 0x00000000e9e00000| Complete 
| 159|0x00000000e9f00000, 0x00000000ea000000, 0x00000000ea000000|100%| E|CS|TAMS 0x00000000e9f00000, 0x00000000e9f00000| Complete 
| 160|0x00000000ea000000, 0x00000000ea100000, 0x00000000ea100000|100%| E|CS|TAMS 0x00000000ea000000, 0x00000000ea000000| Complete 
| 161|0x00000000ea100000, 0x00000000ea200000, 0x00000000ea200000|100%| E|CS|TAMS 0x00000000ea100000, 0x00000000ea100000| Complete 
| 162|0x00000000ea200000, 0x00000000ea300000, 0x00000000ea300000|100%| E|CS|TAMS 0x00000000ea200000, 0x00000000ea200000| Complete 
| 163|0x00000000ea300000, 0x00000000ea400000, 0x00000000ea400000|100%| E|CS|TAMS 0x00000000ea300000, 0x00000000ea300000| Complete 
| 164|0x00000000ea400000, 0x00000000ea500000, 0x00000000ea500000|100%| E|CS|TAMS 0x00000000ea400000, 0x00000000ea400000| Complete 
| 165|0x00000000ea500000, 0x00000000ea600000, 0x00000000ea600000|100%| E|CS|TAMS 0x00000000ea500000, 0x00000000ea500000| Complete 
| 166|0x00000000ea600000, 0x00000000ea700000, 0x00000000ea700000|100%| E|CS|TAMS 0x00000000ea600000, 0x00000000ea600000| Complete 
| 167|0x00000000ea700000, 0x00000000ea800000, 0x00000000ea800000|100%| E|CS|TAMS 0x00000000ea700000, 0x00000000ea700000| Complete 
| 168|0x00000000ea800000, 0x00000000ea900000, 0x00000000ea900000|100%| E|CS|TAMS 0x00000000ea800000, 0x00000000ea800000| Complete 
| 169|0x00000000ea900000, 0x00000000eaa00000, 0x00000000eaa00000|100%| E|CS|TAMS 0x00000000ea900000, 0x00000000ea900000| Complete 
| 170|0x00000000eaa00000, 0x00000000eab00000, 0x00000000eab00000|100%| E|CS|TAMS 0x00000000eaa00000, 0x00000000eaa00000| Complete 
| 171|0x00000000eab00000, 0x00000000eac00000, 0x00000000eac00000|100%| E|CS|TAMS 0x00000000eab00000, 0x00000000eab00000| Complete 
| 172|0x00000000eac00000, 0x00000000ead00000, 0x00000000ead00000|100%| E|CS|TAMS 0x00000000eac00000, 0x00000000eac00000| Complete 
| 173|0x00000000ead00000, 0x00000000eae00000, 0x00000000eae00000|100%| E|CS|TAMS 0x00000000ead00000, 0x00000000ead00000| Complete 
| 174|0x00000000eae00000, 0x00000000eaf00000, 0x00000000eaf00000|100%| E|CS|TAMS 0x00000000eae00000, 0x00000000eae00000| Complete 
| 175|0x00000000eaf00000, 0x00000000eb000000, 0x00000000eb000000|100%| E|CS|TAMS 0x00000000eaf00000, 0x00000000eaf00000| Complete 
| 176|0x00000000eb000000, 0x00000000eb100000, 0x00000000eb100000|100%| E|CS|TAMS 0x00000000eb000000, 0x00000000eb000000| Complete 
| 177|0x00000000eb100000, 0x00000000eb200000, 0x00000000eb200000|100%| E|CS|TAMS 0x00000000eb100000, 0x00000000eb100000| Complete 
| 178|0x00000000eb200000, 0x00000000eb300000, 0x00000000eb300000|100%| E|CS|TAMS 0x00000000eb200000, 0x00000000eb200000| Complete 
| 179|0x00000000eb300000, 0x00000000eb400000, 0x00000000eb400000|100%| E|CS|TAMS 0x00000000eb300000, 0x00000000eb300000| Complete 
| 180|0x00000000eb400000, 0x00000000eb500000, 0x00000000eb500000|100%| E|CS|TAMS 0x00000000eb400000, 0x00000000eb400000| Complete 
| 181|0x00000000eb500000, 0x00000000eb600000, 0x00000000eb600000|100%| E|CS|TAMS 0x00000000eb500000, 0x00000000eb500000| Complete 
| 182|0x00000000eb600000, 0x00000000eb700000, 0x00000000eb700000|100%| E|CS|TAMS 0x00000000eb600000, 0x00000000eb600000| Complete 
| 183|0x00000000eb700000, 0x00000000eb800000, 0x00000000eb800000|100%| E|CS|TAMS 0x00000000eb700000, 0x00000000eb700000| Complete 
| 184|0x00000000eb800000, 0x00000000eb900000, 0x00000000eb900000|100%| E|CS|TAMS 0x00000000eb800000, 0x00000000eb800000| Complete 
| 185|0x00000000eb900000, 0x00000000eba00000, 0x00000000eba00000|100%| E|CS|TAMS 0x00000000eb900000, 0x00000000eb900000| Complete 
| 186|0x00000000eba00000, 0x00000000ebb00000, 0x00000000ebb00000|100%| E|CS|TAMS 0x00000000eba00000, 0x00000000eba00000| Complete 
| 187|0x00000000ebb00000, 0x00000000ebc00000, 0x00000000ebc00000|100%| E|CS|TAMS 0x00000000ebb00000, 0x00000000ebb00000| Complete 
| 188|0x00000000ebc00000, 0x00000000ebd00000, 0x00000000ebd00000|100%| E|CS|TAMS 0x00000000ebc00000, 0x00000000ebc00000| Complete 
| 189|0x00000000ebd00000, 0x00000000ebe00000, 0x00000000ebe00000|100%| E|CS|TAMS 0x00000000ebd00000, 0x00000000ebd00000| Complete 
| 190|0x00000000ebe00000, 0x00000000ebf00000, 0x00000000ebf00000|100%| E|CS|TAMS 0x00000000ebe00000, 0x00000000ebe00000| Complete 
| 191|0x00000000ebf00000, 0x00000000ec000000, 0x00000000ec000000|100%| E|CS|TAMS 0x00000000ebf00000, 0x00000000ebf00000| Complete 
| 192|0x00000000ec000000, 0x00000000ec100000, 0x00000000ec100000|100%| E|CS|TAMS 0x00000000ec000000, 0x00000000ec000000| Complete 
| 193|0x00000000ec100000, 0x00000000ec200000, 0x00000000ec200000|100%| E|CS|TAMS 0x00000000ec100000, 0x00000000ec100000| Complete 
| 194|0x00000000ec200000, 0x00000000ec300000, 0x00000000ec300000|100%| E|CS|TAMS 0x00000000ec200000, 0x00000000ec200000| Complete 
| 195|0x00000000ec300000, 0x00000000ec400000, 0x00000000ec400000|100%| E|CS|TAMS 0x00000000ec300000, 0x00000000ec300000| Complete 
| 196|0x00000000ec400000, 0x00000000ec500000, 0x00000000ec500000|100%| E|CS|TAMS 0x00000000ec400000, 0x00000000ec400000| Complete 
| 197|0x00000000ec500000, 0x00000000ec600000, 0x00000000ec600000|100%| E|CS|TAMS 0x00000000ec500000, 0x00000000ec500000| Complete 
| 198|0x00000000ec600000, 0x00000000ec700000, 0x00000000ec700000|100%| E|CS|TAMS 0x00000000ec600000, 0x00000000ec600000| Complete 
| 199|0x00000000ec700000, 0x00000000ec800000, 0x00000000ec800000|100%| E|CS|TAMS 0x00000000ec700000, 0x00000000ec700000| Complete 
| 200|0x00000000ec800000, 0x00000000ec900000, 0x00000000ec900000|100%| E|CS|TAMS 0x00000000ec800000, 0x00000000ec800000| Complete 
| 201|0x00000000ec900000, 0x00000000eca00000, 0x00000000eca00000|100%| E|CS|TAMS 0x00000000ec900000, 0x00000000ec900000| Complete 
| 202|0x00000000eca00000, 0x00000000ecb00000, 0x00000000ecb00000|100%| E|CS|TAMS 0x00000000eca00000, 0x00000000eca00000| Complete 
| 203|0x00000000ecb00000, 0x00000000ecc00000, 0x00000000ecc00000|100%| E|CS|TAMS 0x00000000ecb00000, 0x00000000ecb00000| Complete 
| 204|0x00000000ecc00000, 0x00000000ecd00000, 0x00000000ecd00000|100%| E|CS|TAMS 0x00000000ecc00000, 0x00000000ecc00000| Complete 
| 205|0x00000000ecd00000, 0x00000000ece00000, 0x00000000ece00000|100%| E|CS|TAMS 0x00000000ecd00000, 0x00000000ecd00000| Complete 
| 206|0x00000000ece00000, 0x00000000ecf00000, 0x00000000ecf00000|100%| E|CS|TAMS 0x00000000ece00000, 0x00000000ece00000| Complete 
| 207|0x00000000ecf00000, 0x00000000ed000000, 0x00000000ed000000|100%| E|CS|TAMS 0x00000000ecf00000, 0x00000000ecf00000| Complete 
| 208|0x00000000ed000000, 0x00000000ed100000, 0x00000000ed100000|100%| E|CS|TAMS 0x00000000ed000000, 0x00000000ed000000| Complete 
| 209|0x00000000ed100000, 0x00000000ed200000, 0x00000000ed200000|100%| E|CS|TAMS 0x00000000ed100000, 0x00000000ed100000| Complete 
| 210|0x00000000ed200000, 0x00000000ed300000, 0x00000000ed300000|100%| E|CS|TAMS 0x00000000ed200000, 0x00000000ed200000| Complete 
| 211|0x00000000ed300000, 0x00000000ed400000, 0x00000000ed400000|100%| E|CS|TAMS 0x00000000ed300000, 0x00000000ed300000| Complete 
| 212|0x00000000ed400000, 0x00000000ed500000, 0x00000000ed500000|100%| E|CS|TAMS 0x00000000ed400000, 0x00000000ed400000| Complete 
| 213|0x00000000ed500000, 0x00000000ed600000, 0x00000000ed600000|100%| E|CS|TAMS 0x00000000ed500000, 0x00000000ed500000| Complete 
| 214|0x00000000ed600000, 0x00000000ed700000, 0x00000000ed700000|100%| E|CS|TAMS 0x00000000ed600000, 0x00000000ed600000| Complete 
| 215|0x00000000ed700000, 0x00000000ed800000, 0x00000000ed800000|100%| E|CS|TAMS 0x00000000ed700000, 0x00000000ed700000| Complete 
| 216|0x00000000ed800000, 0x00000000ed900000, 0x00000000ed900000|100%| E|CS|TAMS 0x00000000ed800000, 0x00000000ed800000| Complete 
| 217|0x00000000ed900000, 0x00000000eda00000, 0x00000000eda00000|100%| E|CS|TAMS 0x00000000ed900000, 0x00000000ed900000| Complete 
| 218|0x00000000eda00000, 0x00000000edb00000, 0x00000000edb00000|100%| E|CS|TAMS 0x00000000eda00000, 0x00000000eda00000| Complete 
| 219|0x00000000edb00000, 0x00000000edc00000, 0x00000000edc00000|100%| E|CS|TAMS 0x00000000edb00000, 0x00000000edb00000| Complete 
| 220|0x00000000edc00000, 0x00000000edd00000, 0x00000000edd00000|100%| E|CS|TAMS 0x00000000edc00000, 0x00000000edc00000| Complete 
| 221|0x00000000edd00000, 0x00000000ede00000, 0x00000000ede00000|100%| E|CS|TAMS 0x00000000edd00000, 0x00000000edd00000| Complete 
| 222|0x00000000ede00000, 0x00000000edf00000, 0x00000000edf00000|100%| E|CS|TAMS 0x00000000ede00000, 0x00000000ede00000| Complete 
| 223|0x00000000edf00000, 0x00000000ee000000, 0x00000000ee000000|100%| E|CS|TAMS 0x00000000edf00000, 0x00000000edf00000| Complete 
| 224|0x00000000ee000000, 0x00000000ee100000, 0x00000000ee100000|100%| E|CS|TAMS 0x00000000ee000000, 0x00000000ee000000| Complete 
| 225|0x00000000ee100000, 0x00000000ee200000, 0x00000000ee200000|100%| E|CS|TAMS 0x00000000ee100000, 0x00000000ee100000| Complete 
| 226|0x00000000ee200000, 0x00000000ee300000, 0x00000000ee300000|100%| E|CS|TAMS 0x00000000ee200000, 0x00000000ee200000| Complete 
| 227|0x00000000ee300000, 0x00000000ee400000, 0x00000000ee400000|100%| E|CS|TAMS 0x00000000ee300000, 0x00000000ee300000| Complete 
| 228|0x00000000ee400000, 0x00000000ee500000, 0x00000000ee500000|100%| E|CS|TAMS 0x00000000ee400000, 0x00000000ee400000| Complete 
| 229|0x00000000ee500000, 0x00000000ee600000, 0x00000000ee600000|100%| E|CS|TAMS 0x00000000ee500000, 0x00000000ee500000| Complete 
| 230|0x00000000ee600000, 0x00000000ee700000, 0x00000000ee700000|100%| E|CS|TAMS 0x00000000ee600000, 0x00000000ee600000| Complete 
| 231|0x00000000ee700000, 0x00000000ee800000, 0x00000000ee800000|100%| E|CS|TAMS 0x00000000ee700000, 0x00000000ee700000| Complete 
| 232|0x00000000ee800000, 0x00000000ee900000, 0x00000000ee900000|100%| E|CS|TAMS 0x00000000ee800000, 0x00000000ee800000| Complete 
| 233|0x00000000ee900000, 0x00000000eea00000, 0x00000000eea00000|100%| E|CS|TAMS 0x00000000ee900000, 0x00000000ee900000| Complete 
| 234|0x00000000eea00000, 0x00000000eeb00000, 0x00000000eeb00000|100%| E|CS|TAMS 0x00000000eea00000, 0x00000000eea00000| Complete 
| 235|0x00000000eeb00000, 0x00000000eec00000, 0x00000000eec00000|100%| E|CS|TAMS 0x00000000eeb00000, 0x00000000eeb00000| Complete 
| 236|0x00000000eec00000, 0x00000000eed00000, 0x00000000eed00000|100%| E|CS|TAMS 0x00000000eec00000, 0x00000000eec00000| Complete 
| 237|0x00000000eed00000, 0x00000000eee00000, 0x00000000eee00000|100%| E|CS|TAMS 0x00000000eed00000, 0x00000000eed00000| Complete 
| 238|0x00000000eee00000, 0x00000000eef00000, 0x00000000eef00000|100%| E|CS|TAMS 0x00000000eee00000, 0x00000000eee00000| Complete 
| 239|0x00000000eef00000, 0x00000000ef000000, 0x00000000ef000000|100%| E|CS|TAMS 0x00000000eef00000, 0x00000000eef00000| Complete 
| 240|0x00000000ef000000, 0x00000000ef100000, 0x00000000ef100000|100%| E|CS|TAMS 0x00000000ef000000, 0x00000000ef000000| Complete 
| 241|0x00000000ef100000, 0x00000000ef200000, 0x00000000ef200000|100%| E|CS|TAMS 0x00000000ef100000, 0x00000000ef100000| Complete 
| 242|0x00000000ef200000, 0x00000000ef300000, 0x00000000ef300000|100%| E|CS|TAMS 0x00000000ef200000, 0x00000000ef200000| Complete 
| 243|0x00000000ef300000, 0x00000000ef400000, 0x00000000ef400000|100%| E|CS|TAMS 0x00000000ef300000, 0x00000000ef300000| Complete 
| 244|0x00000000ef400000, 0x00000000ef500000, 0x00000000ef500000|100%| E|CS|TAMS 0x00000000ef400000, 0x00000000ef400000| Complete 
| 245|0x00000000ef500000, 0x00000000ef600000, 0x00000000ef600000|100%| E|CS|TAMS 0x00000000ef500000, 0x00000000ef500000| Complete 
| 246|0x00000000ef600000, 0x00000000ef700000, 0x00000000ef700000|100%| E|CS|TAMS 0x00000000ef600000, 0x00000000ef600000| Complete 
| 247|0x00000000ef700000, 0x00000000ef800000, 0x00000000ef800000|100%| E|CS|TAMS 0x00000000ef700000, 0x00000000ef700000| Complete 
| 248|0x00000000ef800000, 0x00000000ef900000, 0x00000000ef900000|100%| E|CS|TAMS 0x00000000ef800000, 0x00000000ef800000| Complete 
| 249|0x00000000ef900000, 0x00000000efa00000, 0x00000000efa00000|100%| E|CS|TAMS 0x00000000ef900000, 0x00000000ef900000| Complete 
| 250|0x00000000efa00000, 0x00000000efb00000, 0x00000000efb00000|100%| E|CS|TAMS 0x00000000efa00000, 0x00000000efa00000| Complete 
| 251|0x00000000efb00000, 0x00000000efc00000, 0x00000000efc00000|100%| E|CS|TAMS 0x00000000efb00000, 0x00000000efb00000| Complete 
| 252|0x00000000efc00000, 0x00000000efd00000, 0x00000000efd00000|100%| E|CS|TAMS 0x00000000efc00000, 0x00000000efc00000| Complete 
| 253|0x00000000efd00000, 0x00000000efe00000, 0x00000000efe00000|100%| E|CS|TAMS 0x00000000efd00000, 0x00000000efd00000| Complete 
| 254|0x00000000efe00000, 0x00000000eff00000, 0x00000000eff00000|100%| E|CS|TAMS 0x00000000efe00000, 0x00000000efe00000| Complete 
| 255|0x00000000eff00000, 0x00000000f0000000, 0x00000000f0000000|100%| E|CS|TAMS 0x00000000eff00000, 0x00000000eff00000| Complete 

Card table byte_map: [0x00000112fd730000,0x00000112fd830000] _byte_map_base: 0x00000112fd030000

Marking Bits (Prev, Next): (CMBitMap*) 0x00000112f943b1b8, (CMBitMap*) 0x00000112f943b1f0
 Prev Bits: [0x00000112fd930000, 0x00000112fe130000)
 Next Bits: [0x00000112fe130000, 0x00000112fe930000)

Polling page: 0x00000112f8bf0000

Metaspace:

Usage:
  Non-class:     42.23 MB capacity,    41.36 MB ( 98%) used,   777.70 KB (  2%) free+waste,   119.13 KB ( <1%) overhead. 
      Class:      6.65 MB capacity,     6.26 MB ( 94%) used,   341.49 KB (  5%) free+waste,    54.38 KB ( <1%) overhead. 
       Both:     48.88 MB capacity,    47.62 MB ( 97%) used,     1.09 MB (  2%) free+waste,   173.50 KB ( <1%) overhead. 

Virtual space:
  Non-class space:       44.00 MB reserved,      42.25 MB ( 96%) committed 
      Class space:      248.00 MB reserved,       6.75 MB (  3%) committed 
             Both:      292.00 MB reserved,      49.00 MB ( 17%) committed 

Chunk freelists:
   Non-Class:  14.00 KB
       Class:  0 bytes
        Both:  14.00 KB

CodeHeap 'non-profiled nmethods': size=120000Kb used=4554Kb max_used=4554Kb free=115445Kb
 bounds [0x0000011287ad0000, 0x0000011287f50000, 0x000001128f000000]
CodeHeap 'profiled nmethods': size=120000Kb used=17388Kb max_used=17388Kb free=102611Kb
 bounds [0x00000112805a0000, 0x00000112816b0000, 0x0000011287ad0000]
CodeHeap 'non-nmethods': size=5760Kb used=2260Kb max_used=2332Kb free=3499Kb
 bounds [0x0000011280000000, 0x0000011280270000, 0x00000112805a0000]
 total_blobs=11017 nmethods=7567 adapters=726
 compilation: enabled
              stopped_count=0, restarted_count=0
 full_count=0

Compilation events (10 events):
Event: 5041.250 Thread 0x00000112ff374800 nmethod 8361 0x00000112816a2c10 code [0x00000112816a2e20, 0x00000112816a3350]
Event: 5041.250 Thread 0x00000112ff374800 8362       3       org.gradle.launcher.daemon.server.health.DaemonHealthStats::getNonHeapStats (10 bytes)
Event: 5041.251 Thread 0x00000112ff374800 nmethod 8362 0x00000112816a3610 code [0x00000112816a3800, 0x00000112816a3ae0]
Event: 5041.251 Thread 0x00000112ff374800 8363       3       org.gradle.launcher.daemon.server.health.DaemonMemoryStatus$2::<init> (10 bytes)
Event: 5041.252 Thread 0x00000112ff374800 nmethod 8363 0x00000112816a3c90 code [0x00000112816a3e40, 0x00000112816a4078]
Event: 5041.252 Thread 0x00000112ff374800 8364       3       org.gradle.launcher.daemon.server.health.DaemonMemoryStatus$2::isSatisfiedBy (9 bytes)
Event: 5041.252 Thread 0x00000112ff374800 nmethod 8364 0x00000112816a4190 code [0x00000112816a4360, 0x00000112816a4630]
Event: 5041.252 Thread 0x00000112ff374800 8365       3       org.gradle.launcher.daemon.server.health.DaemonMemoryStatus$2::isSatisfiedBy (37 bytes)
Event: 5041.253 Thread 0x00000112ff374800 nmethod 8365 0x00000112816a4710 code [0x00000112816a48e0, 0x00000112816a4cb8]
Event: 5108.820 Thread 0x00000112ff373800 8366       4       java.util.TimSort::sort (229 bytes)

GC Heap History (10 events):
Event: 3.058 GC heap before
{Heap before GC invocations=3 (full 0):
 garbage-first heap   total 262144K, used 85041K [0x00000000e0000000, 0x0000000100000000)
  region size 1024K, 77 young (78848K), 13 survivors (13312K)
 Metaspace       used 28984K, capacity 29655K, committed 29820K, reserved 280576K
  class space    used 3984K, capacity 4194K, committed 4224K, reserved 253952K
}
Event: 3.067 GC heap after
{Heap after GC invocations=4 (full 0):
 garbage-first heap   total 262144K, used 22188K [0x00000000e0000000, 0x0000000100000000)
  region size 1024K, 5 young (5120K), 5 survivors (5120K)
 Metaspace       used 28984K, capacity 29655K, committed 29820K, reserved 280576K
  class space    used 3984K, capacity 4194K, committed 4224K, reserved 253952K
}
Event: 3.862 GC heap before
{Heap before GC invocations=4 (full 0):
 garbage-first heap   total 262144K, used 93868K [0x00000000e0000000, 0x0000000100000000)
  region size 1024K, 76 young (77824K), 5 survivors (5120K)
 Metaspace       used 35001K, capacity 35874K, committed 35964K, reserved 284672K
  class space    used 4913K, capacity 5167K, committed 5248K, reserved 253952K
}
Event: 3.874 GC heap after
{Heap after GC invocations=5 (full 0):
 garbage-first heap   total 262144K, used 26609K [0x00000000e0000000, 0x0000000100000000)
  region size 1024K, 10 young (10240K), 10 survivors (10240K)
 Metaspace       used 35001K, capacity 35874K, committed 35964K, reserved 284672K
  class space    used 4913K, capacity 5167K, committed 5248K, reserved 253952K
}
Event: 19.131 GC heap before
{Heap before GC invocations=6 (full 0):
 garbage-first heap   total 262144K, used 148465K [0x00000000e0000000, 0x0000000100000000)
  region size 1024K, 130 young (133120K), 10 survivors (10240K)
 Metaspace       used 46343K, capacity 47604K, committed 47740K, reserved 294912K
  class space    used 6334K, capacity 6729K, committed 6784K, reserved 253952K
}
Event: 19.141 GC heap after
{Heap after GC invocations=7 (full 0):
 garbage-first heap   total 262144K, used 31032K [0x00000000e0000000, 0x0000000100000000)
  region size 1024K, 10 young (10240K), 10 survivors (10240K)
 Metaspace       used 46343K, capacity 47604K, committed 47740K, reserved 294912K
  class space    used 6334K, capacity 6729K, committed 6784K, reserved 253952K
}
Event: 532.392 GC heap before
{Heap before GC invocations=7 (full 0):
 garbage-first heap   total 262144K, used 176440K [0x00000000e0000000, 0x0000000100000000)
  region size 1024K, 153 young (156672K), 10 survivors (10240K)
 Metaspace       used 47703K, capacity 48912K, committed 49020K, reserved 296960K
  class space    used 6357K, capacity 6764K, committed 6784K, reserved 253952K
}
Event: 532.398 GC heap after
{Heap after GC invocations=8 (full 0):
 garbage-first heap   total 262144K, used 31296K [0x00000000e0000000, 0x0000000100000000)
  region size 1024K, 10 young (10240K), 10 survivors (10240K)
 Metaspace       used 47703K, capacity 48912K, committed 49020K, reserved 296960K
  class space    used 6357K, capacity 6764K, committed 6784K, reserved 253952K
}
Event: 1759.773 GC heap before
{Heap before GC invocations=8 (full 0):
 garbage-first heap   total 262144K, used 176704K [0x00000000e0000000, 0x0000000100000000)
  region size 1024K, 153 young (156672K), 10 survivors (10240K)
 Metaspace       used 48718K, capacity 49991K, committed 50172K, reserved 299008K
  class space    used 6413K, capacity 6809K, committed 6912K, reserved 253952K
}
Event: 1759.950 GC heap after
{Heap after GC invocations=9 (full 0):
 garbage-first heap   total 262144K, used 30568K [0x00000000e0000000, 0x0000000100000000)
  region size 1024K, 9 young (9216K), 9 survivors (9216K)
 Metaspace       used 48718K, capacity 49991K, committed 50172K, reserved 299008K
  class space    used 6413K, capacity 6809K, committed 6912K, reserved 253952K
}

Deoptimization events (10 events):
Event: 652.976 Thread 0x0000011293405800 DEOPT PACKING pc=0x0000011287d2cb4c sp=0x0000000bb19fee90
Event: 652.976 Thread 0x0000011293405800 DEOPT UNPACKING pc=0x000001128000802f sp=0x0000000bb19fee48 mode 2
Event: 652.976 Thread 0x0000011293405800 Uncommon trap: trap_request=0xffffffc6 fr.pc=0x0000011287d2cb4c relative=0x0000000000000a0c
Event: 652.976 Thread 0x0000011293405800 Uncommon trap: reason=bimorphic_or_optimized_type_check action=maybe_recompile pc=0x0000011287d2cb4c method=java.io.BufferedInputStream.read([BII)I @ 101 c2
Event: 652.976 Thread 0x0000011293405800 DEOPT PACKING pc=0x0000011287d2cb4c sp=0x0000000bb19fee90
Event: 652.976 Thread 0x0000011293405800 DEOPT UNPACKING pc=0x000001128000802f sp=0x0000000bb19fee48 mode 2
Event: 1998.404 Thread 0x0000011294d14800 DEOPT PACKING pc=0x000001128164aaa9 sp=0x0000000baf8ff1b0
Event: 1998.406 Thread 0x0000011294d14800 DEOPT UNPACKING pc=0x000001128002a7de sp=0x0000000baf8fe6d0 mode 0
Event: 2001.910 Thread 0x0000011294d1b000 DEOPT PACKING pc=0x000001128164292b sp=0x0000000bafafee90
Event: 2001.910 Thread 0x0000011294d1b000 DEOPT UNPACKING pc=0x000001128002a7de sp=0x0000000bafafe3b0 mode 0

Classes redefined (0 events):
No events

Internal exceptions (10 events):
Event: 646.761 Thread 0x0000011294d1d800 Exception <a 'sun/nio/fs/WindowsException'{0x00000000e92350e8}> (0x00000000e92350e8) thrown at [c:/BuildAgent/work/5ff2f6c26000d570/src/hotspot/share/prims/jni.cpp, line 615]
Event: 646.765 Thread 0x0000011294d1d800 Exception <a 'sun/nio/fs/WindowsException'{0x00000000e924d3b8}> (0x00000000e924d3b8) thrown at [c:/BuildAgent/work/5ff2f6c26000d570/src/hotspot/share/prims/jni.cpp, line 615]
Event: 646.776 Thread 0x0000011294d1b000 Exception <a 'java/lang/NoSuchMethodError'{0x00000000eb1ad048}: <clinit>> (0x00000000eb1ad048) thrown at [c:/BuildAgent/work/5ff2f6c26000d570/src/hotspot/share/prims/jni.cpp, line 1364]
Event: 646.776 Thread 0x0000011294d1b000 Exception <a 'java/lang/NoSuchMethodError'{0x00000000eb1ae8f8}: <clinit>> (0x00000000eb1ae8f8) thrown at [c:/BuildAgent/work/5ff2f6c26000d570/src/hotspot/share/prims/jni.cpp, line 1364]
Event: 646.808 Thread 0x0000011293404800 Exception <a 'java/lang/NoSuchMethodError'{0x00000000e9166868}: 'void java.lang.invoke.DirectMethodHandle$Holder.invokeStatic(java.lang.Object, long)'> (0x00000000e9166868) thrown at [c:/BuildAgent/work/5ff2f6c26000d570/src/hotspot/share/interpreter/linkR
Event: 646.809 Thread 0x0000011293404800 Exception <a 'java/lang/NoSuchMethodError'{0x00000000e916ba80}: 'java.lang.Object java.lang.invoke.DirectMethodHandle$Holder.invokeStatic(java.lang.Object, long)'> (0x00000000e916ba80) thrown at [c:/BuildAgent/work/5ff2f6c26000d570/src/hotspot/share/inter
Event: 646.809 Thread 0x0000011293404800 Exception <a 'java/lang/NoSuchMethodError'{0x00000000e9171b58}: 'java.lang.Object java.lang.invoke.Invokers$Holder.linkToTargetMethod(long, java.lang.Object)'> (0x00000000e9171b58) thrown at [c:/BuildAgent/work/5ff2f6c26000d570/src/hotspot/share/interpret
Event: 646.811 Thread 0x0000011293404800 Exception <a 'java/lang/NoSuchMethodError'{0x00000000e9179e98}: 'java.lang.Object java.lang.invoke.DirectMethodHandle$Holder.invokeStaticInit(java.lang.Object, java.lang.Object, long, java.lang.Object)'> (0x00000000e9179e98) thrown at [c:/BuildAgent/work/
Event: 646.813 Thread 0x0000011293404800 Exception <a 'java/lang/NoSuchMethodError'{0x00000000e917fd88}: 'java.lang.Object java.lang.invoke.DirectMethodHandle$Holder.invokeStatic(java.lang.Object, java.lang.Object, long)'> (0x00000000e917fd88) thrown at [c:/BuildAgent/work/5ff2f6c26000d570/src/h
Event: 646.814 Thread 0x0000011293404800 Exception <a 'java/lang/NoSuchMethodError'{0x00000000e9186058}: 'java.lang.Object java.lang.invoke.Invokers$Holder.linkToTargetMethod(java.lang.Object, long, java.lang.Object)'> (0x00000000e9186058) thrown at [c:/BuildAgent/work/5ff2f6c26000d570/src/hotsp

Events (10 events):
Event: 755.870 Executing VM operation: BulkRevokeBias done
Event: 755.870 Executing VM operation: RevokeBias
Event: 755.870 Executing VM operation: RevokeBias done
Event: 755.881 Executing VM operation: BulkRevokeBias
Event: 755.881 Executing VM operation: BulkRevokeBias done
Event: 816.801 Executing VM operation: RevokeBias
Event: 816.801 Executing VM operation: RevokeBias done
Event: 816.801 Thread 0x000001129340c000 Thread exited: 0x000001129340c000
Event: 1759.770 Executing VM operation: G1CollectForAllocation
Event: 1759.950 Executing VM operation: G1CollectForAllocation done


Dynamic libraries:
0x00007ff696300000 - 0x00007ff696347000 	C:\Program Files\JetBrains\IntelliJ IDEA Educational Edition 2019.3\jbr\bin\java.exe
0x00007ffff8a20000 - 0x00007ffff8c10000 	C:\WINDOWS\SYSTEM32\ntdll.dll
0x00007ffff6fc0000 - 0x00007ffff7072000 	C:\WINDOWS\System32\KERNEL32.DLL
0x00007ffff59d0000 - 0x00007ffff5c73000 	C:\WINDOWS\System32\KERNELBASE.dll
0x00007ffff8090000 - 0x00007ffff8224000 	C:\WINDOWS\System32\USER32.dll
0x00007ffff5d80000 - 0x00007ffff5da1000 	C:\WINDOWS\System32\win32u.dll
0x00007ffff7ae0000 - 0x00007ffff7b06000 	C:\WINDOWS\System32\GDI32.dll
0x00007ffff5e30000 - 0x00007ffff5fc4000 	C:\WINDOWS\System32\gdi32full.dll
0x00007ffff68a0000 - 0x00007ffff693e000 	C:\WINDOWS\System32\msvcp_win.dll
0x00007ffff5c80000 - 0x00007ffff5d7a000 	C:\WINDOWS\System32\ucrtbase.dll
0x00007fffdb8e0000 - 0x00007fffdbb65000 	C:\WINDOWS\WinSxS\amd64_microsoft.windows.common-controls_6595b64144ccf1df_6.0.18362.657_none_e6c5b579130e3898\COMCTL32.dll
0x00007ffff72e0000 - 0x00007ffff737e000 	C:\WINDOWS\System32\msvcrt.dll
0x00007ffff7c60000 - 0x00007ffff7f96000 	C:\WINDOWS\System32\combase.dll
0x00007ffff71c0000 - 0x00007ffff72e0000 	C:\WINDOWS\System32\RPCRT4.dll
0x00007ffff5db0000 - 0x00007ffff5e30000 	C:\WINDOWS\System32\bcryptPrimitives.dll
0x00007ffff7fa0000 - 0x00007ffff7fce000 	C:\WINDOWS\System32\IMM32.DLL
0x00007fffbe210000 - 0x00007fffbe227000 	C:\Program Files\JetBrains\IntelliJ IDEA Educational Edition 2019.3\jbr\bin\vcruntime140.dll
0x00007fffa0240000 - 0x00007fffa02dd000 	C:\Program Files\JetBrains\IntelliJ IDEA Educational Edition 2019.3\jbr\bin\msvcp140.dll
0x00007fffc0450000 - 0x00007fffc0f08000 	C:\Program Files\JetBrains\IntelliJ IDEA Educational Edition 2019.3\jbr\bin\server\jvm.dll
0x00007ffff8300000 - 0x00007ffff83a3000 	C:\WINDOWS\System32\ADVAPI32.dll
0x00007ffff7b10000 - 0x00007ffff7ba7000 	C:\WINDOWS\System32\sechost.dll
0x00007ffff7ad0000 - 0x00007ffff7ad8000 	C:\WINDOWS\System32\PSAPI.DLL
0x00007fffe3f50000 - 0x00007fffe3f59000 	C:\WINDOWS\SYSTEM32\WSOCK32.dll
0x00007ffff3630000 - 0x00007ffff3654000 	C:\WINDOWS\SYSTEM32\WINMM.dll
0x00007fffebae0000 - 0x00007fffebaea000 	C:\WINDOWS\SYSTEM32\VERSION.dll
0x00007ffff8960000 - 0x00007ffff89cf000 	C:\WINDOWS\System32\WS2_32.dll
0x00007ffff3600000 - 0x00007ffff362d000 	C:\WINDOWS\SYSTEM32\WINMMBASE.dll
0x00007ffff6a50000 - 0x00007ffff6a9a000 	C:\WINDOWS\System32\cfgmgr32.dll
0x00007ffff5900000 - 0x00007ffff5911000 	C:\WINDOWS\System32\kernel.appcore.dll
0x00007fffe3f10000 - 0x00007fffe3f21000 	C:\Program Files\JetBrains\IntelliJ IDEA Educational Edition 2019.3\jbr\bin\verify.dll
0x00007fffeec20000 - 0x00007fffeee14000 	C:\WINDOWS\SYSTEM32\DBGHELP.DLL
0x00007fffe5360000 - 0x00007fffe538a000 	C:\WINDOWS\SYSTEM32\dbgcore.DLL
0x00007fffc0420000 - 0x00007fffc0449000 	C:\Program Files\JetBrains\IntelliJ IDEA Educational Edition 2019.3\jbr\bin\java.dll
0x00007fffe3db0000 - 0x00007fffe3dc7000 	C:\Program Files\JetBrains\IntelliJ IDEA Educational Edition 2019.3\jbr\bin\zip.dll
0x00007fffe3f00000 - 0x00007fffe3f0b000 	C:\Program Files\JetBrains\IntelliJ IDEA Educational Edition 2019.3\jbr\bin\jimage.dll
0x00007ffff7380000 - 0x00007ffff7a65000 	C:\WINDOWS\System32\SHELL32.dll
0x00007ffff7fe0000 - 0x00007ffff8089000 	C:\WINDOWS\System32\shcore.dll
0x00007ffff5fd0000 - 0x00007ffff674f000 	C:\WINDOWS\System32\windows.storage.dll
0x00007ffff5970000 - 0x00007ffff598f000 	C:\WINDOWS\System32\profapi.dll
0x00007ffff5920000 - 0x00007ffff596a000 	C:\WINDOWS\System32\powrprof.dll
0x00007ffff58f0000 - 0x00007ffff5900000 	C:\WINDOWS\System32\UMPDC.dll
0x00007ffff6af0000 - 0x00007ffff6b42000 	C:\WINDOWS\System32\shlwapi.dll
0x00007ffff59b0000 - 0x00007ffff59c7000 	C:\WINDOWS\System32\cryptsp.dll
0x00007fffc0400000 - 0x00007fffc041a000 	C:\Program Files\JetBrains\IntelliJ IDEA Educational Edition 2019.3\jbr\bin\net.dll
0x00007fffedde0000 - 0x00007fffeded0000 	C:\WINDOWS\SYSTEM32\WINHTTP.dll
0x00007fffe59c0000 - 0x00007fffe5b96000 	C:\WINDOWS\SYSTEM32\urlmon.dll
0x00007fffe1e40000 - 0x00007fffe20e6000 	C:\WINDOWS\SYSTEM32\iertutil.dll
0x00007ffff52d0000 - 0x00007ffff52dc000 	C:\WINDOWS\SYSTEM32\CRYPTBASE.DLL
0x00007ffff5100000 - 0x00007ffff5167000 	C:\WINDOWS\system32\mswsock.dll
0x00007fffc03e0000 - 0x00007fffc03f4000 	C:\Program Files\JetBrains\IntelliJ IDEA Educational Edition 2019.3\jbr\bin\nio.dll
0x00007fffd8530000 - 0x00007fffd8556000 	C:\Users\User\.gradle\native\29\windows-amd64\native-platform.dll
0x00007fffc03d0000 - 0x00007fffc03da000 	C:\Program Files\JetBrains\IntelliJ IDEA Educational Edition 2019.3\jbr\bin\management.dll
0x00007fffc03c0000 - 0x00007fffc03cc000 	C:\Program Files\JetBrains\IntelliJ IDEA Educational Edition 2019.3\jbr\bin\management_ext.dll
0x00007ffff4c70000 - 0x00007ffff4ca3000 	C:\WINDOWS\system32\rsaenh.dll
0x00007ffff6aa0000 - 0x00007ffff6ac6000 	C:\WINDOWS\System32\bcrypt.dll
0x00007ffff5810000 - 0x00007ffff5835000 	C:\WINDOWS\SYSTEM32\USERENV.dll
0x00007ffff4e10000 - 0x00007ffff4e4a000 	C:\WINDOWS\SYSTEM32\IPHLPAPI.DLL
0x00007ffff89d0000 - 0x00007ffff89d8000 	C:\WINDOWS\System32\NSI.dll
0x00007fffeb780000 - 0x00007fffeb796000 	C:\WINDOWS\SYSTEM32\dhcpcsvc6.DLL
0x00007fffeb760000 - 0x00007fffeb77c000 	C:\WINDOWS\SYSTEM32\dhcpcsvc.DLL
0x00007ffff4ea0000 - 0x00007ffff4f6a000 	C:\WINDOWS\SYSTEM32\DNSAPI.dll

dbghelp: loaded successfully - version: 4.0.5 - missing functions: none
symbol engine: initialized successfully - sym options: 0x614 - pdb path: .;C:\Program Files\JetBrains\IntelliJ IDEA Educational Edition 2019.3\jbr\bin;C:\WINDOWS\SYSTEM32;C:\WINDOWS\WinSxS\amd64_microsoft.windows.common-controls_6595b64144ccf1df_6.0.18362.657_none_e6c5b579130e3898;C:\Program Files\JetBrains\IntelliJ IDEA Educational Edition 2019.3\jbr\bin\server;C:\Users\User\.gradle\native\29\windows-amd64

VM Arguments:
jvm_args: --add-opens=java.base/java.util=ALL-UNNAMED --add-opens=java.base/java.lang=ALL-UNNAMED --add-opens=java.base/java.lang.invoke=ALL-UNNAMED --add-opens=java.prefs/java.util.prefs=ALL-UNNAMED -XX:MaxMetaspaceSize=256m -XX:+HeapDumpOnOutOfMemoryError -Xms256m -Xmx512m -Dfile.encoding=windows-1252 -Duser.country=MY -Duser.language=en -Duser.variant 
java_command: org.gradle.launcher.daemon.bootstrap.GradleDaemon 5.5.1
java_class_path (initial): C:\Users\User\.gradle\wrapper\dists\gradle-5.5.1-all\8yl0syll3fr5m1v472nzznadi\gradle-5.5.1\lib\gradle-launcher-5.5.1.jar
Launcher Type: SUN_STANDARD

[Global flags]
     intx CICompilerCount                          = 4                                         {product} {ergonomic}
   size_t CompressedClassSpaceSize                 = 260046848                                 {product} {ergonomic}
     uint ConcGCThreads                            = 2                                         {product} {ergonomic}
     uint G1ConcRefinementThreads                  = 8                                         {product} {ergonomic}
   size_t G1HeapRegionSize                         = 1048576                                   {product} {ergonomic}
    uintx GCDrainStackTargetSize                   = 64                                        {product} {ergonomic}
     bool HeapDumpOnOutOfMemoryError               = true                                   {manageable} {command line}
   size_t InitialHeapSize                          = 268435456                                 {product} {command line}
   size_t MarkStackSize                            = 4194304                                   {product} {ergonomic}
   size_t MaxHeapSize                              = 536870912                                 {product} {command line}
   size_t MaxMetaspaceSize                         = 268435456                                 {product} {command line}
   size_t MaxNewSize                               = 321912832                                 {product} {ergonomic}
   size_t MinHeapDeltaBytes                        = 1048576                                   {product} {ergonomic}
    uintx NonNMethodCodeHeapSize                   = 5835340                                {pd product} {ergonomic}
    uintx NonProfiledCodeHeapSize                  = 122911450                              {pd product} {ergonomic}
    uintx ProfiledCodeHeapSize                     = 122911450                              {pd product} {ergonomic}
    uintx ReservedCodeCacheSize                    = 251658240                              {pd product} {ergonomic}
     bool SegmentedCodeCache                       = true                                      {product} {ergonomic}
     bool UseCompressedClassPointers               = true                                 {lp64_product} {ergonomic}
     bool UseCompressedOops                        = true                                 {lp64_product} {ergonomic}
     bool UseG1GC                                  = true                                      {product} {ergonomic}
     bool UseLargePagesIndividualAllocation        = false                                  {pd product} {ergonomic}

Logging:
Log output configuration:
 #0: stdout all=warning uptime,level,tags
 #1: stderr all=off uptime,level,tags

Environment Variables:
PATH=C:\Program Files (x86)\Common Files\Oracle\Java\javapath;C:\Windows\system32;C:\Windows;C:\Windows\System32\Wbem;C:\Windows\System32\WindowsPowerShell\v1.0\;C:\Windows\System32\OpenSSH\;C:\Program Files (x86)\NVIDIA Corporation\PhysX\Common;C:\Program Files\NVIDIA Corporation\NVIDIA NvDLISR;C:\WINDOWS\system32;C:\WINDOWS;C:\WINDOWS\System32\Wbem;C:\WINDOWS\System32\WindowsPowerShell\v1.0\;C:\WINDOWS\System32\OpenSSH\;C:\Program Files\Git\cmd;C:\Users\User\AppData\Local\Microsoft\WindowsApps;C:\Users\User\AppData\Local\GitHubDesktop\bin
USERNAME=User
OS=Windows_NT
PROCESSOR_IDENTIFIER=Intel64 Family 6 Model 126 Stepping 5, GenuineIntel



---------------  S Y S T E M  ---------------

OS: Windows 10 , 64 bit Build 18362 (10.0.18362.329)

CPU:total 8 (initial active 8) (4 cores per cpu, 2 threads per core) family 6 model 126 stepping 5, cmov, cx8, fxsr, mmx, sse, sse2, sse3, ssse3, sse4.1, sse4.2, popcnt, avx, avx2, aes, clmul, erms, 3dnowpref, lzcnt, ht, tsc, tscinvbit, bmi1, bmi2, adx, evex, sha, fma

Memory: 4k page, system-wide physical 7963M (309M free)
TotalPageFile size 32539M (AvailPageFile size 0M)
current process WorkingSet (physical memory assigned to process): 43M, peak: 373M
current process commit charge ("private bytes"): 442M, peak: 482M

vm_info: OpenJDK 64-Bit Server VM (11.0.4+10-b520.11) for windows-amd64 JRE (11.0.4+10-b520.11), built on Nov 16 2019 04:35:14 by "" with MS VC++ 14.0 (VS2015)

END.
