#
# A fatal error has been detected by the Java Runtime Environment:
#
#  EXCEPTION_ACCESS_VIOLATION (0xc0000005) at pc=0x00007ff9d45dffc2, pid=6080, tid=4364
#
# JRE version: OpenJDK Runtime Environment (11.0.4+10) (build 11.0.4+10-b520.11)
# Java VM: OpenJDK 64-Bit Server VM (11.0.4+10-b520.11, mixed mode, sharing, tiered, compressed oops, g1 gc, windows-amd64)
# Problematic frame:
# V  [jvm.dll+0x1fffc2]
#
# No core dump will be written. Minidumps are not enabled by default on client versions of Windows
#
# If you would like to submit a bug report, please visit:
#   http://bugreport.java.com/bugreport/crash.jsp
#

---------------  S U M M A R Y ------------

Command Line: -agentlib:jdwp=transport=dt_socket,address=127.0.0.1:52411,suspend=y,server=n --module-path=C:\Users\User\Downloads\javafx-sdk-11.0.2\lib --add-modules=javafx.controls,javafx.fxml -javaagent:C:\Users\User\.IdeaIE2019.3\system\groovyHotSwap\gragent.jar -javaagent:C:\Users\User\.IdeaIE2019.3\system\captureAgent\debugger-agent.jar -Dfile.encoding=UTF-8 Duke

Host: Intel(R) Core(TM) i5-1035G1 CPU @ 1.00GHz, 8 cores, 7G,  Windows 10 , 64 bit Build 18362 (10.0.18362.329)
Time: Sun Jan 26 22:13:46 2020 Malay Peninsula Standard Time elapsed time: 0 seconds (0d 0h 0m 0s)

---------------  T H R E A D  ---------------

Current thread (0x0000026903276000):  JavaThread "C2 CompilerThread0" daemon [_thread_in_native, id=4364, stack(0x0000006a60c00000,0x0000006a60d00000)]


Current CompileTask:
C2:    849  493       4       java.lang.AbstractStringBuilder::ensureCapacityInternal (39 bytes)

Stack: [0x0000006a60c00000,0x0000006a60d00000],  sp=0x0000006a60cfb7b0,  free space=1005k
Native frames: (J=compiled Java code, j=interpreted, Vv=VM code, C=native code)
V  [jvm.dll+0x1fffc2]
V  [jvm.dll+0x1f8659]
V  [jvm.dll+0x1f66ff]
V  [jvm.dll+0x17fd5c]
V  [jvm.dll+0x204ab7]
V  [jvm.dll+0x203352]
V  [jvm.dll+0x6d955f]
V  [jvm.dll+0x6d235d]
V  [jvm.dll+0x5da4f6]
C  [ucrtbase.dll+0x20e72]
C  [KERNEL32.DLL+0x17bd4]
C  [ntdll.dll+0x6ced1]


siginfo: EXCEPTION_ACCESS_VIOLATION (0xc0000005), reading address 0xffffffffffffffff


Register to memory mapping:

RIP=0x00007ff9d45dffc2 jvm.dll
RAX=0x0000000000000003 is an unknown value
RBX=0x68a800000269044e is an unknown value
RCX=0x00000269032b4e10 points into unknown readable memory: d8 83 c4 d4 f9 7f 00 00
RDX=0x0000026904654520 points into unknown readable memory: cb 0f 82 0f 07 c0 79 b2
RSP=0x0000006a60cfb7b0 is pointing into the stack for thread: 0x0000026903276000
RBP=0x0000006a60cfb830 is pointing into the stack for thread: 0x0000026903276000
RSI=0x0000000026702000 is an unknown value
RDI=0x00000269032b4e10 points into unknown readable memory: d8 83 c4 d4 f9 7f 00 00
R8 =0x0000000000000001 is an unknown value
R9 =0x0 is NULL
R10=0x00000000000000a1 is an unknown value
R11=0x0000026904654960 points into unknown readable memory: b0 22 4e 04 69 02 00 00
R12=0x0000000000000078 is an unknown value
R13=0x0000006a60cfc430 is pointing into the stack for thread: 0x0000026903276000
R14=0x00000269044e7a20 points into unknown readable memory: a0 cf ba d4 f9 7f 00 00
R15=0x0000000000000003 is an unknown value


Registers:
RAX=0x0000000000000003, RBX=0x68a800000269044e, RCX=0x00000269032b4e10, RDX=0x0000026904654520
RSP=0x0000006a60cfb7b0, RBP=0x0000006a60cfb830, RSI=0x0000000026702000, RDI=0x00000269032b4e10
R8 =0x0000000000000001, R9 =0x0000000000000000, R10=0x00000000000000a1, R11=0x0000026904654960
R12=0x0000000000000078, R13=0x0000006a60cfc430, R14=0x00000269044e7a20, R15=0x0000000000000003
RIP=0x00007ff9d45dffc2, EFLAGS=0x0000000000010246

Top of Stack: (sp=0x0000006a60cfb7b0)
0x0000006a60cfb7b0:   00000269044e22b0 0000006a60cfb830
0x0000006a60cfb7c0:   0000000000000000 00007ff9d49e8823
0x0000006a60cfb7d0:   000002690296bbb0 00007ff900000100
0x0000006a60cfb7e0:   0000026904654560 00000269000000a4
0x0000006a60cfb7f0:   00007ff9d4c38ea8 000002690296bbb0
0x0000006a60cfb800:   0000000000000010 0000026904654520
0x0000006a60cfb810:   0000000000000000 0000000000000000
0x0000006a60cfb820:   0000006a60cfe570 0000000000000000
0x0000006a60cfb830:   0000026902968a98 0000006a60cfe570
0x0000006a60cfb840:   0000006a60cfb950 00007ff9d45d8659
0x0000006a60cfb850:   00007ff9d4bd6c08 0000006a60cff230
0x0000006a60cfb860:   0000006a00000001 000002690296bbb0
0x0000006a60cfb870:   0000006a60cfb800 0000000000000000
0x0000006a60cfb880:   0000000000000000 0000000000000000
0x0000006a60cfb890:   0000000000000004 ffffffffffffff00
0x0000006a60cfb8a0:   ffffffffffffffff 00007ff9d4bd6c08 

Instructions: (pc=0x00007ff9d45dffc2)
0x00007ff9d45dfec2:   25 83 e0 1f 41 b8 01 00 00 00 0f b6 c8 48 8b 45
0x00007ff9d45dfed2:   d8 48 8d 14 90 41 d3 e0 8b 0a 8b c1 41 0b c8 89
0x00007ff9d45dfee2:   0a 41 23 c0 75 22 8b 45 b8 8b d8 ff c0 89 45 b8
0x00007ff9d45dfef2:   3b 5d a8 72 0b 8b d3 48 8d 4d a0 e8 fe b7 3b 00
0x00007ff9d45dff02:   48 8b 45 b0 48 89 3c d8 41 8b f7 44 89 7d 30 45
0x00007ff9d45dff12:   8b e7 44 39 7d b8 0f 86 30 01 00 00 4c 89 74 24
0x00007ff9d45dff22:   78 0f 1f 40 00 66 0f 1f 84 00 00 00 00 00 48 8b
0x00007ff9d45dff32:   45 b0 41 8b cc 4c 8b 34 c8 41 0f b6 46 2c 24 07
0x00007ff9d45dff42:   3c 04 75 4e 49 8b 5e 30 48 8b cb 48 8b 03 ff 90
0x00007ff9d45dff52:   80 00 00 00 48 8b f8 48 3b c3 74 36 49 8b d6 49
0x00007ff9d45dff62:   8d 8d 88 09 00 00 e8 93 6f 40 00 49 8b d6 49 89
0x00007ff9d45dff72:   7e 30 49 8d 8d 88 09 00 00 e8 70 72 40 00 49 8d
0x00007ff9d45dff82:   8d d8 09 00 00 49 8b d6 e8 01 da ea ff ff c6 89
0x00007ff9d45dff92:   75 30 41 8b 46 1c 85 c0 0f 84 9c 00 00 00 49 8b
0x00007ff9d45dffa2:   f7 44 8b f8 66 66 0f 1f 84 00 00 00 00 00 49 8b
0x00007ff9d45dffb2:   5e 08 48 8b 1c 1e 48 85 db 74 6e f6 c3 01 75 69
0x00007ff9d45dffc2:   48 83 3b fe 74 63 8b 4b 28 8b c1 c1 e8 05 3b 45
0x00007ff9d45dffd2:   d0 72 0f 48 8b 45 c0 8b d1 48 8d 4d c0 ff 50 18
0x00007ff9d45dffe2:   eb 25 83 e1 1f 41 b8 01 00 00 00 41 d3 e0 8b c8
0x00007ff9d45dfff2:   48 8b 45 d8 48 8d 14 88 8b 0c 88 8b c1 41 0b c8
0x00007ff9d45e0002:   89 0a 41 23 c0 75 22 8b 45 b8 8b f8 ff c0 89 45
0x00007ff9d45e0012:   b8 3b 7d a8 72 0b 8b d7 48 8d 4d a0 e8 dd b6 3b
0x00007ff9d45e0022:   00 48 8b 45 b0 48 89 1c f8 48 83 c6 08 49 83 ef
0x00007ff9d45e0032:   01 0f 85 77 ff ff ff 8b 75 30 41 ff c4 44 3b 65
0x00007ff9d45e0042:   b8 0f 82 e7 fe ff ff 4c 8b 74 24 78 49 8b cd e8
0x00007ff9d45e0052:   4a 7a 40 00 4c 8b 7c 24 70 4c 8b a4 24 b8 00 00
0x00007ff9d45e0062:   00 48 8b bc 24 a8 00 00 00 48 8b 9c 24 a0 00 00
0x00007ff9d45e0072:   00 85 f6 7e 08 49 8b cd e8 31 74 40 00 48 81 c4
0x00007ff9d45e0082:   80 00 00 00 41 5d 5e 5d c3 cc cc cc cc cc 40 53
0x00007ff9d45e0092:   57 41 55 41 56 48 83 ec 28 33 ff 4d 8b e8 48 8b
0x00007ff9d45e00a2:   da 44 8b f7 39 3a 0f 8e 8a 00 00 00 48 89 6c 24
0x00007ff9d45e00b2:   50 8b ef 48 89 74 24 60 8b f7 4c 89 7c 24 20 48 


Stack slot to memory mapping:
stack at sp + 0 slots: 0x00000269044e22b0 points into unknown readable memory: 98 43 be d4 f9 7f 00 00
stack at sp + 1 slots: 0x0000006a60cfb830 is pointing into the stack for thread: 0x0000026903276000
stack at sp + 2 slots: 0x0 is NULL
stack at sp + 3 slots: 0x00007ff9d49e8823 jvm.dll
stack at sp + 4 slots: 0x000002690296bbb0 points into unknown readable memory: 06 00 00 00 5a 01 00 01
stack at sp + 5 slots: 0x00007ff900000100 is an unknown value
stack at sp + 6 slots: 0x0000026904654560 points into unknown readable memory: 20 ff 3a 03 69 02 00 00
stack at sp + 7 slots: 0x00000269000000a4 points into unknown readable memory: 00 00 00 00


---------------  P R O C E S S  ---------------

Threads class SMR info:
_java_thread_list=0x0000026904901ff0, length=14, elements={
0x0000026902955800, 0x0000026902957000, 0x000002690296c800, 0x000002690296d800,
0x0000026903276000, 0x0000026903279000, 0x000002690327a000, 0x00000269033ab800,
0x00000269033cb000, 0x0000026903e6d800, 0x0000026903e6e800, 0x0000026903da3800,
0x000002690355a800, 0x0000026968207000
}

Java Threads: ( => current thread )
  0x0000026902955800 JavaThread "Reference Handler" daemon [_thread_blocked, id=8420, stack(0x0000006a60800000,0x0000006a60900000)]
  0x0000026902957000 JavaThread "Finalizer" daemon [_thread_blocked, id=15784, stack(0x0000006a60900000,0x0000006a60a00000)]
  0x000002690296c800 JavaThread "Signal Dispatcher" daemon [_thread_blocked, id=16160, stack(0x0000006a60a00000,0x0000006a60b00000)]
  0x000002690296d800 JavaThread "Attach Listener" daemon [_thread_blocked, id=2760, stack(0x0000006a60b00000,0x0000006a60c00000)]
=>0x0000026903276000 JavaThread "C2 CompilerThread0" daemon [_thread_in_native, id=4364, stack(0x0000006a60c00000,0x0000006a60d00000)]
  0x0000026903279000 JavaThread "C1 CompilerThread0" daemon [_thread_blocked, id=6148, stack(0x0000006a60d00000,0x0000006a60e00000)]
  0x000002690327a000 JavaThread "Sweeper thread" daemon [_thread_blocked, id=4528, stack(0x0000006a60e00000,0x0000006a60f00000)]
  0x00000269033ab800 JavaThread "Common-Cleaner" daemon [_thread_blocked, id=3648, stack(0x0000006a60f00000,0x0000006a61000000)]
  0x00000269033cb000 JavaThread "C2 CompilerThread1" daemon [_thread_blocked, id=3580, stack(0x0000006a61000000,0x0000006a61100000)]
  0x0000026903e6d800 JavaThread "JDWP Transport Listener: dt_socket" daemon [_thread_blocked, id=16144, stack(0x0000006a61200000,0x0000006a61300000)]
  0x0000026903e6e800 JavaThread "JDWP Event Helper Thread" daemon [_thread_blocked, id=14864, stack(0x0000006a61300000,0x0000006a61400000)]
  0x0000026903da3800 JavaThread "JDWP Command Reader" daemon [_thread_in_native, id=15632, stack(0x0000006a61400000,0x0000006a61500000)]
  0x000002690355a800 JavaThread "Service Thread" daemon [_thread_blocked, id=7816, stack(0x0000006a61100000,0x0000006a61200000)]
  0x0000026968207000 JavaThread "DestroyJavaVM" [_thread_blocked, id=13548, stack(0x0000006a60100000,0x0000006a60200000)]

Other Threads:
  0x0000026902954800 VMThread "VM Thread" [stack: 0x0000006a60700000,0x0000006a60800000] [id=16236]
  0x0000026903eb8000 WatcherThread [stack: 0x0000006a61500000,0x0000006a61600000] [id=5460]
  0x000002696821d000 GCTaskThread "GC Thread#0" [stack: 0x0000006a60200000,0x0000006a60300000] [id=3276]
  0x0000026968256000 ConcurrentGCThread "G1 Main Marker" [stack: 0x0000006a60300000,0x0000006a60400000] [id=10076]
  0x0000026968258800 ConcurrentGCThread "G1 Conc#0" [stack: 0x0000006a60400000,0x0000006a60500000] [id=9960]
  0x00000269027df800 ConcurrentGCThread "G1 Refine#0" [stack: 0x0000006a60500000,0x0000006a60600000] [id=16224]
  0x00000269027e2800 ConcurrentGCThread "G1 Young RemSet Sampling" [stack: 0x0000006a60600000,0x0000006a60700000] [id=13204]

Threads with active compile tasks:
C2 CompilerThread0 493       4       java.lang.AbstractStringBuilder::ensureCapacityInternal (39 bytes)

VM state:not at safepoint (normal execution)

VM Mutex/Monitor currently owned by a thread: None

Heap address: 0x0000000083800000, size: 1992 MB, Compressed Oops mode: 32-bit
Narrow klass base: 0x0000000800000000, Narrow klass shift: 3
Compressed class space size: 1073741824 Address: 0x0000000840000000

Heap:
 garbage-first heap   total 129024K, used 8192K [0x0000000083800000, 0x0000000100000000)
  region size 1024K, 10 young (10240K), 0 survivors (0K)
 Metaspace       used 1289K, capacity 4838K, committed 4864K, reserved 1056768K
  class space    used 138K, capacity 487K, committed 512K, reserved 1048576K
Heap Regions: E=young(eden), S=young(survivor), O=old, HS=humongous(starts), HC=humongous(continues), CS=collection set, F=free, A=archive, TAMS=top-at-mark-start (previous, next)
|   0|0x0000000083800000, 0x0000000083800000, 0x0000000083900000|  0%| F|  |TAMS 0x0000000083800000, 0x0000000083800000| Untracked 
|   1|0x0000000083900000, 0x0000000083900000, 0x0000000083a00000|  0%| F|  |TAMS 0x0000000083900000, 0x0000000083900000| Untracked 
|   2|0x0000000083a00000, 0x0000000083a00000, 0x0000000083b00000|  0%| F|  |TAMS 0x0000000083a00000, 0x0000000083a00000| Untracked 
|   3|0x0000000083b00000, 0x0000000083b00000, 0x0000000083c00000|  0%| F|  |TAMS 0x0000000083b00000, 0x0000000083b00000| Untracked 
|   4|0x0000000083c00000, 0x0000000083c00000, 0x0000000083d00000|  0%| F|  |TAMS 0x0000000083c00000, 0x0000000083c00000| Untracked 
|   5|0x0000000083d00000, 0x0000000083d00000, 0x0000000083e00000|  0%| F|  |TAMS 0x0000000083d00000, 0x0000000083d00000| Untracked 
|   6|0x0000000083e00000, 0x0000000083e00000, 0x0000000083f00000|  0%| F|  |TAMS 0x0000000083e00000, 0x0000000083e00000| Untracked 
|   7|0x0000000083f00000, 0x0000000083f00000, 0x0000000084000000|  0%| F|  |TAMS 0x0000000083f00000, 0x0000000083f00000| Untracked 
|   8|0x0000000084000000, 0x0000000084000000, 0x0000000084100000|  0%| F|  |TAMS 0x0000000084000000, 0x0000000084000000| Untracked 
|   9|0x0000000084100000, 0x0000000084100000, 0x0000000084200000|  0%| F|  |TAMS 0x0000000084100000, 0x0000000084100000| Untracked 
|  10|0x0000000084200000, 0x0000000084200000, 0x0000000084300000|  0%| F|  |TAMS 0x0000000084200000, 0x0000000084200000| Untracked 
|  11|0x0000000084300000, 0x0000000084300000, 0x0000000084400000|  0%| F|  |TAMS 0x0000000084300000, 0x0000000084300000| Untracked 
|  12|0x0000000084400000, 0x0000000084400000, 0x0000000084500000|  0%| F|  |TAMS 0x0000000084400000, 0x0000000084400000| Untracked 
|  13|0x0000000084500000, 0x0000000084500000, 0x0000000084600000|  0%| F|  |TAMS 0x0000000084500000, 0x0000000084500000| Untracked 
|  14|0x0000000084600000, 0x0000000084600000, 0x0000000084700000|  0%| F|  |TAMS 0x0000000084600000, 0x0000000084600000| Untracked 
|  15|0x0000000084700000, 0x0000000084700000, 0x0000000084800000|  0%| F|  |TAMS 0x0000000084700000, 0x0000000084700000| Untracked 
|  16|0x0000000084800000, 0x0000000084800000, 0x0000000084900000|  0%| F|  |TAMS 0x0000000084800000, 0x0000000084800000| Untracked 
|  17|0x0000000084900000, 0x0000000084900000, 0x0000000084a00000|  0%| F|  |TAMS 0x0000000084900000, 0x0000000084900000| Untracked 
|  18|0x0000000084a00000, 0x0000000084a00000, 0x0000000084b00000|  0%| F|  |TAMS 0x0000000084a00000, 0x0000000084a00000| Untracked 
|  19|0x0000000084b00000, 0x0000000084b00000, 0x0000000084c00000|  0%| F|  |TAMS 0x0000000084b00000, 0x0000000084b00000| Untracked 
|  20|0x0000000084c00000, 0x0000000084c00000, 0x0000000084d00000|  0%| F|  |TAMS 0x0000000084c00000, 0x0000000084c00000| Untracked 
|  21|0x0000000084d00000, 0x0000000084d00000, 0x0000000084e00000|  0%| F|  |TAMS 0x0000000084d00000, 0x0000000084d00000| Untracked 
|  22|0x0000000084e00000, 0x0000000084e00000, 0x0000000084f00000|  0%| F|  |TAMS 0x0000000084e00000, 0x0000000084e00000| Untracked 
|  23|0x0000000084f00000, 0x0000000084f00000, 0x0000000085000000|  0%| F|  |TAMS 0x0000000084f00000, 0x0000000084f00000| Untracked 
|  24|0x0000000085000000, 0x0000000085000000, 0x0000000085100000|  0%| F|  |TAMS 0x0000000085000000, 0x0000000085000000| Untracked 
|  25|0x0000000085100000, 0x0000000085100000, 0x0000000085200000|  0%| F|  |TAMS 0x0000000085100000, 0x0000000085100000| Untracked 
|  26|0x0000000085200000, 0x0000000085200000, 0x0000000085300000|  0%| F|  |TAMS 0x0000000085200000, 0x0000000085200000| Untracked 
|  27|0x0000000085300000, 0x0000000085300000, 0x0000000085400000|  0%| F|  |TAMS 0x0000000085300000, 0x0000000085300000| Untracked 
|  28|0x0000000085400000, 0x0000000085400000, 0x0000000085500000|  0%| F|  |TAMS 0x0000000085400000, 0x0000000085400000| Untracked 
|  29|0x0000000085500000, 0x0000000085500000, 0x0000000085600000|  0%| F|  |TAMS 0x0000000085500000, 0x0000000085500000| Untracked 
|  30|0x0000000085600000, 0x0000000085600000, 0x0000000085700000|  0%| F|  |TAMS 0x0000000085600000, 0x0000000085600000| Untracked 
|  31|0x0000000085700000, 0x0000000085700000, 0x0000000085800000|  0%| F|  |TAMS 0x0000000085700000, 0x0000000085700000| Untracked 
|  32|0x0000000085800000, 0x0000000085800000, 0x0000000085900000|  0%| F|  |TAMS 0x0000000085800000, 0x0000000085800000| Untracked 
|  33|0x0000000085900000, 0x0000000085900000, 0x0000000085a00000|  0%| F|  |TAMS 0x0000000085900000, 0x0000000085900000| Untracked 
|  34|0x0000000085a00000, 0x0000000085a00000, 0x0000000085b00000|  0%| F|  |TAMS 0x0000000085a00000, 0x0000000085a00000| Untracked 
|  35|0x0000000085b00000, 0x0000000085b00000, 0x0000000085c00000|  0%| F|  |TAMS 0x0000000085b00000, 0x0000000085b00000| Untracked 
|  36|0x0000000085c00000, 0x0000000085c00000, 0x0000000085d00000|  0%| F|  |TAMS 0x0000000085c00000, 0x0000000085c00000| Untracked 
|  37|0x0000000085d00000, 0x0000000085d00000, 0x0000000085e00000|  0%| F|  |TAMS 0x0000000085d00000, 0x0000000085d00000| Untracked 
|  38|0x0000000085e00000, 0x0000000085e00000, 0x0000000085f00000|  0%| F|  |TAMS 0x0000000085e00000, 0x0000000085e00000| Untracked 
|  39|0x0000000085f00000, 0x0000000085f00000, 0x0000000086000000|  0%| F|  |TAMS 0x0000000085f00000, 0x0000000085f00000| Untracked 
|  40|0x0000000086000000, 0x0000000086000000, 0x0000000086100000|  0%| F|  |TAMS 0x0000000086000000, 0x0000000086000000| Untracked 
|  41|0x0000000086100000, 0x0000000086100000, 0x0000000086200000|  0%| F|  |TAMS 0x0000000086100000, 0x0000000086100000| Untracked 
|  42|0x0000000086200000, 0x0000000086200000, 0x0000000086300000|  0%| F|  |TAMS 0x0000000086200000, 0x0000000086200000| Untracked 
|  43|0x0000000086300000, 0x0000000086300000, 0x0000000086400000|  0%| F|  |TAMS 0x0000000086300000, 0x0000000086300000| Untracked 
|  44|0x0000000086400000, 0x0000000086400000, 0x0000000086500000|  0%| F|  |TAMS 0x0000000086400000, 0x0000000086400000| Untracked 
|  45|0x0000000086500000, 0x0000000086500000, 0x0000000086600000|  0%| F|  |TAMS 0x0000000086500000, 0x0000000086500000| Untracked 
|  46|0x0000000086600000, 0x0000000086600000, 0x0000000086700000|  0%| F|  |TAMS 0x0000000086600000, 0x0000000086600000| Untracked 
|  47|0x0000000086700000, 0x0000000086700000, 0x0000000086800000|  0%| F|  |TAMS 0x0000000086700000, 0x0000000086700000| Untracked 
|  48|0x0000000086800000, 0x0000000086800000, 0x0000000086900000|  0%| F|  |TAMS 0x0000000086800000, 0x0000000086800000| Untracked 
|  49|0x0000000086900000, 0x0000000086900000, 0x0000000086a00000|  0%| F|  |TAMS 0x0000000086900000, 0x0000000086900000| Untracked 
|  50|0x0000000086a00000, 0x0000000086a00000, 0x0000000086b00000|  0%| F|  |TAMS 0x0000000086a00000, 0x0000000086a00000| Untracked 
|  51|0x0000000086b00000, 0x0000000086b00000, 0x0000000086c00000|  0%| F|  |TAMS 0x0000000086b00000, 0x0000000086b00000| Untracked 
|  52|0x0000000086c00000, 0x0000000086c00000, 0x0000000086d00000|  0%| F|  |TAMS 0x0000000086c00000, 0x0000000086c00000| Untracked 
|  53|0x0000000086d00000, 0x0000000086d00000, 0x0000000086e00000|  0%| F|  |TAMS 0x0000000086d00000, 0x0000000086d00000| Untracked 
|  54|0x0000000086e00000, 0x0000000086e00000, 0x0000000086f00000|  0%| F|  |TAMS 0x0000000086e00000, 0x0000000086e00000| Untracked 
|  55|0x0000000086f00000, 0x0000000086f00000, 0x0000000087000000|  0%| F|  |TAMS 0x0000000086f00000, 0x0000000086f00000| Untracked 
|  56|0x0000000087000000, 0x0000000087000000, 0x0000000087100000|  0%| F|  |TAMS 0x0000000087000000, 0x0000000087000000| Untracked 
|  57|0x0000000087100000, 0x0000000087100000, 0x0000000087200000|  0%| F|  |TAMS 0x0000000087100000, 0x0000000087100000| Untracked 
|  58|0x0000000087200000, 0x0000000087200000, 0x0000000087300000|  0%| F|  |TAMS 0x0000000087200000, 0x0000000087200000| Untracked 
|  59|0x0000000087300000, 0x0000000087300000, 0x0000000087400000|  0%| F|  |TAMS 0x0000000087300000, 0x0000000087300000| Untracked 
|  60|0x0000000087400000, 0x0000000087400000, 0x0000000087500000|  0%| F|  |TAMS 0x0000000087400000, 0x0000000087400000| Untracked 
|  61|0x0000000087500000, 0x0000000087500000, 0x0000000087600000|  0%| F|  |TAMS 0x0000000087500000, 0x0000000087500000| Untracked 
|  62|0x0000000087600000, 0x0000000087600000, 0x0000000087700000|  0%| F|  |TAMS 0x0000000087600000, 0x0000000087600000| Untracked 
|  63|0x0000000087700000, 0x0000000087700000, 0x0000000087800000|  0%| F|  |TAMS 0x0000000087700000, 0x0000000087700000| Untracked 
|  64|0x0000000087800000, 0x0000000087800000, 0x0000000087900000|  0%| F|  |TAMS 0x0000000087800000, 0x0000000087800000| Untracked 
|  65|0x0000000087900000, 0x0000000087900000, 0x0000000087a00000|  0%| F|  |TAMS 0x0000000087900000, 0x0000000087900000| Untracked 
|  66|0x0000000087a00000, 0x0000000087a00000, 0x0000000087b00000|  0%| F|  |TAMS 0x0000000087a00000, 0x0000000087a00000| Untracked 
|  67|0x0000000087b00000, 0x0000000087b00000, 0x0000000087c00000|  0%| F|  |TAMS 0x0000000087b00000, 0x0000000087b00000| Untracked 
|  68|0x0000000087c00000, 0x0000000087c00000, 0x0000000087d00000|  0%| F|  |TAMS 0x0000000087c00000, 0x0000000087c00000| Untracked 
|  69|0x0000000087d00000, 0x0000000087d00000, 0x0000000087e00000|  0%| F|  |TAMS 0x0000000087d00000, 0x0000000087d00000| Untracked 
|  70|0x0000000087e00000, 0x0000000087e00000, 0x0000000087f00000|  0%| F|  |TAMS 0x0000000087e00000, 0x0000000087e00000| Untracked 
|  71|0x0000000087f00000, 0x0000000087f00000, 0x0000000088000000|  0%| F|  |TAMS 0x0000000087f00000, 0x0000000087f00000| Untracked 
|  72|0x0000000088000000, 0x0000000088000000, 0x0000000088100000|  0%| F|  |TAMS 0x0000000088000000, 0x0000000088000000| Untracked 
|  73|0x0000000088100000, 0x0000000088100000, 0x0000000088200000|  0%| F|  |TAMS 0x0000000088100000, 0x0000000088100000| Untracked 
|  74|0x0000000088200000, 0x0000000088200000, 0x0000000088300000|  0%| F|  |TAMS 0x0000000088200000, 0x0000000088200000| Untracked 
|  75|0x0000000088300000, 0x0000000088300000, 0x0000000088400000|  0%| F|  |TAMS 0x0000000088300000, 0x0000000088300000| Untracked 
|  76|0x0000000088400000, 0x0000000088400000, 0x0000000088500000|  0%| F|  |TAMS 0x0000000088400000, 0x0000000088400000| Untracked 
|  77|0x0000000088500000, 0x0000000088500000, 0x0000000088600000|  0%| F|  |TAMS 0x0000000088500000, 0x0000000088500000| Untracked 
|  78|0x0000000088600000, 0x0000000088600000, 0x0000000088700000|  0%| F|  |TAMS 0x0000000088600000, 0x0000000088600000| Untracked 
|  79|0x0000000088700000, 0x0000000088700000, 0x0000000088800000|  0%| F|  |TAMS 0x0000000088700000, 0x0000000088700000| Untracked 
|  80|0x0000000088800000, 0x0000000088800000, 0x0000000088900000|  0%| F|  |TAMS 0x0000000088800000, 0x0000000088800000| Untracked 
|  81|0x0000000088900000, 0x0000000088900000, 0x0000000088a00000|  0%| F|  |TAMS 0x0000000088900000, 0x0000000088900000| Untracked 
|  82|0x0000000088a00000, 0x0000000088a00000, 0x0000000088b00000|  0%| F|  |TAMS 0x0000000088a00000, 0x0000000088a00000| Untracked 
|  83|0x0000000088b00000, 0x0000000088b00000, 0x0000000088c00000|  0%| F|  |TAMS 0x0000000088b00000, 0x0000000088b00000| Untracked 
|  84|0x0000000088c00000, 0x0000000088c00000, 0x0000000088d00000|  0%| F|  |TAMS 0x0000000088c00000, 0x0000000088c00000| Untracked 
|  85|0x0000000088d00000, 0x0000000088d00000, 0x0000000088e00000|  0%| F|  |TAMS 0x0000000088d00000, 0x0000000088d00000| Untracked 
|  86|0x0000000088e00000, 0x0000000088e00000, 0x0000000088f00000|  0%| F|  |TAMS 0x0000000088e00000, 0x0000000088e00000| Untracked 
|  87|0x0000000088f00000, 0x0000000088f00000, 0x0000000089000000|  0%| F|  |TAMS 0x0000000088f00000, 0x0000000088f00000| Untracked 
|  88|0x0000000089000000, 0x0000000089000000, 0x0000000089100000|  0%| F|  |TAMS 0x0000000089000000, 0x0000000089000000| Untracked 
|  89|0x0000000089100000, 0x0000000089100000, 0x0000000089200000|  0%| F|  |TAMS 0x0000000089100000, 0x0000000089100000| Untracked 
|  90|0x0000000089200000, 0x0000000089200000, 0x0000000089300000|  0%| F|  |TAMS 0x0000000089200000, 0x0000000089200000| Untracked 
|  91|0x0000000089300000, 0x0000000089300000, 0x0000000089400000|  0%| F|  |TAMS 0x0000000089300000, 0x0000000089300000| Untracked 
|  92|0x0000000089400000, 0x0000000089400000, 0x0000000089500000|  0%| F|  |TAMS 0x0000000089400000, 0x0000000089400000| Untracked 
|  93|0x0000000089500000, 0x0000000089500000, 0x0000000089600000|  0%| F|  |TAMS 0x0000000089500000, 0x0000000089500000| Untracked 
|  94|0x0000000089600000, 0x0000000089600000, 0x0000000089700000|  0%| F|  |TAMS 0x0000000089600000, 0x0000000089600000| Untracked 
|  95|0x0000000089700000, 0x0000000089700000, 0x0000000089800000|  0%| F|  |TAMS 0x0000000089700000, 0x0000000089700000| Untracked 
|  96|0x0000000089800000, 0x0000000089800000, 0x0000000089900000|  0%| F|  |TAMS 0x0000000089800000, 0x0000000089800000| Untracked 
|  97|0x0000000089900000, 0x0000000089900000, 0x0000000089a00000|  0%| F|  |TAMS 0x0000000089900000, 0x0000000089900000| Untracked 
|  98|0x0000000089a00000, 0x0000000089a00000, 0x0000000089b00000|  0%| F|  |TAMS 0x0000000089a00000, 0x0000000089a00000| Untracked 
|  99|0x0000000089b00000, 0x0000000089b00000, 0x0000000089c00000|  0%| F|  |TAMS 0x0000000089b00000, 0x0000000089b00000| Untracked 
| 100|0x0000000089c00000, 0x0000000089c00000, 0x0000000089d00000|  0%| F|  |TAMS 0x0000000089c00000, 0x0000000089c00000| Untracked 
| 101|0x0000000089d00000, 0x0000000089d00000, 0x0000000089e00000|  0%| F|  |TAMS 0x0000000089d00000, 0x0000000089d00000| Untracked 
| 102|0x0000000089e00000, 0x0000000089e00000, 0x0000000089f00000|  0%| F|  |TAMS 0x0000000089e00000, 0x0000000089e00000| Untracked 
| 103|0x0000000089f00000, 0x0000000089f00000, 0x000000008a000000|  0%| F|  |TAMS 0x0000000089f00000, 0x0000000089f00000| Untracked 
| 104|0x000000008a000000, 0x000000008a000000, 0x000000008a100000|  0%| F|  |TAMS 0x000000008a000000, 0x000000008a000000| Untracked 
| 105|0x000000008a100000, 0x000000008a100000, 0x000000008a200000|  0%| F|  |TAMS 0x000000008a100000, 0x000000008a100000| Untracked 
| 106|0x000000008a200000, 0x000000008a200000, 0x000000008a300000|  0%| F|  |TAMS 0x000000008a200000, 0x000000008a200000| Untracked 
| 107|0x000000008a300000, 0x000000008a300000, 0x000000008a400000|  0%| F|  |TAMS 0x000000008a300000, 0x000000008a300000| Untracked 
| 108|0x000000008a400000, 0x000000008a400000, 0x000000008a500000|  0%| F|  |TAMS 0x000000008a400000, 0x000000008a400000| Untracked 
| 109|0x000000008a500000, 0x000000008a500000, 0x000000008a600000|  0%| F|  |TAMS 0x000000008a500000, 0x000000008a500000| Untracked 
| 110|0x000000008a600000, 0x000000008a600000, 0x000000008a700000|  0%| F|  |TAMS 0x000000008a600000, 0x000000008a600000| Untracked 
| 111|0x000000008a700000, 0x000000008a700000, 0x000000008a800000|  0%| F|  |TAMS 0x000000008a700000, 0x000000008a700000| Untracked 
| 112|0x000000008a800000, 0x000000008a800000, 0x000000008a900000|  0%| F|  |TAMS 0x000000008a800000, 0x000000008a800000| Untracked 
| 113|0x000000008a900000, 0x000000008a900000, 0x000000008aa00000|  0%| F|  |TAMS 0x000000008a900000, 0x000000008a900000| Untracked 
| 114|0x000000008aa00000, 0x000000008aa00000, 0x000000008ab00000|  0%| F|  |TAMS 0x000000008aa00000, 0x000000008aa00000| Untracked 
| 115|0x000000008ab00000, 0x000000008ab00000, 0x000000008ac00000|  0%| F|  |TAMS 0x000000008ab00000, 0x000000008ab00000| Untracked 
| 116|0x000000008ac00000, 0x000000008ad00000, 0x000000008ad00000|100%| E|  |TAMS 0x000000008ac00000, 0x000000008ac00000| Complete 
| 117|0x000000008ad00000, 0x000000008ae00000, 0x000000008ae00000|100%| E|CS|TAMS 0x000000008ad00000, 0x000000008ad00000| Complete 
| 118|0x000000008ae00000, 0x000000008af00000, 0x000000008af00000|100%| E|  |TAMS 0x000000008ae00000, 0x000000008ae00000| Complete 
| 119|0x000000008af00000, 0x000000008b000000, 0x000000008b000000|100%| E|CS|TAMS 0x000000008af00000, 0x000000008af00000| Complete 
| 120|0x000000008b000000, 0x000000008b100000, 0x000000008b100000|100%| E|CS|TAMS 0x000000008b000000, 0x000000008b000000| Complete 
| 121|0x000000008b100000, 0x000000008b200000, 0x000000008b200000|100%| E|CS|TAMS 0x000000008b100000, 0x000000008b100000| Complete 
| 122|0x000000008b200000, 0x000000008b300000, 0x000000008b300000|100%| E|CS|TAMS 0x000000008b200000, 0x000000008b200000| Complete 
| 123|0x000000008b300000, 0x000000008b400000, 0x000000008b400000|100%| E|CS|TAMS 0x000000008b300000, 0x000000008b300000| Complete 
| 124|0x000000008b400000, 0x000000008b500000, 0x000000008b500000|100%| E|CS|TAMS 0x000000008b400000, 0x000000008b400000| Complete 
| 125|0x000000008b500000, 0x000000008b600000, 0x000000008b600000|100%| E|CS|TAMS 0x000000008b500000, 0x000000008b500000| Complete 

Card table byte_map: [0x000002697b7e0000,0x000002697bbd0000] _byte_map_base: 0x000002697b3c4000

Marking Bits (Prev, Next): (CMBitMap*) 0x000002696824d538, (CMBitMap*) 0x000002696824d570
 Prev Bits: [0x000002697bfc0000, 0x000002697dee0000)
 Next Bits: [0x000002697dee0000, 0x000002697fe00000)

Polling page: 0x0000026965fc0000

Metaspace:

Usage:
  Non-class:      4.25 MB capacity,     1.12 MB ( 26%) used,     3.12 MB ( 73%) free+waste,     7.75 KB ( <1%) overhead. 
      Class:    487.00 KB capacity,   138.85 KB ( 29%) used,   343.84 KB ( 71%) free+waste,     4.31 KB ( <1%) overhead. 
       Both:      4.72 MB capacity,     1.26 MB ( 27%) used,     3.45 MB ( 73%) free+waste,    12.06 KB ( <1%) overhead. 

Virtual space:
  Non-class space:        8.00 MB reserved,       4.25 MB ( 53%) committed 
      Class space:        1.00 GB reserved,     512.00 KB ( <1%) committed 
             Both:        1.01 GB reserved,       4.75 MB ( <1%) committed 

Chunk freelists:
   Non-Class:  1.00 KB
       Class:  0 bytes
        Both:  1.00 KB

CodeHeap 'non-profiled nmethods': size=120000Kb used=255Kb max_used=255Kb free=119744Kb
 bounds [0x0000026973b90000, 0x0000026973e00000, 0x000002697b0c0000]
CodeHeap 'profiled nmethods': size=120000Kb used=722Kb max_used=722Kb free=119277Kb
 bounds [0x000002696c660000, 0x000002696c8d0000, 0x0000026973b90000]
CodeHeap 'non-nmethods': size=5760Kb used=1157Kb max_used=1207Kb free=4602Kb
 bounds [0x000002696c0c0000, 0x000002696c330000, 0x000002696c660000]
 total_blobs=1004 nmethods=502 adapters=263
 compilation: enabled
              stopped_count=0, restarted_count=0
 full_count=0

Compilation events (10 events):
Event: 0.832 Thread 0x0000026903279000  475       3       java.util.ImmutableCollections$List12::get (32 bytes)
Event: 0.832 Thread 0x0000026903279000 nmethod 475 0x000002696c702f10 code [0x000002696c7030e0, 0x000002696c703410]
Event: 0.832 Thread 0x0000026903279000  481       3       java.lang.invoke.MethodHandles$Lookup::lookupClassOrNull (17 bytes)
Event: 0.832 Thread 0x0000026903279000 nmethod 481 0x000002696c703510 code [0x000002696c7036c0, 0x000002696c7038b8]
Event: 0.832 Thread 0x0000026903279000  482       3       java.lang.invoke.LambdaForm$Name::<init> (54 bytes)
Event: 0.832 Thread 0x0000026903279000 nmethod 482 0x000002696c703990 code [0x000002696c703b60, 0x000002696c703e98]
Event: 0.832 Thread 0x0000026903279000  480       3       java.lang.invoke.LambdaForm::parameter (52 bytes)
Event: 0.833 Thread 0x0000026903279000 nmethod 480 0x000002696c703f90 code [0x000002696c704140, 0x000002696c704318]
Event: 0.833 Thread 0x0000026903279000  485       3       jdk.internal.org.objectweb.asm.Frame::execute (2264 bytes)
Event: 0.836 Thread 0x0000026903276000  493       4       java.lang.AbstractStringBuilder::ensureCapacityInternal (39 bytes)

GC Heap History (0 events):
No events

Deoptimization events (10 events):
Event: 0.766 Thread 0x0000026968207000 DEOPT PACKING pc=0x0000026973bb03f4 sp=0x0000006a601fe320
Event: 0.766 Thread 0x0000026968207000 DEOPT UNPACKING pc=0x000002696c0c802f sp=0x0000006a601fe2c0 mode 2
Event: 0.766 Thread 0x0000026968207000 Uncommon trap: trap_request=0xffffffde fr.pc=0x0000026973bb03f4 relative=0x00000000000015d4
Event: 0.766 Thread 0x0000026968207000 Uncommon trap: reason=class_check action=maybe_recompile pc=0x0000026973bb03f4 method=java.util.HashMap.putVal(ILjava/lang/Object;Ljava/lang/Object;ZZ)Ljava/lang/Object; @ 152 c2
Event: 0.766 Thread 0x0000026968207000 DEOPT PACKING pc=0x0000026973bb03f4 sp=0x0000006a601fe320
Event: 0.766 Thread 0x0000026968207000 DEOPT UNPACKING pc=0x000002696c0c802f sp=0x0000006a601fe2c0 mode 2
Event: 0.806 Thread 0x0000026968207000 Uncommon trap: trap_request=0xffffff4d fr.pc=0x0000026973b95608 relative=0x00000000000000e8
Event: 0.806 Thread 0x0000026968207000 Uncommon trap: reason=unstable_if action=reinterpret pc=0x0000026973b95608 method=java.lang.String.isLatin1()Z @ 10 c2
Event: 0.806 Thread 0x0000026968207000 DEOPT PACKING pc=0x0000026973b95608 sp=0x0000006a601feb70
Event: 0.806 Thread 0x0000026968207000 DEOPT UNPACKING pc=0x000002696c0c802f sp=0x0000006a601feac0 mode 2

Classes redefined (0 events):
No events

Internal exceptions (3 events):
Event: 0.102 Thread 0x0000026968207000 Exception <a 'sun/nio/fs/WindowsException'{0x000000008b458200}> (0x000000008b458200) thrown at [c:/BuildAgent/work/5ff2f6c26000d570/src/hotspot/share/prims/jni.cpp, line 615]
Event: 0.103 Thread 0x0000026968207000 Exception <a 'sun/nio/fs/WindowsException'{0x000000008b4586b0}> (0x000000008b4586b0) thrown at [c:/BuildAgent/work/5ff2f6c26000d570/src/hotspot/share/prims/jni.cpp, line 615]
Event: 0.118 Thread 0x0000026968207000 Exception <a 'java/lang/NoSuchMethodError'{0x000000008b4808c0}: 'int java.lang.invoke.DirectMethodHandle$Holder.invokeSpecialIFC(java.lang.Object, java.lang.Object, int)'> (0x000000008b4808c0) thrown at [c:/BuildAgent/work/5ff2f6c26000d570/src/hotspot/sha

Events (10 events):
Event: 0.824 loading class java/lang/invoke/BoundMethodHandle$Species_LLL
Event: 0.825 loading class java/lang/invoke/BoundMethodHandle$Species_LLL done
Event: 0.826 loading class java/lang/invoke/BoundMethodHandle$Species_LLLL
Event: 0.827 loading class java/lang/invoke/BoundMethodHandle$Species_LLLL done
Event: 0.831 loading class java/lang/invoke/BoundMethodHandle$Species_LLLLL
Event: 0.831 loading class java/lang/invoke/BoundMethodHandle$Species_LLLLL done
Event: 0.833 loading class java/lang/invoke/BoundMethodHandle$Species_LLLLLL
Event: 0.834 loading class java/lang/invoke/BoundMethodHandle$Species_LLLLLL done
Event: 0.837 loading class java/lang/invoke/BoundMethodHandle$Species_LLLLLLI
Event: 0.837 loading class java/lang/invoke/BoundMethodHandle$Species_LLLLLLI done


Dynamic libraries:
0x00007ff7fdb60000 - 0x00007ff7fdba7000 	C:\Program Files\JetBrains\IntelliJ IDEA Educational Edition 2019.3\jbr\bin\java.exe
0x00007ffa55ba0000 - 0x00007ffa55d90000 	C:\WINDOWS\SYSTEM32\ntdll.dll
0x00007ffa547a0000 - 0x00007ffa54852000 	C:\WINDOWS\System32\KERNEL32.DLL
0x00007ffa52c10000 - 0x00007ffa52eb3000 	C:\WINDOWS\System32\KERNELBASE.dll
0x00007ffa4d210000 - 0x00007ffa4d29f000 	C:\WINDOWS\SYSTEM32\apphelp.dll
0x00007ffa556a0000 - 0x00007ffa55834000 	C:\WINDOWS\System32\USER32.dll
0x00007ffa52be0000 - 0x00007ffa52c01000 	C:\WINDOWS\System32\win32u.dll
0x00007ffa53fa0000 - 0x00007ffa53fc6000 	C:\WINDOWS\System32\GDI32.dll
0x00007ffa53010000 - 0x00007ffa531a4000 	C:\WINDOWS\System32\gdi32full.dll
0x00007ffa531b0000 - 0x00007ffa5324e000 	C:\WINDOWS\System32\msvcp_win.dll
0x00007ffa53a30000 - 0x00007ffa53b2a000 	C:\WINDOWS\System32\ucrtbase.dll
0x00007ffa40eb0000 - 0x00007ffa41135000 	C:\WINDOWS\WinSxS\amd64_microsoft.windows.common-controls_6595b64144ccf1df_6.0.18362.592_none_e6c0b1911312be02\COMCTL32.dll
0x00007ffa54d30000 - 0x00007ffa54dce000 	C:\WINDOWS\System32\msvcrt.dll
0x00007ffa54910000 - 0x00007ffa54c46000 	C:\WINDOWS\System32\combase.dll
0x00007ffa54e50000 - 0x00007ffa54f70000 	C:\WINDOWS\System32\RPCRT4.dll
0x00007ffa53b30000 - 0x00007ffa53bb0000 	C:\WINDOWS\System32\bcryptPrimitives.dll
0x00007ffa54f70000 - 0x00007ffa54f9e000 	C:\WINDOWS\System32\IMM32.DLL
0x00007ffa2c400000 - 0x00007ffa2c417000 	C:\Program Files\JetBrains\IntelliJ IDEA Educational Edition 2019.3\jbr\bin\vcruntime140.dll
0x00007ffa279f0000 - 0x00007ffa27a8d000 	C:\Program Files\JetBrains\IntelliJ IDEA Educational Edition 2019.3\jbr\bin\msvcp140.dll
0x00007ff9d43e0000 - 0x00007ff9d4e98000 	C:\Program Files\JetBrains\IntelliJ IDEA Educational Edition 2019.3\jbr\bin\server\jvm.dll
0x00007ffa54860000 - 0x00007ffa54903000 	C:\WINDOWS\System32\ADVAPI32.dll
0x00007ffa559f0000 - 0x00007ffa55a87000 	C:\WINDOWS\System32\sechost.dll
0x00007ffa54720000 - 0x00007ffa54728000 	C:\WINDOWS\System32\PSAPI.DLL
0x00007ffa4a9b0000 - 0x00007ffa4a9b9000 	C:\WINDOWS\SYSTEM32\WSOCK32.dll
0x00007ffa54730000 - 0x00007ffa5479f000 	C:\WINDOWS\System32\WS2_32.dll
0x00007ffa4afd0000 - 0x00007ffa4aff4000 	C:\WINDOWS\SYSTEM32\WINMM.dll
0x00007ffa46e30000 - 0x00007ffa46e3a000 	C:\WINDOWS\SYSTEM32\VERSION.dll
0x00007ffa4afa0000 - 0x00007ffa4afcd000 	C:\WINDOWS\SYSTEM32\winmmbase.dll
0x00007ffa53c00000 - 0x00007ffa53c4a000 	C:\WINDOWS\System32\cfgmgr32.dll
0x00007ffa52a80000 - 0x00007ffa52a91000 	C:\WINDOWS\System32\kernel.appcore.dll
0x00007ffa373a0000 - 0x00007ffa373b1000 	C:\Program Files\JetBrains\IntelliJ IDEA Educational Edition 2019.3\jbr\bin\verify.dll
0x00007ffa4d7f0000 - 0x00007ffa4d9e4000 	C:\WINDOWS\SYSTEM32\DBGHELP.DLL
0x00007ffa3f150000 - 0x00007ffa3f17a000 	C:\WINDOWS\SYSTEM32\dbgcore.DLL
0x00007ffa37370000 - 0x00007ffa37399000 	C:\Program Files\JetBrains\IntelliJ IDEA Educational Edition 2019.3\jbr\bin\java.dll
0x00007ffa33330000 - 0x00007ffa33368000 	C:\Program Files\JetBrains\IntelliJ IDEA Educational Edition 2019.3\jbr\bin\jdwp.dll
0x00007ffa332f0000 - 0x00007ffa33324000 	C:\Program Files\JetBrains\IntelliJ IDEA Educational Edition 2019.3\jbr\bin\instrument.dll
0x00007ffa37350000 - 0x00007ffa37367000 	C:\Program Files\JetBrains\IntelliJ IDEA Educational Edition 2019.3\jbr\bin\zip.dll
0x00007ffa4a970000 - 0x00007ffa4a97b000 	C:\Program Files\JetBrains\IntelliJ IDEA Educational Edition 2019.3\jbr\bin\jimage.dll
0x00007ffa54030000 - 0x00007ffa54715000 	C:\WINDOWS\System32\SHELL32.dll
0x00007ffa53ef0000 - 0x00007ffa53f99000 	C:\WINDOWS\System32\shcore.dll
0x00007ffa53250000 - 0x00007ffa539cf000 	C:\WINDOWS\System32\windows.storage.dll
0x00007ffa52af0000 - 0x00007ffa52b0f000 	C:\WINDOWS\System32\profapi.dll
0x00007ffa52aa0000 - 0x00007ffa52aea000 	C:\WINDOWS\System32\powrprof.dll
0x00007ffa52a70000 - 0x00007ffa52a80000 	C:\WINDOWS\System32\UMPDC.dll
0x00007ffa53e00000 - 0x00007ffa53e52000 	C:\WINDOWS\System32\shlwapi.dll
0x00007ffa53be0000 - 0x00007ffa53bf7000 	C:\WINDOWS\System32\cryptsp.dll
0x00007ffa37330000 - 0x00007ffa3734a000 	C:\Program Files\JetBrains\IntelliJ IDEA Educational Edition 2019.3\jbr\bin\net.dll
0x00007ffa40930000 - 0x00007ffa40b06000 	C:\WINDOWS\SYSTEM32\urlmon.dll
0x00007ffa4b1f0000 - 0x00007ffa4b2e0000 	C:\WINDOWS\SYSTEM32\WINHTTP.dll
0x00007ffa40460000 - 0x00007ffa40706000 	C:\WINDOWS\SYSTEM32\iertutil.dll
0x00007ffa524b0000 - 0x00007ffa524bc000 	C:\WINDOWS\SYSTEM32\CRYPTBASE.DLL
0x00007ffa522e0000 - 0x00007ffa52347000 	C:\WINDOWS\system32\mswsock.dll
0x00007ffa2d140000 - 0x00007ffa2d154000 	C:\Program Files\JetBrains\IntelliJ IDEA Educational Edition 2019.3\jbr\bin\nio.dll
0x00007ffa3fb10000 - 0x00007ffa3fb1b000 	C:\Program Files\JetBrains\IntelliJ IDEA Educational Edition 2019.3\jbr\bin\dt_socket.dll

dbghelp: loaded successfully - version: 4.0.5 - missing functions: none
symbol engine: initialized successfully - sym options: 0x614 - pdb path: .;C:\Program Files\JetBrains\IntelliJ IDEA Educational Edition 2019.3\jbr\bin;C:\WINDOWS\SYSTEM32;C:\WINDOWS\WinSxS\amd64_microsoft.windows.common-controls_6595b64144ccf1df_6.0.18362.592_none_e6c0b1911312be02;C:\Program Files\JetBrains\IntelliJ IDEA Educational Edition 2019.3\jbr\bin\server

VM Arguments:
jvm_args: -agentlib:jdwp=transport=dt_socket,address=127.0.0.1:52411,suspend=y,server=n --module-path=C:\Users\User\Downloads\javafx-sdk-11.0.2\lib --add-modules=javafx.controls,javafx.fxml -javaagent:C:\Users\User\.IdeaIE2019.3\system\groovyHotSwap\gragent.jar -javaagent:C:\Users\User\.IdeaIE2019.3\system\captureAgent\debugger-agent.jar -Dfile.encoding=UTF-8 
java_command: Duke
java_class_path (initial): C:\Users\User\Documents\CS2103T Projects\repo\duke\out\production\duke;C:\Users\User\Documents\CS2103T Projects\repo\duke\build\classes\java\main;C:\Users\User\Documents\CS2103T Projects\repo\duke\build\resources\main;C:\Users\User\Downloads\javafx-sdk-11.0.2\lib\src.zip;C:\Users\User\Downloads\javafx-sdk-11.0.2\lib\javafx-swt.jar;C:\Users\User\Downloads\javafx-sdk-11.0.2\lib\javafx.web.jar;C:\Users\User\Downloads\javafx-sdk-11.0.2\lib\javafx.base.jar;C:\Users\User\Downloads\javafx-sdk-11.0.2\lib\javafx.fxml.jar;C:\Users\User\Downloads\javafx-sdk-11.0.2\lib\javafx.media.jar;C:\Users\User\Downloads\javafx-sdk-11.0.2\lib\javafx.swing.jar;C:\Users\User\Downloads\javafx-sdk-11.0.2\lib\javafx.controls.jar;C:\Users\User\Downloads\javafx-sdk-11.0.2\lib\javafx.graphics.jar;C:\Program Files\JetBrains\IntelliJ IDEA Educational Edition 2019.3\lib\idea_rt.jar
Launcher Type: SUN_STANDARD

[Global flags]
     intx CICompilerCount                          = 4                                         {product} {ergonomic}
     uint ConcGCThreads                            = 2                                         {product} {ergonomic}
     uint G1ConcRefinementThreads                  = 8                                         {product} {ergonomic}
   size_t G1HeapRegionSize                         = 1048576                                   {product} {ergonomic}
    uintx GCDrainStackTargetSize                   = 64                                        {product} {ergonomic}
   size_t InitialHeapSize                          = 132120576                                 {product} {ergonomic}
   size_t MarkStackSize                            = 4194304                                   {product} {ergonomic}
   size_t MaxHeapSize                              = 2088763392                                {product} {ergonomic}
   size_t MaxNewSize                               = 1253048320                                {product} {ergonomic}
   size_t MinHeapDeltaBytes                        = 1048576                                   {product} {ergonomic}
    uintx NonNMethodCodeHeapSize                   = 5835340                                {pd product} {ergonomic}
    uintx NonProfiledCodeHeapSize                  = 122911450                              {pd product} {ergonomic}
    uintx ProfiledCodeHeapSize                     = 122911450                              {pd product} {ergonomic}
    uintx ReservedCodeCacheSize                    = 251658240                              {pd product} {ergonomic}
     bool SegmentedCodeCache                       = true                                      {product} {ergonomic}
     bool UseCompressedClassPointers               = true                                 {lp64_product} {ergonomic}
     bool UseCompressedOops                        = true                                 {lp64_product} {ergonomic}
     bool UseG1GC                                  = true                                      {product} {ergonomic}
     bool UseLargePagesIndividualAllocation        = false                                  {pd product} {ergonomic}

Logging:
Log output configuration:
 #0: stdout all=warning uptime,level,tags
 #1: stderr all=off uptime,level,tags

Environment Variables:
PATH=C:\Program Files (x86)\Common Files\Oracle\Java\javapath;C:\Windows\system32;C:\Windows;C:\Windows\System32\Wbem;C:\Windows\System32\WindowsPowerShell\v1.0\;C:\Windows\System32\OpenSSH\;C:\Program Files (x86)\NVIDIA Corporation\PhysX\Common;C:\Program Files\NVIDIA Corporation\NVIDIA NvDLISR;C:\WINDOWS\system32;C:\WINDOWS;C:\WINDOWS\System32\Wbem;C:\WINDOWS\System32\WindowsPowerShell\v1.0\;C:\WINDOWS\System32\OpenSSH\;C:\Program Files\Git\cmd;C:\Users\User\AppData\Local\Microsoft\WindowsApps;
USERNAME=User
OS=Windows_NT
PROCESSOR_IDENTIFIER=Intel64 Family 6 Model 126 Stepping 5, GenuineIntel



---------------  S Y S T E M  ---------------

OS: Windows 10 , 64 bit Build 18362 (10.0.18362.329)

CPU:total 8 (initial active 8) (4 cores per cpu, 2 threads per core) family 6 model 126 stepping 5, cmov, cx8, fxsr, mmx, sse, sse2, sse3, ssse3, sse4.1, sse4.2, popcnt, avx, avx2, aes, clmul, erms, 3dnowpref, lzcnt, ht, tsc, tscinvbit, bmi1, bmi2, adx, evex, sha, fma

Memory: 4k page, system-wide physical 7963M (1570M free)
TotalPageFile size 13339M (AvailPageFile size 1944M)
current process WorkingSet (physical memory assigned to process): 71M, peak: 75M
current process commit charge ("private bytes"): 244M, peak: 252M

vm_info: OpenJDK 64-Bit Server VM (11.0.4+10-b520.11) for windows-amd64 JRE (11.0.4+10-b520.11), built on Nov 16 2019 04:35:14 by "" with MS VC++ 14.0 (VS2015)

END.
