#
# There is insufficient memory for the Java Runtime Environment to continue.
# Native memory allocation (malloc) failed to allocate 32744 bytes for ChunkPool::allocate
# Possible reasons:
#   The system is out of physical RAM or swap space
#   The process is running with CompressedOops enabled, and the Java Heap may be blocking the growth of the native heap
# Possible solutions:
#   Reduce memory load on the system
#   Increase physical memory or swap space
#   Check if swap backing store is full
#   Decrease Java heap size (-Xmx/-Xms)
#   Decrease number of Java threads
#   Decrease Java thread stack sizes (-Xss)
#   Set larger code cache with -XX:ReservedCodeCacheSize=
#   JVM is running with Unscaled Compressed Oops mode in which the Java heap is
#     placed in the first 4GB address space. The Java Heap base address is the
#     maximum limit for the native heap growth. Please use -XX:HeapBaseMinAddress
#     to set the Java Heap base and to place the Java Heap above 4GB virtual address.
# This output file may be truncated or incomplete.
#
#  Out of Memory Error (c:/BuildAgent/work/5ff2f6c26000d570/src/hotspot/share/memory/arena.cpp:81), pid=3020, tid=3724
#
# JRE version: OpenJDK Runtime Environment (11.0.4+10) (build 11.0.4+10-b520.11)
# Java VM: OpenJDK 64-Bit Server VM (11.0.4+10-b520.11, mixed mode, sharing, tiered, compressed oops, g1 gc, windows-amd64)
# No core dump will be written. Minidumps are not enabled by default on client versions of Windows
#

---------------  S U M M A R Y ------------

Command Line: --add-opens=java.base/java.util=ALL-UNNAMED --add-opens=java.base/java.lang=ALL-UNNAMED --add-opens=java.base/java.lang.invoke=ALL-UNNAMED --add-opens=java.prefs/java.util.prefs=ALL-UNNAMED -XX:MaxMetaspaceSize=256m -XX:+HeapDumpOnOutOfMemoryError -Xms256m -Xmx512m -Dfile.encoding=windows-1252 -Duser.country=MY -Duser.language=en -Duser.variant org.gradle.launcher.daemon.bootstrap.GradleDaemon 5.5.1

Host: Intel(R) Core(TM) i5-1035G1 CPU @ 1.00GHz, 8 cores, 7G,  Windows 10 , 64 bit Build 18362 (10.0.18362.329)
Time: Mon Feb 24 20:50:18 2020 Malay Peninsula Standard Time elapsed time: 12592 seconds (0d 3h 29m 52s)

---------------  T H R E A D  ---------------

Current thread (0x000002ce7d116000):  JavaThread "C2 CompilerThread0" daemon [_thread_in_native, id=3724, stack(0x000000d258500000,0x000000d258600000)]


Current CompileTask:
C2:12592079 6243       4       java.io.RandomAccessFile::close (42 bytes)

Stack: [0x000000d258500000,0x000000d258600000]
Native frames: (J=compiled Java code, j=interpreted, Vv=VM code, C=native code)
V  [jvm.dll+0x5db21a]
V  [jvm.dll+0x70c4f5]
V  [jvm.dll+0x70da18]
V  [jvm.dll+0x70e0e3]
V  [jvm.dll+0x23de68]
V  [jvm.dll+0xb94bb]
V  [jvm.dll+0xb976c]
V  [jvm.dll+0x354e86]
V  [jvm.dll+0x354701]
V  [jvm.dll+0x354744]
V  [jvm.dll+0x19753d]
V  [jvm.dll+0x4e4ccc]
V  [jvm.dll+0x4e5396]
V  [jvm.dll+0x31d382]
V  [jvm.dll+0x31c8ea]
V  [jvm.dll+0x1f75a2]
V  [jvm.dll+0x1f6774]
V  [jvm.dll+0x17fd5c]
V  [jvm.dll+0x204ab7]
V  [jvm.dll+0x203352]
V  [jvm.dll+0x6d955f]
V  [jvm.dll+0x6d235d]
V  [jvm.dll+0x5da4f6]
C  [ucrtbase.dll+0x20e72]
C  [KERNEL32.DLL+0x17bd4]
C  [ntdll.dll+0x6ced1]


---------------  P R O C E S S  ---------------

Threads class SMR info:
_java_thread_list=0x000002ce0f5d3320, length=46, elements={
0x000002ce74a53000, 0x000002ce7d0f3000, 0x000002ce7d0f5800, 0x000002ce7d10e000,
0x000002ce7d112000, 0x000002ce7d116000, 0x000002ce7d117000, 0x000002ce7d118800,
0x000002ce7db7a000, 0x000002ce7db92000, 0x000002ce7f611000, 0x000002ce7f369800,
0x000002ce7e30d800, 0x000002ce7f28f800, 0x000002ce7f290800, 0x000002ce7f28e000,
0x000002ce10e3e800, 0x000002ce10e3d800, 0x000002ce10e40000, 0x000002ce10e46000,
0x000002ce10e3f800, 0x000002ce10e41000, 0x000002ce10e41800, 0x000002ce10e3c000,
0x000002ce10e42800, 0x000002ce10e3d000, 0x000002ce10e46800, 0x000002ce10e49000,
0x000002ce10e47800, 0x000002ce10e48000, 0x000002ce10e43800, 0x000002ce10e44000,
0x000002ce10e4a000, 0x000002ce10e4a800, 0x000002ce10e45000, 0x000002ce7f294800,
0x000002ce7f292000, 0x000002ce7f292800, 0x000002ce7f28e800, 0x000002ce11fed000,
0x000002ce11fe9000, 0x000002ce11fee800, 0x000002ce11fef800, 0x000002ce11fe9800,
0x000002ce11fea800, 0x000002ce11feb000
}

Java Threads: ( => current thread )
  0x000002ce74a53000 JavaThread "main" [_thread_blocked, id=15156, stack(0x000000d257a00000,0x000000d257b00000)]
  0x000002ce7d0f3000 JavaThread "Reference Handler" daemon [_thread_blocked, id=15112, stack(0x000000d258100000,0x000000d258200000)]
  0x000002ce7d0f5800 JavaThread "Finalizer" daemon [_thread_blocked, id=12620, stack(0x000000d258200000,0x000000d258300000)]
  0x000002ce7d10e000 JavaThread "Signal Dispatcher" daemon [_thread_blocked, id=14400, stack(0x000000d258300000,0x000000d258400000)]
  0x000002ce7d112000 JavaThread "Attach Listener" daemon [_thread_blocked, id=15256, stack(0x000000d258400000,0x000000d258500000)]
=>0x000002ce7d116000 JavaThread "C2 CompilerThread0" daemon [_thread_in_native, id=3724, stack(0x000000d258500000,0x000000d258600000)]
  0x000002ce7d117000 JavaThread "C1 CompilerThread0" daemon [_thread_blocked, id=12188, stack(0x000000d258600000,0x000000d258700000)]
  0x000002ce7d118800 JavaThread "Sweeper thread" daemon [_thread_blocked, id=15120, stack(0x000000d258700000,0x000000d258800000)]
  0x000002ce7db7a000 JavaThread "Common-Cleaner" daemon [_thread_blocked, id=11812, stack(0x000000d258800000,0x000000d258900000)]
  0x000002ce7db92000 JavaThread "Service Thread" daemon [_thread_blocked, id=14504, stack(0x000000d258900000,0x000000d258a00000)]
  0x000002ce7f611000 JavaThread "Daemon health stats" [_thread_blocked, id=13812, stack(0x000000d259100000,0x000000d259200000)]
  0x000002ce7f369800 JavaThread "Incoming local TCP Connector on port 50702" [_thread_in_native, id=12268, stack(0x000000d258b00000,0x000000d258c00000)]
  0x000002ce7e30d800 JavaThread "Daemon periodic checks" [_thread_blocked, id=3056, stack(0x000000d259200000,0x000000d259300000)]
  0x000002ce7f28f800 JavaThread "Cache worker for file hash cache (C:\Users\User\.gradle\caches\5.5.1\fileHashes)" [_thread_blocked, id=14708, stack(0x000000d259a00000,0x000000d259b00000)]
  0x000002ce7f290800 JavaThread "File lock request listener" [_thread_in_native, id=14932, stack(0x000000d259b00000,0x000000d259c00000)]
  0x000002ce7f28e000 JavaThread "Cache worker for journal cache (C:\Users\User\.gradle\caches\journal-1)" [_thread_blocked, id=14928, stack(0x000000d259c00000,0x000000d259d00000)]
  0x000002ce10e3e800 JavaThread "Cache worker for execution history cache (C:\Users\User\.gradle\caches\5.5.1\executionHistory)" [_thread_blocked, id=14768, stack(0x000000d25a600000,0x000000d25a700000)]
  0x000002ce10e3d800 JavaThread "Memory manager" [_thread_blocked, id=14440, stack(0x000000d25a700000,0x000000d25a800000)]
  0x000002ce10e40000 JavaThread "Cache worker for file content cache (C:\Users\User\.gradle\caches\5.5.1\fileContent)" [_thread_blocked, id=13412, stack(0x000000d25a800000,0x000000d25a900000)]
  0x000002ce10e46000 JavaThread "Cache worker for Java compile cache (C:\Users\User\.gradle\caches\5.5.1\javaCompile)" [_thread_blocked, id=13900, stack(0x000000d259d00000,0x000000d259e00000)]
  0x000002ce10e3f800 JavaThread "Daemon Thread 2" [_thread_blocked, id=5396, stack(0x000000d257700000,0x000000d257800000)]
  0x000002ce10e41000 JavaThread "Handler for socket connection from /127.0.0.1:50702 to /127.0.0.1:50715" [_thread_in_native, id=13696, stack(0x000000d257800000,0x000000d257900000)]
  0x000002ce10e41800 JavaThread "Cancel handler" [_thread_blocked, id=2292, stack(0x000000d257900000,0x000000d257a00000)]
  0x000002ce10e3c000 JavaThread "Daemon worker Thread 2" [_thread_blocked, id=14880, stack(0x000000d259300000,0x000000d259400000)]
  0x000002ce10e42800 JavaThread "Asynchronous log dispatcher for DefaultDaemonConnection: socket connection from /127.0.0.1:50702 to /127.0.0.1:50715" [_thread_blocked, id=11520, stack(0x000000d259600000,0x000000d259700000)]
  0x000002ce10e3d000 JavaThread "Stdin handler" [_thread_blocked, id=6288, stack(0x000000d259700000,0x000000d259800000)]
  0x000002ce10e46800 JavaThread "Thread-36" [_thread_blocked, id=1764, stack(0x000000d259800000,0x000000d259900000)]
  0x000002ce10e49000 JavaThread "Cache worker for file hash cache (C:\Users\User\Documents\CS2103T Projects\repo\duke\.gradle\5.5.1\fileHashes)" [_thread_blocked, id=13192, stack(0x000000d259900000,0x000000d259a00000)]
  0x000002ce10e47800 JavaThread "Cache worker for cache directory md-supplier (C:\Users\User\.gradle\caches\5.5.1\md-supplier)" [_thread_blocked, id=15296, stack(0x000000d259f00000,0x000000d25a000000)]
  0x000002ce10e48000 JavaThread "Cache worker for cache directory md-rule (C:\Users\User\.gradle\caches\5.5.1\md-rule)" [_thread_blocked, id=10784, stack(0x000000d25a300000,0x000000d25a400000)]
  0x000002ce10e43800 JavaThread "Cache worker for Build Output Cleanup Cache (C:\Users\User\Documents\CS2103T Projects\repo\duke\.gradle\buildOutputCleanup)" [_thread_blocked, id=14952, stack(0x000000d25a400000,0x000000d25a500000)]
  0x000002ce10e44000 JavaThread "Cache worker for file content cache (C:\Users\User\Documents\CS2103T Projects\repo\duke\.gradle\5.5.1\fileContent)" [_thread_blocked, id=14868, stack(0x000000d25a500000,0x000000d25a600000)]
  0x000002ce10e4a000 JavaThread "Execution worker for ':'" [_thread_blocked, id=6828, stack(0x000000d25a900000,0x000000d25aa00000)]
  0x000002ce10e4a800 JavaThread "Execution worker for ':' Thread 2" [_thread_blocked, id=14064, stack(0x000000d25aa00000,0x000000d25ab00000)]
  0x000002ce10e45000 JavaThread "Execution worker for ':' Thread 3" [_thread_blocked, id=2800, stack(0x000000d25ab00000,0x000000d25ac00000)]
  0x000002ce7f294800 JavaThread "Execution worker for ':' Thread 4" [_thread_blocked, id=13908, stack(0x000000d25ac00000,0x000000d25ad00000)]
  0x000002ce7f292000 JavaThread "Execution worker for ':' Thread 5" [_thread_blocked, id=14976, stack(0x000000d25ad00000,0x000000d25ae00000)]
  0x000002ce7f292800 JavaThread "Execution worker for ':' Thread 6" [_thread_blocked, id=14940, stack(0x000000d25ae00000,0x000000d25af00000)]
  0x000002ce7f28e800 JavaThread "Execution worker for ':' Thread 7" [_thread_blocked, id=8236, stack(0x000000d25af00000,0x000000d25b000000)]
  0x000002ce11fed000 JavaThread "Cache worker for execution history cache (C:\Users\User\Documents\CS2103T Projects\repo\duke\.gradle\5.5.1\executionHistory)" [_thread_blocked, id=5728, stack(0x000000d25b000000,0x000000d25b100000)]
  0x000002ce11fe9000 JavaThread "Cache worker for Java compile cache (C:\Users\User\Documents\CS2103T Projects\repo\duke\.gradle\5.5.1\javaCompile)" [_thread_blocked, id=2792, stack(0x000000d25b100000,0x000000d25b200000)]
  0x000002ce11fee800 JavaThread "Exec process" [_thread_in_native, id=10040, stack(0x000000d25b300000,0x000000d25b400000)]
  0x000002ce11fef800 JavaThread "Exec process Thread 2" [_thread_blocked, id=14908, stack(0x000000d25b400000,0x000000d25b500000)]
  0x000002ce11fe9800 JavaThread "Exec process Thread 3" [_thread_in_native, id=4708, stack(0x000000d25b500000,0x000000d25b600000)]
  0x000002ce11fea800 JavaThread "DisconnectableInputStream source reader" daemon [_thread_blocked, id=14724, stack(0x000000d25b600000,0x000000d25b700000)]
  0x000002ce11feb000 JavaThread "Exec process Thread 4" [_thread_in_native, id=13592, stack(0x000000d25b700000,0x000000d25b800000)]

Other Threads:
  0x000002ce7d0f0000 VMThread "VM Thread" [stack: 0x000000d258000000,0x000000d258100000] [id=13980]
  0x000002ce7db97000 WatcherThread [stack: 0x000000d258a00000,0x000000d258b00000] [id=9952]
  0x000002ce74a6c800 GCTaskThread "GC Thread#0" [stack: 0x000000d257b00000,0x000000d257c00000] [id=5556]
  0x000002ce7e57b800 GCTaskThread "GC Thread#1" [stack: 0x000000d258c00000,0x000000d258d00000] [id=8240]
  0x000002ce7e331000 GCTaskThread "GC Thread#2" [stack: 0x000000d258d00000,0x000000d258e00000] [id=7676]
  0x000002ce7e319000 GCTaskThread "GC Thread#3" [stack: 0x000000d258e00000,0x000000d258f00000] [id=10152]
  0x000002ce7e31a000 GCTaskThread "GC Thread#4" [stack: 0x000000d258f00000,0x000000d259000000] [id=6320]
  0x000002ce7e1bc000 GCTaskThread "GC Thread#5" [stack: 0x000000d259000000,0x000000d259100000] [id=5852]
  0x000002ce0f7bb000 GCTaskThread "GC Thread#6" [stack: 0x000000d25a000000,0x000000d25a100000] [id=10680]
  0x000002ce10be6800 GCTaskThread "GC Thread#7" [stack: 0x000000d25a100000,0x000000d25a200000] [id=14480]
  0x000002ce74a7e000 ConcurrentGCThread "G1 Main Marker" [stack: 0x000000d257c00000,0x000000d257d00000] [id=3892]
  0x000002ce74a80000 ConcurrentGCThread "G1 Conc#0" [stack: 0x000000d257d00000,0x000000d257e00000] [id=10532]
  0x000002ce0f331800 ConcurrentGCThread "G1 Conc#1" [stack: 0x000000d25a200000,0x000000d25a300000] [id=14764]
  0x000002ce74b2d800 ConcurrentGCThread "G1 Refine#0" [stack: 0x000000d257e00000,0x000000d257f00000] [id=14364]
  0x000002ce7cfb6800 ConcurrentGCThread "G1 Young RemSet Sampling" [stack: 0x000000d257f00000,0x000000d258000000] [id=2400]

Threads with active compile tasks:
C2 CompilerThread06243       4       java.io.RandomAccessFile::close (42 bytes)

VM state:not at safepoint (normal execution)

VM Mutex/Monitor currently owned by a thread: None

Heap address: 0x00000000e0000000, size: 512 MB, Compressed Oops mode: 32-bit
Narrow klass base: 0x0000000800000000, Narrow klass shift: 3
Compressed class space size: 260046848 Address: 0x0000000840000000

Heap:
 garbage-first heap   total 262144K, used 176824K [0x00000000e0000000, 0x0000000100000000)
  region size 1024K, 148 young (151552K), 5 survivors (5120K)
 Metaspace       used 47056K, capacity 48255K, committed 48508K, reserved 296960K
  class space    used 6372K, capacity 6751K, committed 6784K, reserved 253952K
Heap Regions: E=young(eden), S=young(survivor), O=old, HS=humongous(starts), HC=humongous(continues), CS=collection set, F=free, A=archive, TAMS=top-at-mark-start (previous, next)
|   0|0x00000000e0000000, 0x00000000e0100000, 0x00000000e0100000|100%| O|  |TAMS 0x00000000e0100000, 0x00000000e0000000| Untracked 
|   1|0x00000000e0100000, 0x00000000e0200000, 0x00000000e0200000|100%| O|  |TAMS 0x00000000e0200000, 0x00000000e0100000| Untracked 
|   2|0x00000000e0200000, 0x00000000e0300000, 0x00000000e0300000|100%|HS|  |TAMS 0x00000000e0300000, 0x00000000e0200000| Complete 
|   3|0x00000000e0300000, 0x00000000e0400000, 0x00000000e0400000|100%|HS|  |TAMS 0x00000000e0400000, 0x00000000e0300000| Complete 
|   4|0x00000000e0400000, 0x00000000e0500000, 0x00000000e0500000|100%|HC|  |TAMS 0x00000000e0500000, 0x00000000e0400000| Complete 
|   5|0x00000000e0500000, 0x00000000e0600000, 0x00000000e0600000|100%| O|  |TAMS 0x00000000e0600000, 0x00000000e0500000| Untracked 
|   6|0x00000000e0600000, 0x00000000e0700000, 0x00000000e0700000|100%| O|  |TAMS 0x00000000e0700000, 0x00000000e0600000| Untracked 
|   7|0x00000000e0700000, 0x00000000e0800000, 0x00000000e0800000|100%| O|  |TAMS 0x00000000e0800000, 0x00000000e0700000| Untracked 
|   8|0x00000000e0800000, 0x00000000e0900000, 0x00000000e0900000|100%| O|  |TAMS 0x00000000e08ad600, 0x00000000e0800000| Untracked 
|   9|0x00000000e0900000, 0x00000000e0a00000, 0x00000000e0a00000|100%| O|  |TAMS 0x00000000e0a00000, 0x00000000e0900000| Untracked 
|  10|0x00000000e0a00000, 0x00000000e0b00000, 0x00000000e0b00000|100%| O|  |TAMS 0x00000000e0b00000, 0x00000000e0a00000| Untracked 
|  11|0x00000000e0b00000, 0x00000000e0c00000, 0x00000000e0c00000|100%| O|  |TAMS 0x00000000e0c00000, 0x00000000e0b00000| Untracked 
|  12|0x00000000e0c00000, 0x00000000e0d00000, 0x00000000e0d00000|100%| O|  |TAMS 0x00000000e0d00000, 0x00000000e0c00000| Untracked 
|  13|0x00000000e0d00000, 0x00000000e0e00000, 0x00000000e0e00000|100%| O|  |TAMS 0x00000000e0e00000, 0x00000000e0d00000| Untracked 
|  14|0x00000000e0e00000, 0x00000000e0f00000, 0x00000000e0f00000|100%| O|  |TAMS 0x00000000e0f00000, 0x00000000e0e00000| Untracked 
|  15|0x00000000e0f00000, 0x00000000e1000000, 0x00000000e1000000|100%| O|  |TAMS 0x00000000e1000000, 0x00000000e0f00000| Untracked 
|  16|0x00000000e1000000, 0x00000000e1100000, 0x00000000e1100000|100%| O|  |TAMS 0x00000000e1100000, 0x00000000e1000000| Untracked 
|  17|0x00000000e1100000, 0x00000000e1200000, 0x00000000e1200000|100%| O|  |TAMS 0x00000000e1200000, 0x00000000e1100000| Untracked 
|  18|0x00000000e1200000, 0x00000000e1300000, 0x00000000e1300000|100%| O|  |TAMS 0x00000000e1300000, 0x00000000e1200000| Untracked 
|  19|0x00000000e1300000, 0x00000000e1400000, 0x00000000e1400000|100%| O|  |TAMS 0x00000000e1400000, 0x00000000e1300000| Untracked 
|  20|0x00000000e1400000, 0x00000000e1500000, 0x00000000e1500000|100%| O|  |TAMS 0x00000000e1500000, 0x00000000e1400000| Untracked 
|  21|0x00000000e1500000, 0x00000000e1600000, 0x00000000e1600000|100%| O|  |TAMS 0x00000000e1500000, 0x00000000e1500000| Untracked 
|  22|0x00000000e1600000, 0x00000000e1700000, 0x00000000e1700000|100%| O|  |TAMS 0x00000000e1600000, 0x00000000e1600000| Untracked 
|  23|0x00000000e1700000, 0x00000000e1800000, 0x00000000e1800000|100%| O|  |TAMS 0x00000000e1700000, 0x00000000e1700000| Untracked 
|  24|0x00000000e1800000, 0x00000000e1900000, 0x00000000e1900000|100%| O|  |TAMS 0x00000000e1800000, 0x00000000e1800000| Untracked 
|  25|0x00000000e1900000, 0x00000000e1a00000, 0x00000000e1a00000|100%| O|  |TAMS 0x00000000e1900000, 0x00000000e1900000| Untracked 
|  26|0x00000000e1a00000, 0x00000000e1a16600, 0x00000000e1b00000|  8%| O|  |TAMS 0x00000000e1a00000, 0x00000000e1a00000| Untracked 
|  27|0x00000000e1b00000, 0x00000000e1b00000, 0x00000000e1c00000|  0%| F|  |TAMS 0x00000000e1b00000, 0x00000000e1b00000| Untracked 
|  28|0x00000000e1c00000, 0x00000000e1c00000, 0x00000000e1d00000|  0%| F|  |TAMS 0x00000000e1c00000, 0x00000000e1c00000| Untracked 
|  29|0x00000000e1d00000, 0x00000000e1d00000, 0x00000000e1e00000|  0%| F|  |TAMS 0x00000000e1d00000, 0x00000000e1d00000| Untracked 
|  30|0x00000000e1e00000, 0x00000000e1e00000, 0x00000000e1f00000|  0%| F|  |TAMS 0x00000000e1e00000, 0x00000000e1e00000| Untracked 
|  31|0x00000000e1f00000, 0x00000000e1f00000, 0x00000000e2000000|  0%| F|  |TAMS 0x00000000e1f00000, 0x00000000e1f00000| Untracked 
|  32|0x00000000e2000000, 0x00000000e2000000, 0x00000000e2100000|  0%| F|  |TAMS 0x00000000e2000000, 0x00000000e2000000| Untracked 
|  33|0x00000000e2100000, 0x00000000e2100000, 0x00000000e2200000|  0%| F|  |TAMS 0x00000000e2100000, 0x00000000e2100000| Untracked 
|  34|0x00000000e2200000, 0x00000000e2200000, 0x00000000e2300000|  0%| F|  |TAMS 0x00000000e2200000, 0x00000000e2200000| Untracked 
|  35|0x00000000e2300000, 0x00000000e2300000, 0x00000000e2400000|  0%| F|  |TAMS 0x00000000e2300000, 0x00000000e2300000| Untracked 
|  36|0x00000000e2400000, 0x00000000e2400000, 0x00000000e2500000|  0%| F|  |TAMS 0x00000000e2400000, 0x00000000e2400000| Untracked 
|  37|0x00000000e2500000, 0x00000000e2500000, 0x00000000e2600000|  0%| F|  |TAMS 0x00000000e2500000, 0x00000000e2500000| Untracked 
|  38|0x00000000e2600000, 0x00000000e2600000, 0x00000000e2700000|  0%| F|  |TAMS 0x00000000e2600000, 0x00000000e2600000| Untracked 
|  39|0x00000000e2700000, 0x00000000e2700000, 0x00000000e2800000|  0%| F|  |TAMS 0x00000000e2700000, 0x00000000e2700000| Untracked 
|  40|0x00000000e2800000, 0x00000000e2800000, 0x00000000e2900000|  0%| F|  |TAMS 0x00000000e2800000, 0x00000000e2800000| Untracked 
|  41|0x00000000e2900000, 0x00000000e2900000, 0x00000000e2a00000|  0%| F|  |TAMS 0x00000000e2900000, 0x00000000e2900000| Untracked 
|  42|0x00000000e2a00000, 0x00000000e2a00000, 0x00000000e2b00000|  0%| F|  |TAMS 0x00000000e2a00000, 0x00000000e2a00000| Untracked 
|  43|0x00000000e2b00000, 0x00000000e2b00000, 0x00000000e2c00000|  0%| F|  |TAMS 0x00000000e2b00000, 0x00000000e2b00000| Untracked 
|  44|0x00000000e2c00000, 0x00000000e2c00000, 0x00000000e2d00000|  0%| F|  |TAMS 0x00000000e2c00000, 0x00000000e2c00000| Untracked 
|  45|0x00000000e2d00000, 0x00000000e2d00000, 0x00000000e2e00000|  0%| F|  |TAMS 0x00000000e2d00000, 0x00000000e2d00000| Untracked 
|  46|0x00000000e2e00000, 0x00000000e2e00000, 0x00000000e2f00000|  0%| F|  |TAMS 0x00000000e2e00000, 0x00000000e2e00000| Untracked 
|  47|0x00000000e2f00000, 0x00000000e2f00000, 0x00000000e3000000|  0%| F|  |TAMS 0x00000000e2f00000, 0x00000000e2f00000| Untracked 
|  48|0x00000000e3000000, 0x00000000e3000000, 0x00000000e3100000|  0%| F|  |TAMS 0x00000000e3000000, 0x00000000e3000000| Untracked 
|  49|0x00000000e3100000, 0x00000000e3100000, 0x00000000e3200000|  0%| F|  |TAMS 0x00000000e3100000, 0x00000000e3100000| Untracked 
|  50|0x00000000e3200000, 0x00000000e3200000, 0x00000000e3300000|  0%| F|  |TAMS 0x00000000e3200000, 0x00000000e3200000| Untracked 
|  51|0x00000000e3300000, 0x00000000e3300000, 0x00000000e3400000|  0%| F|  |TAMS 0x00000000e3300000, 0x00000000e3300000| Untracked 
|  52|0x00000000e3400000, 0x00000000e3400000, 0x00000000e3500000|  0%| F|  |TAMS 0x00000000e3400000, 0x00000000e3400000| Untracked 
|  53|0x00000000e3500000, 0x00000000e3500000, 0x00000000e3600000|  0%| F|  |TAMS 0x00000000e3500000, 0x00000000e3500000| Untracked 
|  54|0x00000000e3600000, 0x00000000e3600000, 0x00000000e3700000|  0%| F|  |TAMS 0x00000000e3600000, 0x00000000e3600000| Untracked 
|  55|0x00000000e3700000, 0x00000000e3700000, 0x00000000e3800000|  0%| F|  |TAMS 0x00000000e3700000, 0x00000000e3700000| Untracked 
|  56|0x00000000e3800000, 0x00000000e3800000, 0x00000000e3900000|  0%| F|  |TAMS 0x00000000e3800000, 0x00000000e3800000| Untracked 
|  57|0x00000000e3900000, 0x00000000e3900000, 0x00000000e3a00000|  0%| F|  |TAMS 0x00000000e3900000, 0x00000000e3900000| Untracked 
|  58|0x00000000e3a00000, 0x00000000e3a00000, 0x00000000e3b00000|  0%| F|  |TAMS 0x00000000e3a00000, 0x00000000e3a00000| Untracked 
|  59|0x00000000e3b00000, 0x00000000e3b00000, 0x00000000e3c00000|  0%| F|  |TAMS 0x00000000e3b00000, 0x00000000e3b00000| Untracked 
|  60|0x00000000e3c00000, 0x00000000e3c00000, 0x00000000e3d00000|  0%| F|  |TAMS 0x00000000e3c00000, 0x00000000e3c00000| Untracked 
|  61|0x00000000e3d00000, 0x00000000e3d00000, 0x00000000e3e00000|  0%| F|  |TAMS 0x00000000e3d00000, 0x00000000e3d00000| Untracked 
|  62|0x00000000e3e00000, 0x00000000e3e00000, 0x00000000e3f00000|  0%| F|  |TAMS 0x00000000e3e00000, 0x00000000e3e00000| Untracked 
|  63|0x00000000e3f00000, 0x00000000e3f00000, 0x00000000e4000000|  0%| F|  |TAMS 0x00000000e3f00000, 0x00000000e3f00000| Untracked 
|  64|0x00000000e4000000, 0x00000000e4000000, 0x00000000e4100000|  0%| F|  |TAMS 0x00000000e4000000, 0x00000000e4000000| Untracked 
|  65|0x00000000e4100000, 0x00000000e4100000, 0x00000000e4200000|  0%| F|  |TAMS 0x00000000e4100000, 0x00000000e4100000| Untracked 
|  66|0x00000000e4200000, 0x00000000e4200000, 0x00000000e4300000|  0%| F|  |TAMS 0x00000000e4200000, 0x00000000e4200000| Untracked 
|  67|0x00000000e4300000, 0x00000000e4300000, 0x00000000e4400000|  0%| F|  |TAMS 0x00000000e4300000, 0x00000000e4300000| Untracked 
|  68|0x00000000e4400000, 0x00000000e4400000, 0x00000000e4500000|  0%| F|  |TAMS 0x00000000e4400000, 0x00000000e4400000| Untracked 
|  69|0x00000000e4500000, 0x00000000e4500000, 0x00000000e4600000|  0%| F|  |TAMS 0x00000000e4500000, 0x00000000e4500000| Untracked 
|  70|0x00000000e4600000, 0x00000000e4600000, 0x00000000e4700000|  0%| F|  |TAMS 0x00000000e4600000, 0x00000000e4600000| Untracked 
|  71|0x00000000e4700000, 0x00000000e4700000, 0x00000000e4800000|  0%| F|  |TAMS 0x00000000e4700000, 0x00000000e4700000| Untracked 
|  72|0x00000000e4800000, 0x00000000e4800000, 0x00000000e4900000|  0%| F|  |TAMS 0x00000000e4800000, 0x00000000e4800000| Untracked 
|  73|0x00000000e4900000, 0x00000000e4900000, 0x00000000e4a00000|  0%| F|  |TAMS 0x00000000e4900000, 0x00000000e4900000| Untracked 
|  74|0x00000000e4a00000, 0x00000000e4a00000, 0x00000000e4b00000|  0%| F|  |TAMS 0x00000000e4a00000, 0x00000000e4a00000| Untracked 
|  75|0x00000000e4b00000, 0x00000000e4b00000, 0x00000000e4c00000|  0%| F|  |TAMS 0x00000000e4b00000, 0x00000000e4b00000| Untracked 
|  76|0x00000000e4c00000, 0x00000000e4c00000, 0x00000000e4d00000|  0%| F|  |TAMS 0x00000000e4c00000, 0x00000000e4c00000| Untracked 
|  77|0x00000000e4d00000, 0x00000000e4d00000, 0x00000000e4e00000|  0%| F|  |TAMS 0x00000000e4d00000, 0x00000000e4d00000| Untracked 
|  78|0x00000000e4e00000, 0x00000000e4e00000, 0x00000000e4f00000|  0%| F|  |TAMS 0x00000000e4e00000, 0x00000000e4e00000| Untracked 
|  79|0x00000000e4f00000, 0x00000000e4f00000, 0x00000000e5000000|  0%| F|  |TAMS 0x00000000e4f00000, 0x00000000e4f00000| Untracked 
|  80|0x00000000e5000000, 0x00000000e5000000, 0x00000000e5100000|  0%| F|  |TAMS 0x00000000e5000000, 0x00000000e5000000| Untracked 
|  81|0x00000000e5100000, 0x00000000e5100000, 0x00000000e5200000|  0%| F|  |TAMS 0x00000000e5100000, 0x00000000e5100000| Untracked 
|  82|0x00000000e5200000, 0x00000000e5200000, 0x00000000e5300000|  0%| F|  |TAMS 0x00000000e5200000, 0x00000000e5200000| Untracked 
|  83|0x00000000e5300000, 0x00000000e5300000, 0x00000000e5400000|  0%| F|  |TAMS 0x00000000e5300000, 0x00000000e5300000| Untracked 
|  84|0x00000000e5400000, 0x00000000e5400000, 0x00000000e5500000|  0%| F|  |TAMS 0x00000000e5400000, 0x00000000e5400000| Untracked 
|  85|0x00000000e5500000, 0x00000000e5500000, 0x00000000e5600000|  0%| F|  |TAMS 0x00000000e5500000, 0x00000000e5500000| Untracked 
|  86|0x00000000e5600000, 0x00000000e5600000, 0x00000000e5700000|  0%| F|  |TAMS 0x00000000e5600000, 0x00000000e5600000| Untracked 
|  87|0x00000000e5700000, 0x00000000e5700000, 0x00000000e5800000|  0%| F|  |TAMS 0x00000000e5700000, 0x00000000e5700000| Untracked 
|  88|0x00000000e5800000, 0x00000000e5800000, 0x00000000e5900000|  0%| F|  |TAMS 0x00000000e5800000, 0x00000000e5800000| Untracked 
|  89|0x00000000e5900000, 0x00000000e5900000, 0x00000000e5a00000|  0%| F|  |TAMS 0x00000000e5900000, 0x00000000e5900000| Untracked 
|  90|0x00000000e5a00000, 0x00000000e5a00000, 0x00000000e5b00000|  0%| F|  |TAMS 0x00000000e5a00000, 0x00000000e5a00000| Untracked 
|  91|0x00000000e5b00000, 0x00000000e5b00000, 0x00000000e5c00000|  0%| F|  |TAMS 0x00000000e5b00000, 0x00000000e5b00000| Untracked 
|  92|0x00000000e5c00000, 0x00000000e5c00000, 0x00000000e5d00000|  0%| F|  |TAMS 0x00000000e5c00000, 0x00000000e5c00000| Untracked 
|  93|0x00000000e5d00000, 0x00000000e5d00000, 0x00000000e5e00000|  0%| F|  |TAMS 0x00000000e5d00000, 0x00000000e5d00000| Untracked 
|  94|0x00000000e5e00000, 0x00000000e5e00000, 0x00000000e5f00000|  0%| F|  |TAMS 0x00000000e5e00000, 0x00000000e5e00000| Untracked 
|  95|0x00000000e5f00000, 0x00000000e5f00000, 0x00000000e6000000|  0%| F|  |TAMS 0x00000000e5f00000, 0x00000000e5f00000| Untracked 
|  96|0x00000000e6000000, 0x00000000e6000000, 0x00000000e6100000|  0%| F|  |TAMS 0x00000000e6000000, 0x00000000e6000000| Untracked 
|  97|0x00000000e6100000, 0x00000000e6100000, 0x00000000e6200000|  0%| F|  |TAMS 0x00000000e6100000, 0x00000000e6100000| Untracked 
|  98|0x00000000e6200000, 0x00000000e6200000, 0x00000000e6300000|  0%| F|  |TAMS 0x00000000e6200000, 0x00000000e6200000| Untracked 
|  99|0x00000000e6300000, 0x00000000e6300000, 0x00000000e6400000|  0%| F|  |TAMS 0x00000000e6300000, 0x00000000e6300000| Untracked 
| 100|0x00000000e6400000, 0x00000000e6400000, 0x00000000e6500000|  0%| F|  |TAMS 0x00000000e6400000, 0x00000000e6400000| Untracked 
| 101|0x00000000e6500000, 0x00000000e6500000, 0x00000000e6600000|  0%| F|  |TAMS 0x00000000e6500000, 0x00000000e6500000| Untracked 
| 102|0x00000000e6600000, 0x00000000e6600000, 0x00000000e6700000|  0%| F|  |TAMS 0x00000000e6600000, 0x00000000e6600000| Untracked 
| 103|0x00000000e6700000, 0x00000000e6700000, 0x00000000e6800000|  0%| F|  |TAMS 0x00000000e6700000, 0x00000000e6700000| Untracked 
| 104|0x00000000e6800000, 0x00000000e6800000, 0x00000000e6900000|  0%| F|  |TAMS 0x00000000e6800000, 0x00000000e6800000| Untracked 
| 105|0x00000000e6900000, 0x00000000e6900000, 0x00000000e6a00000|  0%| F|  |TAMS 0x00000000e6900000, 0x00000000e6900000| Untracked 
| 106|0x00000000e6a00000, 0x00000000e6a00000, 0x00000000e6b00000|  0%| F|  |TAMS 0x00000000e6a00000, 0x00000000e6a00000| Untracked 
| 107|0x00000000e6b00000, 0x00000000e6b00000, 0x00000000e6c00000|  0%| F|  |TAMS 0x00000000e6b00000, 0x00000000e6b00000| Untracked 
| 108|0x00000000e6c00000, 0x00000000e6d00000, 0x00000000e6d00000|100%| E|  |TAMS 0x00000000e6c00000, 0x00000000e6c00000| Complete 
| 109|0x00000000e6d00000, 0x00000000e6e00000, 0x00000000e6e00000|100%| E|CS|TAMS 0x00000000e6d00000, 0x00000000e6d00000| Complete 
| 110|0x00000000e6e00000, 0x00000000e6f00000, 0x00000000e6f00000|100%| E|CS|TAMS 0x00000000e6e00000, 0x00000000e6e00000| Complete 
| 111|0x00000000e6f00000, 0x00000000e7000000, 0x00000000e7000000|100%| E|CS|TAMS 0x00000000e6f00000, 0x00000000e6f00000| Complete 
| 112|0x00000000e7000000, 0x00000000e7100000, 0x00000000e7100000|100%| E|CS|TAMS 0x00000000e7000000, 0x00000000e7000000| Complete 
| 113|0x00000000e7100000, 0x00000000e7200000, 0x00000000e7200000|100%| E|CS|TAMS 0x00000000e7100000, 0x00000000e7100000| Complete 
| 114|0x00000000e7200000, 0x00000000e7300000, 0x00000000e7300000|100%| E|CS|TAMS 0x00000000e7200000, 0x00000000e7200000| Complete 
| 115|0x00000000e7300000, 0x00000000e7400000, 0x00000000e7400000|100%| E|CS|TAMS 0x00000000e7300000, 0x00000000e7300000| Complete 
| 116|0x00000000e7400000, 0x00000000e7500000, 0x00000000e7500000|100%| E|CS|TAMS 0x00000000e7400000, 0x00000000e7400000| Complete 
| 117|0x00000000e7500000, 0x00000000e7600000, 0x00000000e7600000|100%| E|CS|TAMS 0x00000000e7500000, 0x00000000e7500000| Complete 
| 118|0x00000000e7600000, 0x00000000e7700000, 0x00000000e7700000|100%| E|CS|TAMS 0x00000000e7600000, 0x00000000e7600000| Complete 
| 119|0x00000000e7700000, 0x00000000e7800000, 0x00000000e7800000|100%| E|CS|TAMS 0x00000000e7700000, 0x00000000e7700000| Complete 
| 120|0x00000000e7800000, 0x00000000e7900000, 0x00000000e7900000|100%| E|CS|TAMS 0x00000000e7800000, 0x00000000e7800000| Complete 
| 121|0x00000000e7900000, 0x00000000e7a00000, 0x00000000e7a00000|100%| E|CS|TAMS 0x00000000e7900000, 0x00000000e7900000| Complete 
| 122|0x00000000e7a00000, 0x00000000e7b00000, 0x00000000e7b00000|100%| E|CS|TAMS 0x00000000e7a00000, 0x00000000e7a00000| Complete 
| 123|0x00000000e7b00000, 0x00000000e7c00000, 0x00000000e7c00000|100%| E|CS|TAMS 0x00000000e7b00000, 0x00000000e7b00000| Complete 
| 124|0x00000000e7c00000, 0x00000000e7c97ae0, 0x00000000e7d00000| 59%| S|CS|TAMS 0x00000000e7c00000, 0x00000000e7c00000| Complete 
| 125|0x00000000e7d00000, 0x00000000e7e00000, 0x00000000e7e00000|100%| S|CS|TAMS 0x00000000e7d00000, 0x00000000e7d00000| Complete 
| 126|0x00000000e7e00000, 0x00000000e7f00000, 0x00000000e7f00000|100%| S|CS|TAMS 0x00000000e7e00000, 0x00000000e7e00000| Complete 
| 127|0x00000000e7f00000, 0x00000000e8000000, 0x00000000e8000000|100%| S|CS|TAMS 0x00000000e7f00000, 0x00000000e7f00000| Complete 
| 128|0x00000000e8000000, 0x00000000e8100000, 0x00000000e8100000|100%| S|CS|TAMS 0x00000000e8000000, 0x00000000e8000000| Complete 
| 129|0x00000000e8100000, 0x00000000e8200000, 0x00000000e8200000|100%| E|CS|TAMS 0x00000000e8100000, 0x00000000e8100000| Complete 
| 130|0x00000000e8200000, 0x00000000e8300000, 0x00000000e8300000|100%| E|CS|TAMS 0x00000000e8200000, 0x00000000e8200000| Complete 
| 131|0x00000000e8300000, 0x00000000e8400000, 0x00000000e8400000|100%| E|CS|TAMS 0x00000000e8300000, 0x00000000e8300000| Complete 
| 132|0x00000000e8400000, 0x00000000e8500000, 0x00000000e8500000|100%| E|CS|TAMS 0x00000000e8400000, 0x00000000e8400000| Complete 
| 133|0x00000000e8500000, 0x00000000e8600000, 0x00000000e8600000|100%| E|CS|TAMS 0x00000000e8500000, 0x00000000e8500000| Complete 
| 134|0x00000000e8600000, 0x00000000e8700000, 0x00000000e8700000|100%| E|CS|TAMS 0x00000000e8600000, 0x00000000e8600000| Complete 
| 135|0x00000000e8700000, 0x00000000e8800000, 0x00000000e8800000|100%| E|CS|TAMS 0x00000000e8700000, 0x00000000e8700000| Complete 
| 136|0x00000000e8800000, 0x00000000e8900000, 0x00000000e8900000|100%| E|CS|TAMS 0x00000000e8800000, 0x00000000e8800000| Complete 
| 137|0x00000000e8900000, 0x00000000e8a00000, 0x00000000e8a00000|100%| E|CS|TAMS 0x00000000e8900000, 0x00000000e8900000| Complete 
| 138|0x00000000e8a00000, 0x00000000e8b00000, 0x00000000e8b00000|100%| E|CS|TAMS 0x00000000e8a00000, 0x00000000e8a00000| Complete 
| 139|0x00000000e8b00000, 0x00000000e8c00000, 0x00000000e8c00000|100%| E|CS|TAMS 0x00000000e8b00000, 0x00000000e8b00000| Complete 
| 140|0x00000000e8c00000, 0x00000000e8d00000, 0x00000000e8d00000|100%| E|CS|TAMS 0x00000000e8c00000, 0x00000000e8c00000| Complete 
| 141|0x00000000e8d00000, 0x00000000e8e00000, 0x00000000e8e00000|100%| E|CS|TAMS 0x00000000e8d00000, 0x00000000e8d00000| Complete 
| 142|0x00000000e8e00000, 0x00000000e8f00000, 0x00000000e8f00000|100%| E|CS|TAMS 0x00000000e8e00000, 0x00000000e8e00000| Complete 
| 143|0x00000000e8f00000, 0x00000000e9000000, 0x00000000e9000000|100%| E|CS|TAMS 0x00000000e8f00000, 0x00000000e8f00000| Complete 
| 144|0x00000000e9000000, 0x00000000e9100000, 0x00000000e9100000|100%| E|CS|TAMS 0x00000000e9000000, 0x00000000e9000000| Complete 
| 145|0x00000000e9100000, 0x00000000e9200000, 0x00000000e9200000|100%| E|CS|TAMS 0x00000000e9100000, 0x00000000e9100000| Complete 
| 146|0x00000000e9200000, 0x00000000e9300000, 0x00000000e9300000|100%| E|CS|TAMS 0x00000000e9200000, 0x00000000e9200000| Complete 
| 147|0x00000000e9300000, 0x00000000e9400000, 0x00000000e9400000|100%| E|CS|TAMS 0x00000000e9300000, 0x00000000e9300000| Complete 
| 148|0x00000000e9400000, 0x00000000e9500000, 0x00000000e9500000|100%| E|CS|TAMS 0x00000000e9400000, 0x00000000e9400000| Complete 
| 149|0x00000000e9500000, 0x00000000e9600000, 0x00000000e9600000|100%| E|CS|TAMS 0x00000000e9500000, 0x00000000e9500000| Complete 
| 150|0x00000000e9600000, 0x00000000e9700000, 0x00000000e9700000|100%| E|CS|TAMS 0x00000000e9600000, 0x00000000e9600000| Complete 
| 151|0x00000000e9700000, 0x00000000e9800000, 0x00000000e9800000|100%| E|CS|TAMS 0x00000000e9700000, 0x00000000e9700000| Complete 
| 152|0x00000000e9800000, 0x00000000e9900000, 0x00000000e9900000|100%| E|CS|TAMS 0x00000000e9800000, 0x00000000e9800000| Complete 
| 153|0x00000000e9900000, 0x00000000e9a00000, 0x00000000e9a00000|100%| E|CS|TAMS 0x00000000e9900000, 0x00000000e9900000| Complete 
| 154|0x00000000e9a00000, 0x00000000e9b00000, 0x00000000e9b00000|100%| E|CS|TAMS 0x00000000e9a00000, 0x00000000e9a00000| Complete 
| 155|0x00000000e9b00000, 0x00000000e9c00000, 0x00000000e9c00000|100%| E|CS|TAMS 0x00000000e9b00000, 0x00000000e9b00000| Complete 
| 156|0x00000000e9c00000, 0x00000000e9d00000, 0x00000000e9d00000|100%| E|CS|TAMS 0x00000000e9c00000, 0x00000000e9c00000| Complete 
| 157|0x00000000e9d00000, 0x00000000e9e00000, 0x00000000e9e00000|100%| E|CS|TAMS 0x00000000e9d00000, 0x00000000e9d00000| Complete 
| 158|0x00000000e9e00000, 0x00000000e9f00000, 0x00000000e9f00000|100%| E|CS|TAMS 0x00000000e9e00000, 0x00000000e9e00000| Complete 
| 159|0x00000000e9f00000, 0x00000000ea000000, 0x00000000ea000000|100%| E|CS|TAMS 0x00000000e9f00000, 0x00000000e9f00000| Complete 
| 160|0x00000000ea000000, 0x00000000ea100000, 0x00000000ea100000|100%| E|CS|TAMS 0x00000000ea000000, 0x00000000ea000000| Complete 
| 161|0x00000000ea100000, 0x00000000ea200000, 0x00000000ea200000|100%| E|CS|TAMS 0x00000000ea100000, 0x00000000ea100000| Complete 
| 162|0x00000000ea200000, 0x00000000ea300000, 0x00000000ea300000|100%| E|CS|TAMS 0x00000000ea200000, 0x00000000ea200000| Complete 
| 163|0x00000000ea300000, 0x00000000ea400000, 0x00000000ea400000|100%| E|CS|TAMS 0x00000000ea300000, 0x00000000ea300000| Complete 
| 164|0x00000000ea400000, 0x00000000ea500000, 0x00000000ea500000|100%| E|CS|TAMS 0x00000000ea400000, 0x00000000ea400000| Complete 
| 165|0x00000000ea500000, 0x00000000ea600000, 0x00000000ea600000|100%| E|CS|TAMS 0x00000000ea500000, 0x00000000ea500000| Complete 
| 166|0x00000000ea600000, 0x00000000ea700000, 0x00000000ea700000|100%| E|CS|TAMS 0x00000000ea600000, 0x00000000ea600000| Complete 
| 167|0x00000000ea700000, 0x00000000ea800000, 0x00000000ea800000|100%| E|CS|TAMS 0x00000000ea700000, 0x00000000ea700000| Complete 
| 168|0x00000000ea800000, 0x00000000ea900000, 0x00000000ea900000|100%| E|CS|TAMS 0x00000000ea800000, 0x00000000ea800000| Complete 
| 169|0x00000000ea900000, 0x00000000eaa00000, 0x00000000eaa00000|100%| E|CS|TAMS 0x00000000ea900000, 0x00000000ea900000| Complete 
| 170|0x00000000eaa00000, 0x00000000eab00000, 0x00000000eab00000|100%| E|CS|TAMS 0x00000000eaa00000, 0x00000000eaa00000| Complete 
| 171|0x00000000eab00000, 0x00000000eac00000, 0x00000000eac00000|100%| E|CS|TAMS 0x00000000eab00000, 0x00000000eab00000| Complete 
| 172|0x00000000eac00000, 0x00000000ead00000, 0x00000000ead00000|100%| E|CS|TAMS 0x00000000eac00000, 0x00000000eac00000| Complete 
| 173|0x00000000ead00000, 0x00000000eae00000, 0x00000000eae00000|100%| E|CS|TAMS 0x00000000ead00000, 0x00000000ead00000| Complete 
| 174|0x00000000eae00000, 0x00000000eaf00000, 0x00000000eaf00000|100%| E|CS|TAMS 0x00000000eae00000, 0x00000000eae00000| Complete 
| 175|0x00000000eaf00000, 0x00000000eb000000, 0x00000000eb000000|100%| E|CS|TAMS 0x00000000eaf00000, 0x00000000eaf00000| Complete 
| 176|0x00000000eb000000, 0x00000000eb100000, 0x00000000eb100000|100%| E|CS|TAMS 0x00000000eb000000, 0x00000000eb000000| Complete 
| 177|0x00000000eb100000, 0x00000000eb200000, 0x00000000eb200000|100%| E|CS|TAMS 0x00000000eb100000, 0x00000000eb100000| Complete 
| 178|0x00000000eb200000, 0x00000000eb300000, 0x00000000eb300000|100%| E|CS|TAMS 0x00000000eb200000, 0x00000000eb200000| Complete 
| 179|0x00000000eb300000, 0x00000000eb400000, 0x00000000eb400000|100%| E|CS|TAMS 0x00000000eb300000, 0x00000000eb300000| Complete 
| 180|0x00000000eb400000, 0x00000000eb500000, 0x00000000eb500000|100%| E|CS|TAMS 0x00000000eb400000, 0x00000000eb400000| Complete 
| 181|0x00000000eb500000, 0x00000000eb600000, 0x00000000eb600000|100%| E|CS|TAMS 0x00000000eb500000, 0x00000000eb500000| Complete 
| 182|0x00000000eb600000, 0x00000000eb700000, 0x00000000eb700000|100%| E|CS|TAMS 0x00000000eb600000, 0x00000000eb600000| Complete 
| 183|0x00000000eb700000, 0x00000000eb800000, 0x00000000eb800000|100%| E|CS|TAMS 0x00000000eb700000, 0x00000000eb700000| Complete 
| 184|0x00000000eb800000, 0x00000000eb900000, 0x00000000eb900000|100%| E|CS|TAMS 0x00000000eb800000, 0x00000000eb800000| Complete 
| 185|0x00000000eb900000, 0x00000000eba00000, 0x00000000eba00000|100%| E|CS|TAMS 0x00000000eb900000, 0x00000000eb900000| Complete 
| 186|0x00000000eba00000, 0x00000000ebb00000, 0x00000000ebb00000|100%| E|CS|TAMS 0x00000000eba00000, 0x00000000eba00000| Complete 
| 187|0x00000000ebb00000, 0x00000000ebc00000, 0x00000000ebc00000|100%| E|CS|TAMS 0x00000000ebb00000, 0x00000000ebb00000| Complete 
| 188|0x00000000ebc00000, 0x00000000ebd00000, 0x00000000ebd00000|100%| E|CS|TAMS 0x00000000ebc00000, 0x00000000ebc00000| Complete 
| 189|0x00000000ebd00000, 0x00000000ebe00000, 0x00000000ebe00000|100%| E|CS|TAMS 0x00000000ebd00000, 0x00000000ebd00000| Complete 
| 190|0x00000000ebe00000, 0x00000000ebf00000, 0x00000000ebf00000|100%| E|CS|TAMS 0x00000000ebe00000, 0x00000000ebe00000| Complete 
| 191|0x00000000ebf00000, 0x00000000ec000000, 0x00000000ec000000|100%| E|CS|TAMS 0x00000000ebf00000, 0x00000000ebf00000| Complete 
| 192|0x00000000ec000000, 0x00000000ec100000, 0x00000000ec100000|100%| E|CS|TAMS 0x00000000ec000000, 0x00000000ec000000| Complete 
| 193|0x00000000ec100000, 0x00000000ec200000, 0x00000000ec200000|100%| E|CS|TAMS 0x00000000ec100000, 0x00000000ec100000| Complete 
| 194|0x00000000ec200000, 0x00000000ec300000, 0x00000000ec300000|100%| E|CS|TAMS 0x00000000ec200000, 0x00000000ec200000| Complete 
| 195|0x00000000ec300000, 0x00000000ec400000, 0x00000000ec400000|100%| E|CS|TAMS 0x00000000ec300000, 0x00000000ec300000| Complete 
| 196|0x00000000ec400000, 0x00000000ec500000, 0x00000000ec500000|100%| E|CS|TAMS 0x00000000ec400000, 0x00000000ec400000| Complete 
| 197|0x00000000ec500000, 0x00000000ec600000, 0x00000000ec600000|100%| E|CS|TAMS 0x00000000ec500000, 0x00000000ec500000| Complete 
| 198|0x00000000ec600000, 0x00000000ec700000, 0x00000000ec700000|100%| E|CS|TAMS 0x00000000ec600000, 0x00000000ec600000| Complete 
| 199|0x00000000ec700000, 0x00000000ec800000, 0x00000000ec800000|100%| E|CS|TAMS 0x00000000ec700000, 0x00000000ec700000| Complete 
| 200|0x00000000ec800000, 0x00000000ec900000, 0x00000000ec900000|100%| E|CS|TAMS 0x00000000ec800000, 0x00000000ec800000| Complete 
| 201|0x00000000ec900000, 0x00000000eca00000, 0x00000000eca00000|100%| E|CS|TAMS 0x00000000ec900000, 0x00000000ec900000| Complete 
| 202|0x00000000eca00000, 0x00000000ecb00000, 0x00000000ecb00000|100%| E|CS|TAMS 0x00000000eca00000, 0x00000000eca00000| Complete 
| 203|0x00000000ecb00000, 0x00000000ecc00000, 0x00000000ecc00000|100%| E|CS|TAMS 0x00000000ecb00000, 0x00000000ecb00000| Complete 
| 204|0x00000000ecc00000, 0x00000000ecd00000, 0x00000000ecd00000|100%| E|CS|TAMS 0x00000000ecc00000, 0x00000000ecc00000| Complete 
| 205|0x00000000ecd00000, 0x00000000ece00000, 0x00000000ece00000|100%| E|CS|TAMS 0x00000000ecd00000, 0x00000000ecd00000| Complete 
| 206|0x00000000ece00000, 0x00000000ecf00000, 0x00000000ecf00000|100%| E|CS|TAMS 0x00000000ece00000, 0x00000000ece00000| Complete 
| 207|0x00000000ecf00000, 0x00000000ed000000, 0x00000000ed000000|100%| E|CS|TAMS 0x00000000ecf00000, 0x00000000ecf00000| Complete 
| 208|0x00000000ed000000, 0x00000000ed100000, 0x00000000ed100000|100%| E|CS|TAMS 0x00000000ed000000, 0x00000000ed000000| Complete 
| 209|0x00000000ed100000, 0x00000000ed200000, 0x00000000ed200000|100%| E|CS|TAMS 0x00000000ed100000, 0x00000000ed100000| Complete 
| 210|0x00000000ed200000, 0x00000000ed300000, 0x00000000ed300000|100%| E|CS|TAMS 0x00000000ed200000, 0x00000000ed200000| Complete 
| 211|0x00000000ed300000, 0x00000000ed400000, 0x00000000ed400000|100%| E|CS|TAMS 0x00000000ed300000, 0x00000000ed300000| Complete 
| 212|0x00000000ed400000, 0x00000000ed500000, 0x00000000ed500000|100%| E|CS|TAMS 0x00000000ed400000, 0x00000000ed400000| Complete 
| 213|0x00000000ed500000, 0x00000000ed600000, 0x00000000ed600000|100%| E|CS|TAMS 0x00000000ed500000, 0x00000000ed500000| Complete 
| 214|0x00000000ed600000, 0x00000000ed700000, 0x00000000ed700000|100%| E|CS|TAMS 0x00000000ed600000, 0x00000000ed600000| Complete 
| 215|0x00000000ed700000, 0x00000000ed800000, 0x00000000ed800000|100%| E|CS|TAMS 0x00000000ed700000, 0x00000000ed700000| Complete 
| 216|0x00000000ed800000, 0x00000000ed900000, 0x00000000ed900000|100%| E|CS|TAMS 0x00000000ed800000, 0x00000000ed800000| Complete 
| 217|0x00000000ed900000, 0x00000000eda00000, 0x00000000eda00000|100%| E|CS|TAMS 0x00000000ed900000, 0x00000000ed900000| Complete 
| 218|0x00000000eda00000, 0x00000000edb00000, 0x00000000edb00000|100%| E|CS|TAMS 0x00000000eda00000, 0x00000000eda00000| Complete 
| 219|0x00000000edb00000, 0x00000000edc00000, 0x00000000edc00000|100%| E|CS|TAMS 0x00000000edb00000, 0x00000000edb00000| Complete 
| 220|0x00000000edc00000, 0x00000000edd00000, 0x00000000edd00000|100%| E|CS|TAMS 0x00000000edc00000, 0x00000000edc00000| Complete 
| 221|0x00000000edd00000, 0x00000000ede00000, 0x00000000ede00000|100%| E|CS|TAMS 0x00000000edd00000, 0x00000000edd00000| Complete 
| 222|0x00000000ede00000, 0x00000000edf00000, 0x00000000edf00000|100%| E|CS|TAMS 0x00000000ede00000, 0x00000000ede00000| Complete 
| 223|0x00000000edf00000, 0x00000000ee000000, 0x00000000ee000000|100%| E|CS|TAMS 0x00000000edf00000, 0x00000000edf00000| Complete 
| 224|0x00000000ee000000, 0x00000000ee100000, 0x00000000ee100000|100%| E|CS|TAMS 0x00000000ee000000, 0x00000000ee000000| Complete 
| 225|0x00000000ee100000, 0x00000000ee200000, 0x00000000ee200000|100%| E|CS|TAMS 0x00000000ee100000, 0x00000000ee100000| Complete 
| 226|0x00000000ee200000, 0x00000000ee300000, 0x00000000ee300000|100%| E|CS|TAMS 0x00000000ee200000, 0x00000000ee200000| Complete 
| 227|0x00000000ee300000, 0x00000000ee400000, 0x00000000ee400000|100%| E|CS|TAMS 0x00000000ee300000, 0x00000000ee300000| Complete 
| 228|0x00000000ee400000, 0x00000000ee500000, 0x00000000ee500000|100%| E|CS|TAMS 0x00000000ee400000, 0x00000000ee400000| Complete 
| 229|0x00000000ee500000, 0x00000000ee600000, 0x00000000ee600000|100%| E|CS|TAMS 0x00000000ee500000, 0x00000000ee500000| Complete 
| 230|0x00000000ee600000, 0x00000000ee700000, 0x00000000ee700000|100%| E|CS|TAMS 0x00000000ee600000, 0x00000000ee600000| Complete 
| 231|0x00000000ee700000, 0x00000000ee800000, 0x00000000ee800000|100%| E|CS|TAMS 0x00000000ee700000, 0x00000000ee700000| Complete 
| 232|0x00000000ee800000, 0x00000000ee900000, 0x00000000ee900000|100%| E|CS|TAMS 0x00000000ee800000, 0x00000000ee800000| Complete 
| 233|0x00000000ee900000, 0x00000000eea00000, 0x00000000eea00000|100%| E|CS|TAMS 0x00000000ee900000, 0x00000000ee900000| Complete 
| 234|0x00000000eea00000, 0x00000000eeb00000, 0x00000000eeb00000|100%| E|CS|TAMS 0x00000000eea00000, 0x00000000eea00000| Complete 
| 235|0x00000000eeb00000, 0x00000000eec00000, 0x00000000eec00000|100%| E|CS|TAMS 0x00000000eeb00000, 0x00000000eeb00000| Complete 
| 236|0x00000000eec00000, 0x00000000eed00000, 0x00000000eed00000|100%| E|CS|TAMS 0x00000000eec00000, 0x00000000eec00000| Complete 
| 237|0x00000000eed00000, 0x00000000eee00000, 0x00000000eee00000|100%| E|CS|TAMS 0x00000000eed00000, 0x00000000eed00000| Complete 
| 238|0x00000000eee00000, 0x00000000eef00000, 0x00000000eef00000|100%| E|CS|TAMS 0x00000000eee00000, 0x00000000eee00000| Complete 
| 239|0x00000000eef00000, 0x00000000ef000000, 0x00000000ef000000|100%| E|CS|TAMS 0x00000000eef00000, 0x00000000eef00000| Complete 
| 240|0x00000000ef000000, 0x00000000ef100000, 0x00000000ef100000|100%| E|CS|TAMS 0x00000000ef000000, 0x00000000ef000000| Complete 
| 241|0x00000000ef100000, 0x00000000ef200000, 0x00000000ef200000|100%| E|CS|TAMS 0x00000000ef100000, 0x00000000ef100000| Complete 
| 242|0x00000000ef200000, 0x00000000ef300000, 0x00000000ef300000|100%| E|CS|TAMS 0x00000000ef200000, 0x00000000ef200000| Complete 
| 243|0x00000000ef300000, 0x00000000ef400000, 0x00000000ef400000|100%| E|CS|TAMS 0x00000000ef300000, 0x00000000ef300000| Complete 
| 244|0x00000000ef400000, 0x00000000ef500000, 0x00000000ef500000|100%| E|CS|TAMS 0x00000000ef400000, 0x00000000ef400000| Complete 
| 245|0x00000000ef500000, 0x00000000ef600000, 0x00000000ef600000|100%| E|CS|TAMS 0x00000000ef500000, 0x00000000ef500000| Complete 
| 246|0x00000000ef600000, 0x00000000ef700000, 0x00000000ef700000|100%| E|CS|TAMS 0x00000000ef600000, 0x00000000ef600000| Complete 
| 247|0x00000000ef700000, 0x00000000ef800000, 0x00000000ef800000|100%| E|CS|TAMS 0x00000000ef700000, 0x00000000ef700000| Complete 
| 248|0x00000000ef800000, 0x00000000ef900000, 0x00000000ef900000|100%| E|CS|TAMS 0x00000000ef800000, 0x00000000ef800000| Complete 
| 249|0x00000000ef900000, 0x00000000efa00000, 0x00000000efa00000|100%| E|CS|TAMS 0x00000000ef900000, 0x00000000ef900000| Complete 
| 250|0x00000000efa00000, 0x00000000efb00000, 0x00000000efb00000|100%| E|CS|TAMS 0x00000000efa00000, 0x00000000efa00000| Complete 
| 251|0x00000000efb00000, 0x00000000efc00000, 0x00000000efc00000|100%| E|CS|TAMS 0x00000000efb00000, 0x00000000efb00000| Complete 
| 252|0x00000000efc00000, 0x00000000efd00000, 0x00000000efd00000|100%| E|CS|TAMS 0x00000000efc00000, 0x00000000efc00000| Complete 
| 253|0x00000000efd00000, 0x00000000efe00000, 0x00000000efe00000|100%| E|CS|TAMS 0x00000000efd00000, 0x00000000efd00000| Complete 
| 254|0x00000000efe00000, 0x00000000eff00000, 0x00000000eff00000|100%| E|CS|TAMS 0x00000000efe00000, 0x00000000efe00000| Complete 
| 255|0x00000000eff00000, 0x00000000f0000000, 0x00000000f0000000|100%| E|CS|TAMS 0x00000000eff00000, 0x00000000eff00000| Complete 

Card table byte_map: [0x000002ce794b0000,0x000002ce795b0000] _byte_map_base: 0x000002ce78db0000

Marking Bits (Prev, Next): (CMBitMap*) 0x000002ce74a7b1c8, (CMBitMap*) 0x000002ce74a7b200
 Prev Bits: [0x000002ce796b0000, 0x000002ce79eb0000)
 Next Bits: [0x000002ce79eb0000, 0x000002ce7a6b0000)

Polling page: 0x000002ce730a0000

Metaspace:

Usage:
  Non-class:     40.53 MB capacity,    39.73 MB ( 98%) used,   712.29 KB (  2%) free+waste,   107.56 KB ( <1%) overhead. 
      Class:      6.59 MB capacity,     6.22 MB ( 94%) used,   327.84 KB (  5%) free+waste,    50.75 KB ( <1%) overhead. 
       Both:     47.12 MB capacity,    45.95 MB ( 98%) used,     1.02 MB (  2%) free+waste,   158.31 KB ( <1%) overhead. 

Virtual space:
  Non-class space:       42.00 MB reserved,      40.75 MB ( 97%) committed 
      Class space:      248.00 MB reserved,       6.63 MB (  3%) committed 
             Both:      290.00 MB reserved,      47.37 MB ( 16%) committed 

Chunk freelists:
   Non-Class:  28.00 KB
       Class:  1.00 KB
        Both:  29.00 KB

CodeHeap 'non-profiled nmethods': size=120000Kb used=3202Kb max_used=3202Kb free=116797Kb
 bounds [0x000002ce07ad0000, 0x000002ce07e00000, 0x000002ce0f000000]
CodeHeap 'profiled nmethods': size=120000Kb used=12842Kb max_used=12842Kb free=107157Kb
 bounds [0x000002ce005a0000, 0x000002ce01240000, 0x000002ce07ad0000]
CodeHeap 'non-nmethods': size=5760Kb used=2260Kb max_used=2314Kb free=3499Kb
 bounds [0x000002ce00000000, 0x000002ce00270000, 0x000002ce005a0000]
 total_blobs=8614 nmethods=5570 adapters=726
 compilation: enabled
              stopped_count=0, restarted_count=0
 full_count=0

Compilation events (10 events):
Event: 12320.242 Thread 0x000002ce7d116000 nmethod 6238 0x000002ce07dec110 code [0x000002ce07dec480, 0x000002ce07dee108]
Event: 12441.802 Thread 0x000002ce7d116000 6239       4       com.google.common.collect.ImmutableList::iterator (5 bytes)
Event: 12441.825 Thread 0x000002ce7d116000 nmethod 6239 0x000002ce07def710 code [0x000002ce07def8c0, 0x000002ce07defa78]
Event: 12441.826 Thread 0x000002ce7d116000 6240   !   4       sun.nio.ch.NativeThreadSet::add (155 bytes)
Event: 12441.831 Thread 0x000002ce7d116000 nmethod 6240 0x000002ce07defc10 code [0x000002ce07defda0, 0x000002ce07df0058]
Event: 12445.067 Thread 0x000002ce7d116000 6241       4       java.lang.reflect.AccessibleObject::checkAccess (40 bytes)
Event: 12445.071 Thread 0x000002ce7d116000 nmethod 6241 0x000002ce07df0210 code [0x000002ce07df03a0, 0x000002ce07df04f8]
Event: 12451.811 Thread 0x000002ce7d117000 6242       1       java.util.Locale::getDefault (4 bytes)
Event: 12451.812 Thread 0x000002ce7d117000 nmethod 6242 0x000002ce07df0690 code [0x000002ce07df0840, 0x000002ce07df0958]
Event: 12591.822 Thread 0x000002ce7d116000 6243       4       java.io.RandomAccessFile::close (42 bytes)

GC Heap History (10 events):
Event: 5.104 GC heap before
{Heap before GC invocations=4 (full 0):
 garbage-first heap   total 262144K, used 112929K [0x00000000e0000000, 0x0000000100000000)
  region size 1024K, 94 young (96256K), 5 survivors (5120K)
 Metaspace       used 34810K, capacity 35645K, committed 35964K, reserved 284672K
  class space    used 4890K, capacity 5135K, committed 5248K, reserved 253952K
}
Event: 5.113 GC heap after
{Heap after GC invocations=5 (full 0):
 garbage-first heap   total 262144K, used 26578K [0x00000000e0000000, 0x0000000100000000)
  region size 1024K, 9 young (9216K), 9 survivors (9216K)
 Metaspace       used 34810K, capacity 35645K, committed 35964K, reserved 284672K
  class space    used 4890K, capacity 5135K, committed 5248K, reserved 253952K
}
Event: 5.176 GC heap before
{Heap before GC invocations=5 (full 0):
 garbage-first heap   total 262144K, used 29650K [0x00000000e0000000, 0x0000000100000000)
  region size 1024K, 13 young (13312K), 9 survivors (9216K)
 Metaspace       used 35059K, capacity 35874K, committed 35964K, reserved 284672K
  class space    used 4931K, capacity 5169K, committed 5248K, reserved 253952K
}
Event: 5.193 GC heap after
{Heap after GC invocations=6 (full 0):
 garbage-first heap   total 262144K, used 27317K [0x00000000e0000000, 0x0000000100000000)
  region size 1024K, 6 young (6144K), 6 survivors (6144K)
 Metaspace       used 35059K, capacity 35874K, committed 35964K, reserved 284672K
  class space    used 4931K, capacity 5169K, committed 5248K, reserved 253952K
}
Event: 84.949 GC heap before
{Heap before GC invocations=7 (full 0):
 garbage-first heap   total 262144K, used 139957K [0x00000000e0000000, 0x0000000100000000)
  region size 1024K, 117 young (119808K), 6 survivors (6144K)
 Metaspace       used 45901K, capacity 47110K, committed 47356K, reserved 294912K
  class space    used 6287K, capacity 6649K, committed 6656K, reserved 253952K
}
Event: 84.960 GC heap after
{Heap after GC invocations=8 (full 0):
 garbage-first heap   total 262144K, used 35812K [0x00000000e0000000, 0x0000000100000000)
  region size 1024K, 15 young (15360K), 15 survivors (15360K)
 Metaspace       used 45901K, capacity 47110K, committed 47356K, reserved 294912K
  class space    used 6287K, capacity 6649K, committed 6656K, reserved 253952K
}
Event: 4002.292 GC heap before
{Heap before GC invocations=8 (full 0):
 garbage-first heap   total 262144K, used 151524K [0x00000000e0000000, 0x0000000100000000)
  region size 1024K, 129 young (132096K), 15 survivors (15360K)
 Metaspace       used 47049K, capacity 48255K, committed 48508K, reserved 296960K
  class space    used 6372K, capacity 6751K, committed 6784K, reserved 253952K
}
Event: 4002.389 GC heap after
{Heap after GC invocations=9 (full 0):
 garbage-first heap   total 262144K, used 32126K [0x00000000e0000000, 0x0000000100000000)
  region size 1024K, 6 young (6144K), 6 survivors (6144K)
 Metaspace       used 47049K, capacity 48255K, committed 48508K, reserved 296960K
  class space    used 6372K, capacity 6751K, committed 6784K, reserved 253952K
}
Event: 8151.812 GC heap before
{Heap before GC invocations=9 (full 0):
 garbage-first heap   total 262144K, used 159102K [0x00000000e0000000, 0x0000000100000000)
  region size 1024K, 130 young (133120K), 6 survivors (6144K)
 Metaspace       used 47055K, capacity 48255K, committed 48508K, reserved 296960K
  class space    used 6372K, capacity 6751K, committed 6784K, reserved 253952K
}
Event: 8151.882 GC heap after
{Heap after GC invocations=10 (full 0):
 garbage-first heap   total 262144K, used 31416K [0x00000000e0000000, 0x0000000100000000)
  region size 1024K, 5 young (5120K), 5 survivors (5120K)
 Metaspace       used 47055K, capacity 48255K, committed 48508K, reserved 296960K
  class space    used 6372K, capacity 6751K, committed 6784K, reserved 253952K
}

Deoptimization events (10 events):
Event: 601.289 Thread 0x000002ce7f611000 DEOPT PACKING pc=0x000002ce07d8fe48 sp=0x000000d2591fe500
Event: 601.289 Thread 0x000002ce7f611000 DEOPT UNPACKING pc=0x000002ce0000802f sp=0x000000d2591fe488 mode 2
Event: 601.289 Thread 0x000002ce7f611000 Uncommon trap: trap_request=0xffffffde fr.pc=0x000002ce07d8fe48 relative=0x0000000000000128
Event: 601.289 Thread 0x000002ce7f611000 Uncommon trap: reason=class_check action=maybe_recompile pc=0x000002ce07d8fe48 method=jdk.internal.misc.Unsafe.allocateUninitializedArray(Ljava/lang/Class;I)Ljava/lang/Object; @ 48 c2
Event: 601.289 Thread 0x000002ce7f611000 DEOPT PACKING pc=0x000002ce07d8fe48 sp=0x000000d2591fe500
Event: 601.289 Thread 0x000002ce7f611000 DEOPT UNPACKING pc=0x000002ce0000802f sp=0x000000d2591fe488 mode 2
Event: 1345.715 Thread 0x000002ce10e42800 DEOPT PACKING pc=0x000002ce0116d439 sp=0x000000d2596ff070
Event: 1345.715 Thread 0x000002ce10e42800 DEOPT UNPACKING pc=0x000002ce0002a7de sp=0x000000d2596fe590 mode 0
Event: 1356.300 Thread 0x000002ce10e46800 DEOPT PACKING pc=0x000002ce0116ea2b sp=0x000000d2598fee00
Event: 1356.300 Thread 0x000002ce10e46800 DEOPT UNPACKING pc=0x000002ce0002a7de sp=0x000000d2598fe320 mode 0

Classes redefined (0 events):
No events

Internal exceptions (10 events):
Event: 85.131 Thread 0x000002ce10e4a000 Exception <a 'sun/nio/fs/WindowsException'{0x00000000ef714e80}> (0x00000000ef714e80) thrown at [c:/BuildAgent/work/5ff2f6c26000d570/src/hotspot/share/prims/jni.cpp, line 615]
Event: 85.136 Thread 0x000002ce10e4a000 Exception <a 'sun/nio/fs/WindowsException'{0x00000000ef729288}> (0x00000000ef729288) thrown at [c:/BuildAgent/work/5ff2f6c26000d570/src/hotspot/share/prims/jni.cpp, line 615]
Event: 85.148 Thread 0x000002ce10e46800 Exception <a 'java/lang/NoSuchMethodError'{0x00000000eff12da0}: <clinit>> (0x00000000eff12da0) thrown at [c:/BuildAgent/work/5ff2f6c26000d570/src/hotspot/share/prims/jni.cpp, line 1364]
Event: 85.148 Thread 0x000002ce10e46800 Exception <a 'java/lang/NoSuchMethodError'{0x00000000eff14650}: <clinit>> (0x00000000eff14650) thrown at [c:/BuildAgent/work/5ff2f6c26000d570/src/hotspot/share/prims/jni.cpp, line 1364]
Event: 85.181 Thread 0x000002ce11fee800 Exception <a 'java/lang/NoSuchMethodError'{0x00000000ef58ea70}: 'void java.lang.invoke.DirectMethodHandle$Holder.invokeStatic(java.lang.Object, long)'> (0x00000000ef58ea70) thrown at [c:/BuildAgent/work/5ff2f6c26000d570/src/hotspot/share/interpreter/linkR
Event: 85.182 Thread 0x000002ce11fee800 Exception <a 'java/lang/NoSuchMethodError'{0x00000000ef593c88}: 'java.lang.Object java.lang.invoke.DirectMethodHandle$Holder.invokeStatic(java.lang.Object, long)'> (0x00000000ef593c88) thrown at [c:/BuildAgent/work/5ff2f6c26000d570/src/hotspot/share/inter
Event: 85.182 Thread 0x000002ce11fee800 Exception <a 'java/lang/NoSuchMethodError'{0x00000000ef599d60}: 'java.lang.Object java.lang.invoke.Invokers$Holder.linkToTargetMethod(long, java.lang.Object)'> (0x00000000ef599d60) thrown at [c:/BuildAgent/work/5ff2f6c26000d570/src/hotspot/share/interpret
Event: 85.184 Thread 0x000002ce11fee800 Exception <a 'java/lang/NoSuchMethodError'{0x00000000ef5a20a0}: 'java.lang.Object java.lang.invoke.DirectMethodHandle$Holder.invokeStaticInit(java.lang.Object, java.lang.Object, long, java.lang.Object)'> (0x00000000ef5a20a0) thrown at [c:/BuildAgent/work/
Event: 85.185 Thread 0x000002ce11fee800 Exception <a 'java/lang/NoSuchMethodError'{0x00000000ef5a7f90}: 'java.lang.Object java.lang.invoke.DirectMethodHandle$Holder.invokeStatic(java.lang.Object, java.lang.Object, long)'> (0x00000000ef5a7f90) thrown at [c:/BuildAgent/work/5ff2f6c26000d570/src/h
Event: 85.185 Thread 0x000002ce11fee800 Exception <a 'java/lang/NoSuchMethodError'{0x00000000ef5ae4c0}: 'java.lang.Object java.lang.invoke.Invokers$Holder.linkToTargetMethod(java.lang.Object, long, java.lang.Object)'> (0x00000000ef5ae4c0) thrown at [c:/BuildAgent/work/5ff2f6c26000d570/src/hotsp

Events (10 events):
Event: 360.063 loading class org/gradle/workers/internal/WorkerDaemonExpiration$SimpleMemoryExpirationSelector
Event: 360.063 loading class org/gradle/workers/internal/WorkerDaemonExpiration$SimpleMemoryExpirationSelector done
Event: 360.065 loading class org/gradle/workers/internal/WorkerDaemonClientsManager$1
Event: 360.065 loading class org/gradle/workers/internal/WorkerDaemonClientsManager$1 done
Event: 1581.800 loading class org/gradle/launcher/daemon/registry/DaemonInfo$1
Event: 1581.800 loading class org/gradle/launcher/daemon/registry/DaemonInfo$1 done
Event: 4002.289 Executing VM operation: G1CollectForAllocation
Event: 4002.390 Executing VM operation: G1CollectForAllocation done
Event: 8151.802 Executing VM operation: G1CollectForAllocation
Event: 8151.882 Executing VM operation: G1CollectForAllocation done


Dynamic libraries:
0x00007ff696300000 - 0x00007ff696347000 	C:\Program Files\JetBrains\IntelliJ IDEA Educational Edition 2019.3\jbr\bin\java.exe
0x00007ffff8a20000 - 0x00007ffff8c10000 	C:\WINDOWS\SYSTEM32\ntdll.dll
0x00007ffff6fc0000 - 0x00007ffff7072000 	C:\WINDOWS\System32\KERNEL32.DLL
0x00007ffff59d0000 - 0x00007ffff5c73000 	C:\WINDOWS\System32\KERNELBASE.dll
0x00007ffff8090000 - 0x00007ffff8224000 	C:\WINDOWS\System32\USER32.dll
0x00007ffff5d80000 - 0x00007ffff5da1000 	C:\WINDOWS\System32\win32u.dll
0x00007ffff7ae0000 - 0x00007ffff7b06000 	C:\WINDOWS\System32\GDI32.dll
0x00007ffff5e30000 - 0x00007ffff5fc4000 	C:\WINDOWS\System32\gdi32full.dll
0x00007ffff68a0000 - 0x00007ffff693e000 	C:\WINDOWS\System32\msvcp_win.dll
0x00007ffff5c80000 - 0x00007ffff5d7a000 	C:\WINDOWS\System32\ucrtbase.dll
0x00007fffdb8e0000 - 0x00007fffdbb65000 	C:\WINDOWS\WinSxS\amd64_microsoft.windows.common-controls_6595b64144ccf1df_6.0.18362.657_none_e6c5b579130e3898\COMCTL32.dll
0x00007ffff72e0000 - 0x00007ffff737e000 	C:\WINDOWS\System32\msvcrt.dll
0x00007ffff7c60000 - 0x00007ffff7f96000 	C:\WINDOWS\System32\combase.dll
0x00007ffff71c0000 - 0x00007ffff72e0000 	C:\WINDOWS\System32\RPCRT4.dll
0x00007ffff5db0000 - 0x00007ffff5e30000 	C:\WINDOWS\System32\bcryptPrimitives.dll
0x00007ffff7fa0000 - 0x00007ffff7fce000 	C:\WINDOWS\System32\IMM32.DLL
0x00007fffbe210000 - 0x00007fffbe227000 	C:\Program Files\JetBrains\IntelliJ IDEA Educational Edition 2019.3\jbr\bin\vcruntime140.dll
0x00007fffa0240000 - 0x00007fffa02dd000 	C:\Program Files\JetBrains\IntelliJ IDEA Educational Edition 2019.3\jbr\bin\msvcp140.dll
0x00007fffc0450000 - 0x00007fffc0f08000 	C:\Program Files\JetBrains\IntelliJ IDEA Educational Edition 2019.3\jbr\bin\server\jvm.dll
0x00007ffff8300000 - 0x00007ffff83a3000 	C:\WINDOWS\System32\ADVAPI32.dll
0x00007ffff7b10000 - 0x00007ffff7ba7000 	C:\WINDOWS\System32\sechost.dll
0x00007ffff7ad0000 - 0x00007ffff7ad8000 	C:\WINDOWS\System32\PSAPI.DLL
0x00007fffebae0000 - 0x00007fffebaea000 	C:\WINDOWS\SYSTEM32\VERSION.dll
0x00007ffff3630000 - 0x00007ffff3654000 	C:\WINDOWS\SYSTEM32\WINMM.dll
0x00007fffe3f50000 - 0x00007fffe3f59000 	C:\WINDOWS\SYSTEM32\WSOCK32.dll
0x00007ffff8960000 - 0x00007ffff89cf000 	C:\WINDOWS\System32\WS2_32.dll
0x00007ffff3600000 - 0x00007ffff362d000 	C:\WINDOWS\SYSTEM32\winmmbase.dll
0x00007ffff6a50000 - 0x00007ffff6a9a000 	C:\WINDOWS\System32\cfgmgr32.dll
0x00007ffff5900000 - 0x00007ffff5911000 	C:\WINDOWS\System32\kernel.appcore.dll
0x00007fffe3f10000 - 0x00007fffe3f21000 	C:\Program Files\JetBrains\IntelliJ IDEA Educational Edition 2019.3\jbr\bin\verify.dll
0x00007fffeec20000 - 0x00007fffeee14000 	C:\WINDOWS\SYSTEM32\DBGHELP.DLL
0x00007fffe5360000 - 0x00007fffe538a000 	C:\WINDOWS\SYSTEM32\dbgcore.DLL
0x00007fffc0420000 - 0x00007fffc0449000 	C:\Program Files\JetBrains\IntelliJ IDEA Educational Edition 2019.3\jbr\bin\java.dll
0x00007fffe3db0000 - 0x00007fffe3dc7000 	C:\Program Files\JetBrains\IntelliJ IDEA Educational Edition 2019.3\jbr\bin\zip.dll
0x00007fffe3f00000 - 0x00007fffe3f0b000 	C:\Program Files\JetBrains\IntelliJ IDEA Educational Edition 2019.3\jbr\bin\jimage.dll
0x00007ffff7380000 - 0x00007ffff7a65000 	C:\WINDOWS\System32\SHELL32.dll
0x00007ffff7fe0000 - 0x00007ffff8089000 	C:\WINDOWS\System32\shcore.dll
0x00007ffff5fd0000 - 0x00007ffff674f000 	C:\WINDOWS\System32\windows.storage.dll
0x00007ffff5970000 - 0x00007ffff598f000 	C:\WINDOWS\System32\profapi.dll
0x00007ffff5920000 - 0x00007ffff596a000 	C:\WINDOWS\System32\powrprof.dll
0x00007ffff58f0000 - 0x00007ffff5900000 	C:\WINDOWS\System32\UMPDC.dll
0x00007ffff6af0000 - 0x00007ffff6b42000 	C:\WINDOWS\System32\shlwapi.dll
0x00007ffff59b0000 - 0x00007ffff59c7000 	C:\WINDOWS\System32\cryptsp.dll
0x00007fffc0400000 - 0x00007fffc041a000 	C:\Program Files\JetBrains\IntelliJ IDEA Educational Edition 2019.3\jbr\bin\net.dll
0x00007fffedde0000 - 0x00007fffeded0000 	C:\WINDOWS\SYSTEM32\WINHTTP.dll
0x00007fffe59c0000 - 0x00007fffe5b96000 	C:\WINDOWS\SYSTEM32\urlmon.dll
0x00007fffe1e40000 - 0x00007fffe20e6000 	C:\WINDOWS\SYSTEM32\iertutil.dll
0x00007ffff52d0000 - 0x00007ffff52dc000 	C:\WINDOWS\SYSTEM32\CRYPTBASE.DLL
0x00007ffff5100000 - 0x00007ffff5167000 	C:\WINDOWS\system32\mswsock.dll
0x00007fffc03e0000 - 0x00007fffc03f4000 	C:\Program Files\JetBrains\IntelliJ IDEA Educational Edition 2019.3\jbr\bin\nio.dll
0x00007fffd8530000 - 0x00007fffd8556000 	C:\Users\User\.gradle\native\29\windows-amd64\native-platform.dll
0x00007fffc03d0000 - 0x00007fffc03da000 	C:\Program Files\JetBrains\IntelliJ IDEA Educational Edition 2019.3\jbr\bin\management.dll
0x00007fffc03c0000 - 0x00007fffc03cc000 	C:\Program Files\JetBrains\IntelliJ IDEA Educational Edition 2019.3\jbr\bin\management_ext.dll
0x00007ffff4c70000 - 0x00007ffff4ca3000 	C:\WINDOWS\system32\rsaenh.dll
0x00007ffff6aa0000 - 0x00007ffff6ac6000 	C:\WINDOWS\System32\bcrypt.dll
0x00007ffff5810000 - 0x00007ffff5835000 	C:\WINDOWS\SYSTEM32\USERENV.dll
0x00007ffff4e10000 - 0x00007ffff4e4a000 	C:\WINDOWS\SYSTEM32\IPHLPAPI.DLL
0x00007ffff89d0000 - 0x00007ffff89d8000 	C:\WINDOWS\System32\NSI.dll
0x00007fffeb780000 - 0x00007fffeb796000 	C:\WINDOWS\SYSTEM32\dhcpcsvc6.DLL
0x00007fffeb760000 - 0x00007fffeb77c000 	C:\WINDOWS\SYSTEM32\dhcpcsvc.DLL
0x00007ffff4ea0000 - 0x00007ffff4f6a000 	C:\WINDOWS\SYSTEM32\DNSAPI.dll

dbghelp: loaded successfully - version: 4.0.5 - missing functions: none
symbol engine: initialized successfully - sym options: 0x614 - pdb path: .;C:\Program Files\JetBrains\IntelliJ IDEA Educational Edition 2019.3\jbr\bin;C:\WINDOWS\SYSTEM32;C:\WINDOWS\WinSxS\amd64_microsoft.windows.common-controls_6595b64144ccf1df_6.0.18362.657_none_e6c5b579130e3898;C:\Program Files\JetBrains\IntelliJ IDEA Educational Edition 2019.3\jbr\bin\server;C:\Users\User\.gradle\native\29\windows-amd64

VM Arguments:
jvm_args: --add-opens=java.base/java.util=ALL-UNNAMED --add-opens=java.base/java.lang=ALL-UNNAMED --add-opens=java.base/java.lang.invoke=ALL-UNNAMED --add-opens=java.prefs/java.util.prefs=ALL-UNNAMED -XX:MaxMetaspaceSize=256m -XX:+HeapDumpOnOutOfMemoryError -Xms256m -Xmx512m -Dfile.encoding=windows-1252 -Duser.country=MY -Duser.language=en -Duser.variant 
java_command: org.gradle.launcher.daemon.bootstrap.GradleDaemon 5.5.1
java_class_path (initial): C:\Users\User\.gradle\wrapper\dists\gradle-5.5.1-all\8yl0syll3fr5m1v472nzznadi\gradle-5.5.1\lib\gradle-launcher-5.5.1.jar
Launcher Type: SUN_STANDARD

[Global flags]
     intx CICompilerCount                          = 4                                         {product} {ergonomic}
   size_t CompressedClassSpaceSize                 = 260046848                                 {product} {ergonomic}
     uint ConcGCThreads                            = 2                                         {product} {ergonomic}
     uint G1ConcRefinementThreads                  = 8                                         {product} {ergonomic}
   size_t G1HeapRegionSize                         = 1048576                                   {product} {ergonomic}
    uintx GCDrainStackTargetSize                   = 64                                        {product} {ergonomic}
     bool HeapDumpOnOutOfMemoryError               = true                                   {manageable} {command line}
   size_t InitialHeapSize                          = 268435456                                 {product} {command line}
   size_t MarkStackSize                            = 4194304                                   {product} {ergonomic}
   size_t MaxHeapSize                              = 536870912                                 {product} {command line}
   size_t MaxMetaspaceSize                         = 268435456                                 {product} {command line}
   size_t MaxNewSize                               = 321912832                                 {product} {ergonomic}
   size_t MinHeapDeltaBytes                        = 1048576                                   {product} {ergonomic}
    uintx NonNMethodCodeHeapSize                   = 5835340                                {pd product} {ergonomic}
    uintx NonProfiledCodeHeapSize                  = 122911450                              {pd product} {ergonomic}
    uintx ProfiledCodeHeapSize                     = 122911450                              {pd product} {ergonomic}
    uintx ReservedCodeCacheSize                    = 251658240                              {pd product} {ergonomic}
     bool SegmentedCodeCache                       = true                                      {product} {ergonomic}
     bool UseCompressedClassPointers               = true                                 {lp64_product} {ergonomic}
     bool UseCompressedOops                        = true                                 {lp64_product} {ergonomic}
     bool UseG1GC                                  = true                                      {product} {ergonomic}
     bool UseLargePagesIndividualAllocation        = false                                  {pd product} {ergonomic}

Logging:
Log output configuration:
 #0: stdout all=warning uptime,level,tags
 #1: stderr all=off uptime,level,tags

Environment Variables:
PATH=C:\Program Files (x86)\Common Files\Oracle\Java\javapath;C:\Windows\system32;C:\Windows;C:\Windows\System32\Wbem;C:\Windows\System32\WindowsPowerShell\v1.0\;C:\Windows\System32\OpenSSH\;C:\Program Files (x86)\NVIDIA Corporation\PhysX\Common;C:\Program Files\NVIDIA Corporation\NVIDIA NvDLISR;C:\WINDOWS\system32;C:\WINDOWS;C:\WINDOWS\System32\Wbem;C:\WINDOWS\System32\WindowsPowerShell\v1.0\;C:\WINDOWS\System32\OpenSSH\;C:\Program Files\Git\cmd;C:\Users\User\AppData\Local\Microsoft\WindowsApps;C:\Users\User\AppData\Local\GitHubDesktop\bin
USERNAME=User
OS=Windows_NT
PROCESSOR_IDENTIFIER=Intel64 Family 6 Model 126 Stepping 5, GenuineIntel



---------------  S Y S T E M  ---------------

OS: Windows 10 , 64 bit Build 18362 (10.0.18362.329)

CPU:total 8 (initial active 8) (4 cores per cpu, 2 threads per core) family 6 model 126 stepping 5, cmov, cx8, fxsr, mmx, sse, sse2, sse3, ssse3, sse4.1, sse4.2, popcnt, avx, avx2, aes, clmul, erms, 3dnowpref, lzcnt, ht, tsc, tscinvbit, bmi1, bmi2, adx, evex, sha, fma

Memory: 4k page, system-wide physical 7963M (310M free)
TotalPageFile size 32539M (AvailPageFile size 2M)
current process WorkingSet (physical memory assigned to process): 59M, peak: 354M
current process commit charge ("private bytes"): 447M, peak: 485M

vm_info: OpenJDK 64-Bit Server VM (11.0.4+10-b520.11) for windows-amd64 JRE (11.0.4+10-b520.11), built on Nov 16 2019 04:35:14 by "" with MS VC++ 14.0 (VS2015)

END.
